2023-11-22 01:01:19,569 [INFO] UtilMem:75 - End SaveConfig() Used Memory: 193371224 Bytes (570425344)
2023-11-22 01:01:20,503 [INFO] UtilMem:75 - End SaveConfig() Used Memory: 209099864 Bytes (570425344)
2023-11-22 01:01:20,632 [INFO] UtilMem:75 - End SaveConfig() Used Memory: 225877080 Bytes (570425344)
2023-11-22 01:01:21,147 [INFO] BlockDiagram:2759 - set Specific Code input for plugin: NVIC
2023-11-22 01:01:21,148 [INFO] BlockDiagram:2759 - set Specific Code input for plugin: USART
2023-11-22 01:01:21,148 [INFO] BlockDiagram:2759 - set Specific Code input for plugin: SYS
2023-11-22 01:01:21,148 [INFO] BlockDiagram:2759 - set Specific Code input for plugin: GPIO
2023-11-22 01:01:21,148 [INFO] BlockDiagram:2759 - set Specific Code input for plugin: RCC
2023-11-22 01:01:21,149 [INFO] CodeGenerator:799 - code generatio: config db path: D:\DH\STM32\STM32CubeIDE_1.13.2\STM32CubeIDE\plugins\com.st.stm32cube.common.mx_6.9.2.202309101412\\db\
2023-11-22 01:01:21,302 [INFO] CodeEngine:255 - oldGeneratedFile, D:\DH\Lumi\PID Example - Temperutur Control with PWM (c version) (2)\PID Example - Temperutur Control with PWM\MXTmpFiles\license.tmp_save
2023-11-22 01:01:21,605 [INFO] CodeEngine:279 - Generated code: D:\DH\Lumi\PID Example - Temperutur Control with PWM (c version) (2)\PID Example - Temperutur Control with PWM\MXTmpFiles\license.tmp
2023-11-22 01:01:21,780 [INFO] CodeEngine:255 - oldGeneratedFile, D:\DH\Lumi\PID Example - Temperutur Control with PWM (c version) (2)\PID Example - Temperutur Control with PWM\Core\Src\gpio.c_save
2023-11-22 01:01:21,973 [INFO] CodeEngine:279 - Generated code: D:\DH\Lumi\PID Example - Temperutur Control with PWM (c version) (2)\PID Example - Temperutur Control with PWM\Core\Src\gpio.c
2023-11-22 01:01:22,001 [INFO] CodeEngine:255 - oldGeneratedFile, D:\DH\Lumi\PID Example - Temperutur Control with PWM (c version) (2)\PID Example - Temperutur Control with PWM\Core\Inc\gpio.h_save
2023-11-22 01:01:22,146 [INFO] CodeEngine:279 - Generated code: D:\DH\Lumi\PID Example - Temperutur Control with PWM (c version) (2)\PID Example - Temperutur Control with PWM\Core\Inc\gpio.h
2023-11-22 01:01:22,268 [INFO] CodeEngine:255 - oldGeneratedFile, D:\DH\Lumi\PID Example - Temperutur Control with PWM (c version) (2)\PID Example - Temperutur Control with PWM\Core\Src\usart.c_save
2023-11-22 01:01:22,420 [INFO] CodeEngine:279 - Generated code: D:\DH\Lumi\PID Example - Temperutur Control with PWM (c version) (2)\PID Example - Temperutur Control with PWM\Core\Src\usart.c
2023-11-22 01:01:22,432 [INFO] CodeEngine:255 - oldGeneratedFile, D:\DH\Lumi\PID Example - Temperutur Control with PWM (c version) (2)\PID Example - Temperutur Control with PWM\Core\Inc\usart.h_save
2023-11-22 01:01:22,496 [INFO] CodeEngine:279 - Generated code: D:\DH\Lumi\PID Example - Temperutur Control with PWM (c version) (2)\PID Example - Temperutur Control with PWM\Core\Inc\usart.h
2023-11-22 01:01:22,516 [INFO] CodeEngine:255 - oldGeneratedFile, D:\DH\Lumi\PID Example - Temperutur Control with PWM (c version) (2)\PID Example - Temperutur Control with PWM\Core\Src\stm32f1xx_it.c_save
2023-11-22 01:01:22,659 [INFO] CodeEngine:279 - Generated code: D:\DH\Lumi\PID Example - Temperutur Control with PWM (c version) (2)\PID Example - Temperutur Control with PWM\Core\Src\stm32f1xx_it.c
2023-11-22 01:01:22,683 [INFO] CodeEngine:255 - oldGeneratedFile, D:\DH\Lumi\PID Example - Temperutur Control with PWM (c version) (2)\PID Example - Temperutur Control with PWM\Core\Inc\stm32f1xx_it.h_save
2023-11-22 01:01:22,761 [INFO] CodeEngine:279 - Generated code: D:\DH\Lumi\PID Example - Temperutur Control with PWM (c version) (2)\PID Example - Temperutur Control with PWM\Core\Inc\stm32f1xx_it.h
2023-11-22 01:01:22,797 [INFO] CodeEngine:255 - oldGeneratedFile, D:\DH\Lumi\PID Example - Temperutur Control with PWM (c version) (2)\PID Example - Temperutur Control with PWM\Core\Src\stm32f1xx_hal_msp.c_save
2023-11-22 01:01:22,894 [INFO] CodeEngine:279 - Generated code: D:\DH\Lumi\PID Example - Temperutur Control with PWM (c version) (2)\PID Example - Temperutur Control with PWM\Core\Src\stm32f1xx_hal_msp.c
2023-11-22 01:01:22,906 [INFO] CodeEngine:255 - oldGeneratedFile, D:\DH\Lumi\PID Example - Temperutur Control with PWM (c version) (2)\PID Example - Temperutur Control with PWM\MXTmpFiles\system.tmp_save
2023-11-22 01:01:22,959 [INFO] CodeEngine:279 - Generated code: D:\DH\Lumi\PID Example - Temperutur Control with PWM (c version) (2)\PID Example - Temperutur Control with PWM\MXTmpFiles\system.tmp
2023-11-22 01:01:22,978 [INFO] CodeEngine:311 - oldGeneratedFile, D:\DH\Lumi\PID Example - Temperutur Control with PWM (c version) (2)\PID Example - Temperutur Control with PWM\Core\Inc\stm32f1xx_hal_conf.h_save
2023-11-22 01:01:23,080 [INFO] CodeEngine:335 - Generated code: D:\DH\Lumi\PID Example - Temperutur Control with PWM (c version) (2)\PID Example - Temperutur Control with PWM\Core\Inc\stm32f1xx_hal_conf.h
2023-11-22 01:01:23,144 [INFO] CodeEngine:255 - oldGeneratedFile, D:\DH\Lumi\PID Example - Temperutur Control with PWM (c version) (2)\PID Example - Temperutur Control with PWM\Core\Inc\main.h_save
2023-11-22 01:01:23,260 [INFO] CodeEngine:279 - Generated code: D:\DH\Lumi\PID Example - Temperutur Control with PWM (c version) (2)\PID Example - Temperutur Control with PWM\Core\Inc\main.h
2023-11-22 01:01:23,288 [INFO] CodeEngine:255 - oldGeneratedFile, D:\DH\Lumi\PID Example - Temperutur Control with PWM (c version) (2)\PID Example - Temperutur Control with PWM\Core\Src\main.c_save
2023-11-22 01:01:23,444 [INFO] CodeEngine:279 - Generated code: D:\DH\Lumi\PID Example - Temperutur Control with PWM (c version) (2)\PID Example - Temperutur Control with PWM\Core\Src\main.c
2023-11-22 01:01:23,882 [INFO] ProjectBuilder:3064 - Time for Copy HAL[1] : 114mS.
2023-11-22 01:01:23,887 [INFO] ProjectBuilder:4404 - Project Generator version: 4.1.0
2023-11-22 01:01:24,137 [INFO] ConfigFileManager:1457 - The Die is : DIE410
2023-11-22 01:01:24,171 [INFO] ApiDbMcu:507 - Load IP Config File for FATFS
2023-11-22 01:01:24,187 [INFO] ApiDbMcu:507 - Load IP Config File for FREERTOS
2023-11-22 01:01:24,205 [INFO] ApiDbMcu:507 - Load IP Config File for USB_DEVICE
