2023-11-22 01:01:25,013 [INFO] LogOutputStream:77 - [STDOUT_REDIRECT] 
2023-11-22 01:01:26,716 [INFO] ProjectBuilder:4626 - Time for Generating toolchain IDE Files: 2829mS.
2023-11-22 01:01:26,717 [INFO] ProjectBuilder:2935 - Time for Copy CMSIS : 1mS.
2023-11-22 01:01:26,719 [INFO] ProjectBuilder:2935 - Time for Copy CMSIS : 0mS.
2023-11-22 01:01:31,981 [INFO] WebApp:330 - JxBrowser engine has been closed 
2023-11-22 01:01:32,239 [ERROR] LogOutputStream:75 - [STDERR_REDIRECT] 
2023-11-22 08:06:44,764 [INFO] Activator:176 - 


2023-11-22 08:06:44,766 [INFO] Activator:177 - !SESSION log4j initialized
2023-11-22 08:06:51,535 [INFO] LogOutputStream:77 - [STDOUT_REDIRECT] 
2023-11-22 08:06:57,953 [INFO] ApplicationProperties:184 - Using Application install path: D:\DH\STM32\STM32CubeIDE_1.13.2\STM32CubeIDE\plugins\com.st.stm32cube.common.mx_6.9.2.202309101412
2023-11-22 08:06:57,973 [INFO] DbMcusXml:78 - Set database path to: D:\DH\STM32\STM32CubeIDE_1.13.2\STM32CubeIDE\plugins\com.st.stm32cube.common.mx_6.9.2.202309101412\\db\/mcu/
2023-11-22 08:06:57,973 [INFO] ApiDb:274 - Set plugin database path to: D:\DH\STM32\STM32CubeIDE_1.13.2\STM32CubeIDE\plugins\com.st.stm32cube.common.mx_6.9.2.202309101412\\db\/plugins/boardmanager/
2023-11-22 08:06:57,973 [WARN] ApiDb:259 - Overriding images path with different value:  => D:\DH\STM32\STM32CubeIDE_1.13.2\STM32CubeIDE\plugins\com.st.stm32cube.common.mx_6.9.2.202309101412\\db\/plugins/mcufinder/images/
2023-11-22 08:06:57,987 [INFO] ApiDb:250 - Set database path to: C:\Users\PC\.stmcufinder\plugins\mcufinder//mcu/
2023-11-22 08:06:57,987 [INFO] DbMcusAds:125 - Set database path to: C:\Users\PC\.stmcufinder\plugins\mcufinder//mcu/
2023-11-22 08:06:57,989 [INFO] CrossReferenceDbSqlite:203 - Set database path to: C:\Users\PC\.stmcufinder\plugins\mcufinder//mcu/cs/
2023-11-22 08:06:58,078 [INFO] RulesReader:64 - Compatibility file has been processed (293 Rules)
2023-11-22 08:06:58,148 [INFO] DbMcusXml:78 - Set database path to: D:\DH\STM32\STM32CubeIDE_1.13.2\STM32CubeIDE\plugins\com.st.stm32cube.common.mx_6.9.2.202309101412\\db\/mcu/
2023-11-22 08:06:58,148 [INFO] ApiDb:274 - Set plugin database path to: D:\DH\STM32\STM32CubeIDE_1.13.2\STM32CubeIDE\plugins\com.st.stm32cube.common.mx_6.9.2.202309101412\\db\/plugins/boardmanager/
2023-11-22 08:06:58,149 [INFO] ApiDb:261 - Set plugin images path to: D:\DH\STM32\STM32CubeIDE_1.13.2\STM32CubeIDE\plugins\com.st.stm32cube.common.mx_6.9.2.202309101412\\db\/plugins/mcufinder/images/
2023-11-22 08:06:58,149 [WARN] DbFile:41 - Overriding database path with different value: C:\Users\PC\.stmcufinder\plugins\mcufinder/ => C:\Users\PC\.stmcufinder\plugins\mcufinder
2023-11-22 08:06:58,149 [INFO] ApiDb:250 - Set database path to: C:\Users\PC\.stmcufinder\plugins\mcufinder//mcu/
2023-11-22 08:06:58,149 [WARN] DbFile:41 - Overriding database path with different value: C:\Users\PC\.stmcufinder\plugins\mcufinder/ => C:\Users\PC\.stmcufinder\plugins\mcufinder
2023-11-22 08:06:58,149 [INFO] DbMcusAds:125 - Set database path to: C:\Users\PC\.stmcufinder\plugins\mcufinder//mcu/
2023-11-22 08:06:58,149 [WARN] DbFile:41 - Overriding database path with different value: C:\Users\PC\.stmcufinder\plugins\mcufinder/ => C:\Users\PC\.stmcufinder\plugins\mcufinder
2023-11-22 08:06:58,149 [WARN] DbFile:41 - Overriding database path with different value: C:\Users\PC\.stmcufinder\plugins\mcufinder/ => C:\Users\PC\.stmcufinder\plugins\mcufinder
2023-11-22 08:06:58,149 [INFO] CrossReferenceDbSqlite:203 - Set database path to: C:\Users\PC\.stmcufinder\plugins\mcufinder//mcu/cs/
2023-11-22 08:06:58,217 [INFO] MainPanel:262 - HeapMemory: 268435456
2023-11-22 08:06:58,307 [INFO] DbMcusXml:78 - Set database path to: D:\DH\STM32\STM32CubeIDE_1.13.2\STM32CubeIDE\plugins\com.st.stm32cube.common.mx_6.9.2.202309101412\\db\/mcu/
2023-11-22 08:06:58,307 [INFO] ApiDb:274 - Set plugin database path to: D:\DH\STM32\STM32CubeIDE_1.13.2\STM32CubeIDE\plugins\com.st.stm32cube.common.mx_6.9.2.202309101412\\db\/plugins/boardmanager/
2023-11-22 08:06:58,307 [INFO] ApiDb:261 - Set plugin images path to: D:\DH\STM32\STM32CubeIDE_1.13.2\STM32CubeIDE\plugins\com.st.stm32cube.common.mx_6.9.2.202309101412\\db\/plugins/mcufinder/images/
2023-11-22 08:06:58,308 [WARN] DbFile:41 - Overriding database path with different value: C:\Users\PC\.stmcufinder\plugins\mcufinder/ => C:\Users\PC\.stmcufinder\plugins\mcufinder
2023-11-22 08:06:58,308 [INFO] ApiDb:250 - Set database path to: C:\Users\PC\.stmcufinder\plugins\mcufinder//mcu/
2023-11-22 08:06:58,308 [WARN] DbFile:41 - Overriding database path with different value: C:\Users\PC\.stmcufinder\plugins\mcufinder/ => C:\Users\PC\.stmcufinder\plugins\mcufinder
2023-11-22 08:06:58,308 [INFO] DbMcusAds:125 - Set database path to: C:\Users\PC\.stmcufinder\plugins\mcufinder//mcu/
2023-11-22 08:06:58,308 [WARN] DbFile:41 - Overriding database path with different value: C:\Users\PC\.stmcufinder\plugins\mcufinder/ => C:\Users\PC\.stmcufinder\plugins\mcufinder
2023-11-22 08:06:58,308 [WARN] DbFile:41 - Overriding database path with different value: C:\Users\PC\.stmcufinder\plugins\mcufinder/ => C:\Users\PC\.stmcufinder\plugins\mcufinder
2023-11-22 08:06:58,308 [INFO] CrossReferenceDbSqlite:203 - Set database path to: C:\Users\PC\.stmcufinder\plugins\mcufinder//mcu/cs/
2023-11-22 08:06:58,325 [INFO] ApplicationProperties:184 - Using Application install path: D:\DH\STM32\STM32CubeIDE_1.13.2\STM32CubeIDE\plugins\com.st.stm32cube.common.mx_6.9.2.202309101412
2023-11-22 08:06:58,326 [INFO] PluginManage:196 - Search for loadable plugins [exclusion list=, ]
2023-11-22 08:06:58,327 [INFO] PluginManage:310 - Check plugin analytics
2023-11-22 08:07:04,354 [INFO] AnalyticsPlugin:253 - Accepted Software Licenses: STM32CubeMX.6.9.2
2023-11-22 08:07:04,355 [INFO] AnalyticsPlugin:255 - Accepted CMSIS Pack Licenses: 
2023-11-22 08:07:04,355 [INFO] AnalyticsPlugin:257 - Accepted Firmware Licenses: 
2023-11-22 08:07:04,358 [INFO] PluginManage:359 - Loaded plugin analytics (category:tool,tabindex:-1)
2023-11-22 08:07:04,359 [INFO] PluginManage:310 - Check plugin cadmodel
2023-11-22 08:07:04,375 [INFO] CADModel:105 - Init CAD model plugin
2023-11-22 08:07:04,375 [INFO] PluginManage:359 - Loaded plugin cadmodel (category:power,tabindex:5)
2023-11-22 08:07:04,375 [INFO] PluginManage:310 - Check plugin clock
2023-11-22 08:07:04,391 [INFO] PluginManage:359 - Loaded plugin clock (category:base,tabindex:2)
2023-11-22 08:07:04,391 [INFO] PluginManage:310 - Check plugin ddr
2023-11-22 08:07:04,394 [INFO] PluginManage:359 - Loaded plugin ddr (category:tool,tabindex:6)
2023-11-22 08:07:04,394 [INFO] PluginManage:310 - Check plugin filemanager
2023-11-22 08:07:04,636 [INFO] PluginManage:359 - Loaded plugin filemanager (category:base,tabindex:10)
2023-11-22 08:07:04,636 [INFO] PluginManage:310 - Check plugin ipmanager
2023-11-22 08:07:04,643 [INFO] PluginManage:359 - Loaded plugin ipmanager (category:base,tabindex:5)
2023-11-22 08:07:04,643 [INFO] PluginManage:310 - Check plugin lpbam
2023-11-22 08:07:04,662 [INFO] PluginManage:359 - Loaded plugin lpbam (category:base,tabindex:0)
2023-11-22 08:07:04,662 [INFO] PluginManage:310 - Check plugin memorymap
2023-11-22 08:07:04,692 [INFO] PluginManage:359 - Loaded plugin memorymap (category:base,tabindex:4)
2023-11-22 08:07:04,693 [INFO] PluginManage:310 - Check plugin pinoutandconfiguration
2023-11-22 08:07:04,712 [INFO] PluginManage:359 - Loaded plugin pinoutandconfiguration (category:base,tabindex:1)
2023-11-22 08:07:04,712 [INFO] PluginManage:310 - Check plugin pinoutconfig
2023-11-22 08:07:04,849 [WARN] SupportedApi:132 - Cannot load RTOS API schema: s4s-elt-must-match.1: The content of 'definitions' must match (annotation?, (simpleType | complexType)?, (unique | key | keyref)*)). A problem was found starting at: attribute.
2023-11-22 08:07:04,997 [INFO] PluginManage:359 - Loaded plugin pinoutconfig (category:base,tabindex:0)
2023-11-22 08:07:04,997 [INFO] PluginManage:310 - Check plugin power
2023-11-22 08:07:05,022 [INFO] PluginManage:359 - Loaded plugin power (category:power,tabindex:4)
2023-11-22 08:07:05,022 [INFO] PluginManage:310 - Check plugin projectmanager
2023-11-22 08:07:05,042 [INFO] PluginManage:359 - Loaded plugin projectmanager (category:projectmanager,tabindex:3)
2023-11-22 08:07:05,042 [INFO] PluginManage:310 - Check plugin thirdparty
2023-11-22 08:07:05,416 [INFO] PluginManage:359 - Loaded plugin thirdparty (category:base,tabindex:-1)
2023-11-22 08:07:05,416 [WARN] IntegrityCheckThread:84 - waiting for thirdparty lock release [integrity check]
2023-11-22 08:07:05,416 [INFO] PluginManage:310 - Check plugin tools
2023-11-22 08:07:05,416 [INFO] IntegrityCheckThread:86 - entering critical section [integrity check]
2023-11-22 08:07:05,417 [INFO] ThirdPartyUpdaterWithRetryManager:70 - Updater plugin not ready yet. [1/15]
2023-11-22 08:07:05,477 [INFO] PluginManage:359 - Loaded plugin tools (category:base,tabindex:7)
2023-11-22 08:07:05,478 [INFO] PluginManage:310 - Check plugin tutovideos
2023-11-22 08:07:05,729 [INFO] PluginManage:359 - Loaded plugin tutovideos (category:base,tabindex:-1)
2023-11-22 08:07:05,729 [INFO] PluginManage:310 - Check plugin updater
2023-11-22 08:07:05,743 [INFO] PluginManage:359 - Loaded plugin updater (category:base,tabindex:12)
2023-11-22 08:07:05,744 [INFO] PluginManage:310 - Check plugin userauth
2023-11-22 08:07:05,749 [INFO] UserAuth:113 - Init User Auth plugin
2023-11-22 08:07:05,750 [INFO] PluginManage:359 - Loaded plugin userauth (category:base,tabindex:14)
2023-11-22 08:07:05,750 [INFO] PluginManage:283 - PluginManage : Loaded plugins [17]
2023-11-22 08:07:05,991 [INFO] PinOutPanel:1499 - setPackage(No Configuration,No Configuration)
2023-11-22 08:07:06,173 [INFO] CADModel:165 - CPN selected for project level
2023-11-22 08:07:06,173 [INFO] CADModel:114 - Register for checkConnection events
2023-11-22 08:07:06,203 [INFO] IPUIPlugin:80 - create IPUIPlugin
2023-11-22 08:07:06,204 [INFO] PluginManager:220 - loadIPPluginJar : add adc
2023-11-22 08:07:06,246 [INFO] IPUIPlugin:80 - create IPUIPlugin
2023-11-22 08:07:06,246 [INFO] PluginManager:220 - loadIPPluginJar : add aes
2023-11-22 08:07:06,310 [INFO] IPUIPlugin:80 - create IPUIPlugin
2023-11-22 08:07:06,311 [INFO] PluginManager:220 - loadIPPluginJar : add can
2023-11-22 08:07:06,339 [INFO] IPUIPlugin:80 - create IPUIPlugin
2023-11-22 08:07:06,340 [INFO] PluginManager:220 - loadIPPluginJar : add comp
2023-11-22 08:07:06,392 [INFO] IPUIPlugin:80 - create IPUIPlugin
2023-11-22 08:07:06,392 [INFO] PluginManager:220 - loadIPPluginJar : add cryp
2023-11-22 08:07:06,415 [INFO] IPUIPlugin:80 - create IPUIPlugin
2023-11-22 08:07:06,415 [INFO] PluginManager:220 - loadIPPluginJar : add dfsdm
2023-11-22 08:07:06,445 [INFO] IPUIPlugin:80 - create IPUIPlugin
2023-11-22 08:07:06,446 [INFO] PluginManager:220 - loadIPPluginJar : add dma
2023-11-22 08:07:06,513 [INFO] IPUIPlugin:80 - create IPUIPlugin
2023-11-22 08:07:06,513 [INFO] PluginManager:220 - loadIPPluginJar : add dma3
2023-11-22 08:07:06,533 [INFO] IPUIPlugin:80 - create IPUIPlugin
2023-11-22 08:07:06,534 [INFO] PluginManager:220 - loadIPPluginJar : add fatfs
2023-11-22 08:07:06,594 [INFO] IPUIPlugin:80 - create IPUIPlugin
2023-11-22 08:07:06,595 [INFO] PluginManager:220 - loadIPPluginJar : add fmc
2023-11-22 08:07:06,628 [INFO] IPUIPlugin:80 - create IPUIPlugin
2023-11-22 08:07:06,629 [INFO] PluginManager:220 - loadIPPluginJar : add freertos
2023-11-22 08:07:06,656 [INFO] IPUIPlugin:80 - create IPUIPlugin
2023-11-22 08:07:06,656 [INFO] PluginManager:220 - loadIPPluginJar : add genericplugin
2023-11-22 08:07:06,749 [INFO] IPUIPlugin:80 - create IPUIPlugin
2023-11-22 08:07:06,749 [INFO] PluginManager:220 - loadIPPluginJar : add gfxmmu
2023-11-22 08:07:06,932 [INFO] IPUIPlugin:80 - create IPUIPlugin
2023-11-22 08:07:06,933 [INFO] PluginManager:220 - loadIPPluginJar : add gic
2023-11-22 08:07:06,972 [INFO] IPUIPlugin:80 - create IPUIPlugin
2023-11-22 08:07:06,973 [INFO] PluginManager:220 - loadIPPluginJar : add gpio
2023-11-22 08:07:07,104 [INFO] IPUIPlugin:80 - create IPUIPlugin
2023-11-22 08:07:07,105 [INFO] PluginManager:220 - loadIPPluginJar : add gtzc
2023-11-22 08:07:07,174 [INFO] IPUIPlugin:80 - create IPUIPlugin
2023-11-22 08:07:07,174 [INFO] PluginManager:220 - loadIPPluginJar : add hash
2023-11-22 08:07:07,259 [INFO] IPUIPlugin:80 - create IPUIPlugin
2023-11-22 08:07:07,260 [INFO] PluginManager:220 - loadIPPluginJar : add i2c
2023-11-22 08:07:07,344 [INFO] IPUIPlugin:80 - create IPUIPlugin
2023-11-22 08:07:07,344 [INFO] PluginManager:220 - loadIPPluginJar : add i2s
2023-11-22 08:07:07,436 [INFO] IPUIPlugin:80 - create IPUIPlugin
2023-11-22 08:07:07,436 [INFO] PluginManager:220 - loadIPPluginJar : add i3c
2023-11-22 08:07:07,654 [INFO] IPUIPlugin:80 - create IPUIPlugin
2023-11-22 08:07:07,654 [INFO] PluginManager:220 - loadIPPluginJar : add ipddr
2023-11-22 08:07:07,796 [INFO] IPUIPlugin:80 - create IPUIPlugin
2023-11-22 08:07:07,796 [INFO] PluginManager:220 - loadIPPluginJar : add linkedlist
2023-11-22 08:07:07,831 [INFO] IPUIPlugin:80 - create IPUIPlugin
2023-11-22 08:07:07,831 [INFO] PluginManager:220 - loadIPPluginJar : add lorawan
2023-11-22 08:07:07,867 [INFO] IPUIPlugin:80 - create IPUIPlugin
2023-11-22 08:07:07,868 [INFO] PluginManager:220 - loadIPPluginJar : add ltdc
2023-11-22 08:07:07,885 [INFO] IPUIPlugin:80 - create IPUIPlugin
2023-11-22 08:07:07,885 [INFO] PluginManager:220 - loadIPPluginJar : add mdma
2023-11-22 08:07:07,894 [INFO] IPUIPlugin:80 - create IPUIPlugin
2023-11-22 08:07:07,894 [INFO] PluginManager:220 - loadIPPluginJar : add nvic
2023-11-22 08:07:07,929 [INFO] IPUIPlugin:80 - create IPUIPlugin
2023-11-22 08:07:07,929 [INFO] PluginManager:220 - loadIPPluginJar : add opamp
2023-11-22 08:07:07,983 [INFO] IPUIPlugin:80 - create IPUIPlugin
2023-11-22 08:07:07,983 [INFO] PluginManager:220 - loadIPPluginJar : add openamp
2023-11-22 08:07:08,060 [INFO] IPUIPlugin:80 - create IPUIPlugin
2023-11-22 08:07:08,060 [INFO] PluginManager:220 - loadIPPluginJar : add pdm2pcm
2023-11-22 08:07:08,081 [INFO] IPUIPlugin:80 - create IPUIPlugin
2023-11-22 08:07:08,087 [INFO] PluginManager:220 - loadIPPluginJar : add plateformsettings
2023-11-22 08:07:08,121 [INFO] IPUIPlugin:80 - create IPUIPlugin
2023-11-22 08:07:08,121 [INFO] PluginManager:220 - loadIPPluginJar : add quadspi
2023-11-22 08:07:08,131 [INFO] IPUIPlugin:80 - create IPUIPlugin
2023-11-22 08:07:08,131 [INFO] PluginManager:220 - loadIPPluginJar : add resmgrutility
2023-11-22 08:07:08,239 [INFO] IPUIPlugin:80 - create IPUIPlugin
2023-11-22 08:07:08,239 [INFO] PluginManager:220 - loadIPPluginJar : add sai
2023-11-22 08:07:08,354 [INFO] IPUIPlugin:80 - create IPUIPlugin
2023-11-22 08:07:08,355 [INFO] PluginManager:220 - loadIPPluginJar : add spi
2023-11-22 08:07:08,428 [INFO] ThirdPartyUpdaterWithRetryManager:70 - Updater plugin not ready yet. [2/15]
2023-11-22 08:07:08,505 [INFO] IPUIPlugin:80 - create IPUIPlugin
2023-11-22 08:07:08,505 [INFO] PluginManager:220 - loadIPPluginJar : add stm32_wpan
2023-11-22 08:07:08,528 [INFO] IPUIPlugin:80 - create IPUIPlugin
2023-11-22 08:07:08,528 [INFO] PluginManager:220 - loadIPPluginJar : add tim
2023-11-22 08:07:08,590 [INFO] IPUIPlugin:80 - create IPUIPlugin
2023-11-22 08:07:08,590 [INFO] PluginManager:220 - loadIPPluginJar : add touchsensing
2023-11-22 08:07:08,615 [INFO] IPUIPlugin:80 - create IPUIPlugin
2023-11-22 08:07:08,615 [INFO] PluginManager:220 - loadIPPluginJar : add tracer_emb
2023-11-22 08:07:08,650 [INFO] IPUIPlugin:80 - create IPUIPlugin
2023-11-22 08:07:08,650 [INFO] PluginManager:220 - loadIPPluginJar : add ts
2023-11-22 08:07:08,671 [INFO] IPUIPlugin:80 - create IPUIPlugin
2023-11-22 08:07:08,672 [INFO] PluginManager:220 - loadIPPluginJar : add tsc
2023-11-22 08:07:08,704 [INFO] IPUIPlugin:80 - create IPUIPlugin
2023-11-22 08:07:08,705 [INFO] PluginManager:220 - loadIPPluginJar : add ucpd
2023-11-22 08:07:08,764 [INFO] IPUIPlugin:80 - create IPUIPlugin
2023-11-22 08:07:08,764 [INFO] PluginManager:220 - loadIPPluginJar : add usart
2023-11-22 08:07:08,875 [INFO] IPUIPlugin:80 - create IPUIPlugin
2023-11-22 08:07:08,876 [INFO] PluginManager:220 - loadIPPluginJar : add usbx
2023-11-22 08:07:09,023 [INFO] CADModel:165 - CPN selected for project level
2023-11-22 08:07:09,023 [INFO] CADModel:114 - Register for checkConnection events
2023-11-22 08:07:09,024 [FATAL] Updater:308 - Updater called before beeing initialized
2023-11-22 08:07:09,024 [ERROR] CADModel:125 - Updater not yet initialized, retry later 
2023-11-22 08:07:09,169 [INFO] CADModel:165 - CPN selected for project level
2023-11-22 08:07:09,169 [INFO] CADModel:114 - Register for checkConnection events
2023-11-22 08:07:09,169 [FATAL] Updater:308 - Updater called before beeing initialized
2023-11-22 08:07:09,169 [ERROR] CADModel:125 - Updater not yet initialized, retry later 
2023-11-22 08:07:09,172 [FATAL] Updater:308 - Updater called before beeing initialized
2023-11-22 08:07:09,310 [FATAL] Updater:308 - Updater called before beeing initialized
2023-11-22 08:07:09,323 [INFO] DbMcusAds:53 - JSON generation date=Tue Mar 07 15:50:55 ICT 2023 (1678179055335)
2023-11-22 08:07:09,323 [FATAL] Updater:308 - Updater called before beeing initialized
2023-11-22 08:07:09,437 [WARN] DetailPanel:346 - Failed to get advertising image, set to default
2023-11-22 08:07:09,550 [FATAL] Updater:308 - Updater called before beeing initialized
2023-11-22 08:07:09,552 [FATAL] Updater:308 - Updater called before beeing initialized
2023-11-22 08:07:09,552 [FATAL] Updater:308 - Updater called before beeing initialized
2023-11-22 08:07:09,552 [WARN] DetailPanel:346 - Failed to get advertising image, set to default
2023-11-22 08:07:09,552 [FATAL] Updater:308 - Updater called before beeing initialized
2023-11-22 08:07:09,604 [ERROR] Updater:1120 - MainUpdater not yet initialized. External WinMGr cannot be set.
2023-11-22 08:07:09,613 [INFO] Updater:1056 - Updater Version found : 6.9.2
2023-11-22 08:07:09,632 [INFO] ApplicationProperties:184 - Using Application install path: D:\DH\STM32\STM32CubeIDE_1.13.2\STM32CubeIDE\plugins\com.st.stm32cube.common.mx_6.9.2.202309101412
2023-11-22 08:07:09,853 [INFO] MainUpdater:2868 - connection check result : 10
2023-11-22 08:07:09,854 [INFO] MainUpdater:285 - Updater Check For Update Now.
2023-11-22 08:07:09,854 [INFO] MicroXplorer:498 - Change Database Version : DB.6.0.92
2023-11-22 08:07:09,870 [INFO] McuFinderGlobals:63 - Set McuFinder mode to 2 (CubeIDE integrated)
2023-11-22 08:07:09,870 [INFO] UserAuth:179 - activating auth plugin
2023-11-22 08:07:09,873 [INFO] UserAuth:393 - Internet connection configuration mode: 1
2023-11-22 08:07:09,915 [INFO] JxBrowserEngine:151 - Initiate JxBrowser Engine with user profile folder
2023-11-22 08:07:10,104 [INFO] CheckServerUpdateThread:120 - End of CheckServer Thread
2023-11-22 08:07:11,647 [WARN] PackLoader:240 - Cannot read IP mode file for STMicroelectronics.X-CUBE-SMBUS.2.1.0
2023-11-22 08:07:11,695 [WARN] PackLoader:240 - Cannot read IP mode file for STMicroelectronics.X-CUBE-AZRTOS-F7.1.1.0
2023-11-22 08:07:11,721 [WARN] PackLoader:240 - Cannot read IP mode file for STMicroelectronics.FP-SNS-MOTENV1.4.3.2
2023-11-22 08:07:11,741 [WARN] PackLoader:240 - Cannot read IP mode file for STMicroelectronics.FP-SNS-FLIGHT1.5.0.2
2023-11-22 08:07:11,767 [WARN] PackLoader:240 - Cannot read IP mode file for STMicroelectronics.X-CUBE-DISPLAY.3.0.0
2023-11-22 08:07:11,792 [WARN] PackLoader:240 - Cannot read IP mode file for STMicroelectronics.X-CUBE-BLE1.7.0.0
2023-11-22 08:07:11,810 [WARN] PackLoader:240 - Cannot read IP mode file for emotas.I-CUBE-CANOPEN.1.3.0
2023-11-22 08:07:11,823 [WARN] PackLoader:240 - Cannot read IP mode file for STMicroelectronics.X-CUBE-TOUCHGFX.4.22.0
2023-11-22 08:07:11,833 [WARN] PackLoader:240 - Cannot read IP mode file for STMicroelectronics.X-CUBE-TOUCHGFX.4.22.1
2023-11-22 08:07:11,844 [WARN] PackLoader:240 - Cannot read IP mode file for STMicroelectronics.FP-SNS-SMARTAG2.1.2.0
2023-11-22 08:07:11,870 [INFO] LogOutputStream:77 - [STDOUT_REDIRECT] 1 : Invalid condition id : UX_CORESTACK_Condition cause : null
2023-11-22 08:07:11,871 [INFO] LogOutputStream:77 - [STDOUT_REDIRECT] 1 : Invalid condition id : UX_CORESTACK_Condition cause : null
2023-11-22 08:07:11,872 [INFO] LogOutputStream:77 - [STDOUT_REDIRECT] 1 : Invalid condition id : UX_CORESTACK_Condition cause : null
2023-11-22 08:07:11,873 [INFO] LogOutputStream:77 - [STDOUT_REDIRECT] 1 : Invalid condition id : UX_CORESTACK_Condition cause : null
2023-11-22 08:07:11,874 [INFO] LogOutputStream:77 - [STDOUT_REDIRECT] 1 : Invalid condition id : UX_CORESTACK_Condition cause : null
2023-11-22 08:07:11,878 [WARN] PackLoader:240 - Cannot read IP mode file for STMicroelectronics.X-CUBE-AZRTOS-WL.2.0.0
2023-11-22 08:07:11,894 [WARN] PackLoader:240 - Cannot read IP mode file for WES.I-CUBE-Cesium.1.3.0
2023-11-22 08:07:11,905 [WARN] PackLoader:240 - Cannot read IP mode file for STMicroelectronics.X-CUBE-BLE2.3.3.0
2023-11-22 08:07:11,918 [WARN] PackLoader:240 - Cannot read IP mode file for STMicroelectronics.X-CUBE-ALGOBUILD.1.3.0
2023-11-22 08:07:11,957 [WARN] PackLoader:240 - Cannot read IP mode file for STMicroelectronics.X-CUBE-AZRTOS-G0.1.1.0
2023-11-22 08:07:11,975 [WARN] PackLoader:240 - Cannot read IP mode file for STMicroelectronics.X-CUBE-NFC4.3.0.0
2023-11-22 08:07:11,994 [WARN] PackLoader:240 - Cannot read IP mode file for STMicroelectronics.X-CUBE-BLEMGR.3.0.0
2023-11-22 08:07:12,011 [WARN] PackLoader:240 - Cannot read IP mode file for STMicroelectronics.FP-ATR-SIGFOX1.3.2.0
2023-11-22 08:07:12,068 [WARN] PackLoader:240 - Cannot read IP mode file for SEGGER.I-CUBE-embOS.1.3.1
2023-11-22 08:07:12,177 [WARN] PackLoader:240 - Cannot read IP mode file for STMicroelectronics.X-CUBE-GNSS1.6.0.0
2023-11-22 08:07:12,235 [WARN] PackLoader:240 - Cannot read IP mode file for STMicroelectronics.X-CUBE-AZRTOS-F4.1.1.0
2023-11-22 08:07:12,268 [WARN] PackLoader:240 - Cannot read IP mode file for wolfSSL.I-CUBE-wolfSSL.5.6.3
2023-11-22 08:07:12,365 [WARN] PackLoader:240 - Cannot read IP mode file for STMicroelectronics.X-CUBE-AZRTOS-L5.2.0.0
2023-11-22 08:07:12,468 [WARN] PackLoader:240 - Cannot read IP mode file for STMicroelectronics.X-CUBE-MEMS1.9.6.0
2023-11-22 08:07:12,850 [WARN] PackLoader:240 - Cannot read IP mode file for STMicroelectronics.X-CUBE-EEPRMA1.4.2.0
2023-11-22 08:07:12,872 [WARN] PackLoader:240 - Cannot read IP mode file for ITTIA_DB.I-CUBE-ITTIADB.8.8.0
2023-11-22 08:07:12,916 [WARN] PackLoader:240 - Cannot read IP mode file for STMicroelectronics.X-CUBE-BLEMGR.2.0.0
2023-11-22 08:07:12,974 [WARN] ConditionMgr:438 - getConditionDescription Invalid condition id : UX DEVICE CLASS RTOS Condition cause : null
2023-11-22 08:07:12,974 [WARN] ConditionMgr:438 - getConditionDescription Invalid condition id : UX DEVICE CLASS RTOS Condition cause : null
2023-11-22 08:07:12,981 [WARN] PackLoader:240 - Cannot read IP mode file for STMicroelectronics.X-CUBE-AZRTOS-H7.3.1.0
2023-11-22 08:07:12,983 [WARN] ConditionMgr:1039 - genDependencies : Invalid condition id : UX DEVICE CLASS RTOS Condition cause : null
2023-11-22 08:07:12,983 [WARN] ConditionMgr:1039 - genDependencies : Invalid condition id : UX DEVICE CLASS RTOS Condition cause : null
2023-11-22 08:07:12,985 [WARN] ConditionMgr:1039 - genDependencies : Invalid condition id : UX DEVICE CLASS RTOS Condition cause : null
2023-11-22 08:07:12,985 [WARN] ConditionMgr:1039 - genDependencies : Invalid condition id : UX DEVICE CLASS RTOS Condition cause : null
2023-11-22 08:07:12,986 [WARN] ConditionMgr:1039 - genDependencies : Invalid condition id : UX DEVICE CLASS RTOS Condition cause : null
2023-11-22 08:07:13,005 [WARN] PackLoader:240 - Cannot read IP mode file for STMicroelectronics.X-CUBE-NFC7.1.0.1
2023-11-22 08:07:13,026 [WARN] PackLoader:240 - Cannot read IP mode file for STMicroelectronics.X-CUBE-NFC6.3.0.0
2023-11-22 08:07:13,046 [WARN] PackLoader:240 - Cannot read IP mode file for STMicroelectronics.X-CUBE-EEPRMA1.4.1.0
2023-11-22 08:07:13,063 [WARN] PackLoader:240 - Cannot read IP mode file for STMicroelectronics.X-CUBE-AI.8.1.0
2023-11-22 08:07:13,078 [INFO] WebApp:157 - Instantiating new browser for Auth
2023-11-22 08:07:13,114 [WARN] ConditionMgr:438 - getConditionDescription Invalid condition id : LAN8742 Phy interface Condition cause : null
2023-11-22 08:07:13,115 [WARN] PackLoader:240 - Cannot read IP mode file for STMicroelectronics.X-CUBE-AZRTOS-L4.2.0.0
2023-11-22 08:07:13,118 [WARN] ConditionMgr:1039 - genDependencies : Invalid condition id : LAN8742 Phy interface Condition cause : null
2023-11-22 08:07:13,118 [WARN] ConditionMgr:1039 - genDependencies : Invalid condition id : LAN8742 Phy interface Condition cause : null
2023-11-22 08:07:13,120 [WARN] ConditionMgr:1039 - genDependencies : Invalid condition id : LAN8742 Phy interface Condition cause : null
2023-11-22 08:07:13,145 [WARN] PackLoader:240 - Cannot read IP mode file for STMicroelectronics.X-CUBE-SFXS2LP1.4.0.0
2023-11-22 08:07:13,160 [WARN] PackLoader:240 - Cannot read IP mode file for STMicroelectronics.X-CUBE-ISPU.1.1.0
2023-11-22 08:07:13,192 [WARN] ConditionMgr:438 - getConditionDescription Invalid condition id : UX DEVICE CLASS RTOS Condition cause : null
2023-11-22 08:07:13,192 [WARN] ConditionMgr:438 - getConditionDescription Invalid condition id : UX DEVICE CLASS RTOS Condition cause : null
2023-11-22 08:07:13,200 [WARN] PackLoader:240 - Cannot read IP mode file for STMicroelectronics.X-CUBE-AZRTOS-WB.2.0.0
2023-11-22 08:07:13,201 [WARN] ConditionMgr:1039 - genDependencies : Invalid condition id : UX DEVICE CLASS RTOS Condition cause : null
2023-11-22 08:07:13,201 [WARN] ConditionMgr:1039 - genDependencies : Invalid condition id : UX DEVICE CLASS RTOS Condition cause : null
2023-11-22 08:07:13,202 [WARN] ConditionMgr:1039 - genDependencies : Invalid condition id : UX DEVICE CLASS RTOS Condition cause : null
2023-11-22 08:07:13,203 [WARN] ConditionMgr:1039 - genDependencies : Invalid condition id : UX DEVICE CLASS RTOS Condition cause : null
2023-11-22 08:07:13,203 [WARN] ConditionMgr:1039 - genDependencies : Invalid condition id : UX DEVICE CLASS RTOS Condition cause : null
2023-11-22 08:07:13,232 [WARN] PackLoader:240 - Cannot read IP mode file for STMicroelectronics.X-CUBE-SUBG2.5.0.0
2023-11-22 08:07:13,271 [WARN] PackLoader:240 - Cannot read IP mode file for STMicroelectronics.X-CUBE-TOF1.3.3.1
2023-11-22 08:07:13,330 [WARN] PackLoader:240 - Cannot read IP mode file for STMicroelectronics.X-CUBE-AZRTOS-G4.2.0.0
2023-11-22 08:07:13,379 [WARN] PackLoader:240 - Cannot read IP mode file for Infineon.AIROC-Wi-Fi-Bluetooth-STM32.1.5.1
2023-11-22 08:07:13,402 [WARN] PackLoader:240 - Cannot read IP mode file for STMicroelectronics.FP-SNS-MOTENVWB1.1.3.0
2023-11-22 08:07:13,490 [WARN] PackLoader:240 - Cannot read IP mode file for STMicroelectronics.X-CUBE-MEMS1.10.0.0
2023-11-22 08:07:13,721 [WARN] PackLoader:240 - Cannot read IP mode file for STMicroelectronics.X-CUBE-FREERTOS.1.1.0
2023-11-22 08:07:13,741 [WARN] PackLoader:240 - Cannot read IP mode file for portGmbH.I-Cube-SoM-uGOAL.1.1.0
2023-11-22 08:07:13,764 [WARN] PackLoader:240 - Cannot read IP mode file for STMicroelectronics.X-CUBE-ALS.1.0.1
2023-11-22 08:07:13,791 [WARN] PackLoader:240 - Cannot read IP mode file for STMicroelectronics.FP-ATR-ASTRA1.2.0.0
2023-11-22 08:07:13,792 [INFO] ThirdParty:978 - Integrity check success = true
2023-11-22 08:07:13,793 [INFO] IntegrityCheckThread:100 - exiting critical section [integrity check]
2023-11-22 08:07:13,793 [INFO] IntegrityCheckThread:103 - End integrity checks thread
2023-11-22 08:07:14,025 [INFO] WebApp:753 - Register for checkConnection events
2023-11-22 08:07:14,025 [INFO] WebApp:390 - Apply proxy settings
2023-11-22 08:07:14,025 [INFO] WebApp:475 - Chromium requires no authentication
2023-11-22 08:07:14,035 [INFO] WebApp:418 - Direct internet connection detected
2023-11-22 08:07:14,212 [INFO] WebApp:188 - Starting web application
2023-11-22 08:07:14,212 [INFO] WebApp:520 - Web application path used D:\DH\STM32\STM32CubeIDE_1.13.2\STM32CubeIDE\plugins\com.st.stm32cube.common.mx_6.9.2.202309101412\db\plugins\mcufinder\reactClient1\index.html
2023-11-22 08:07:35,223 [ERROR] LogOutputStream:75 - [STDERR_REDIRECT] SLF4J: Failed to load class "org.slf4j.impl.StaticLoggerBinder".
2023-11-22 08:07:35,223 [ERROR] LogOutputStream:75 - [STDERR_REDIRECT] SLF4J: Defaulting to no-operation (NOP) logger implementation
2023-11-22 08:07:35,224 [ERROR] LogOutputStream:75 - [STDERR_REDIRECT] SLF4J: See http://www.slf4j.org/codes.html#StaticLoggerBinder for further details.
2023-11-22 15:15:09,067 [ERROR] LogOutputStream:75 - [STDERR_REDIRECT] 
2023-11-22 15:15:40,893 [INFO] Activator:176 - 


2023-11-22 15:15:40,895 [INFO] Activator:177 - !SESSION log4j initialized
2023-11-22 15:15:47,297 [INFO] LogOutputStream:77 - [STDOUT_REDIRECT] 
2023-11-22 15:15:53,753 [INFO] ApplicationProperties:184 - Using Application install path: D:\DH\STM32\STM32CubeIDE_1.13.2\STM32CubeIDE\plugins\com.st.stm32cube.common.mx_6.9.2.202309101412
2023-11-22 15:15:53,769 [INFO] DbMcusXml:78 - Set database path to: D:\DH\STM32\STM32CubeIDE_1.13.2\STM32CubeIDE\plugins\com.st.stm32cube.common.mx_6.9.2.202309101412\\db\/mcu/
2023-11-22 15:15:53,769 [INFO] ApiDb:274 - Set plugin database path to: D:\DH\STM32\STM32CubeIDE_1.13.2\STM32CubeIDE\plugins\com.st.stm32cube.common.mx_6.9.2.202309101412\\db\/plugins/boardmanager/
2023-11-22 15:15:53,770 [WARN] ApiDb:259 - Overriding images path with different value:  => D:\DH\STM32\STM32CubeIDE_1.13.2\STM32CubeIDE\plugins\com.st.stm32cube.common.mx_6.9.2.202309101412\\db\/plugins/mcufinder/images/
2023-11-22 15:15:53,781 [INFO] ApiDb:250 - Set database path to: C:\Users\PC\.stmcufinder\plugins\mcufinder//mcu/
2023-11-22 15:15:53,783 [INFO] DbMcusAds:125 - Set database path to: C:\Users\PC\.stmcufinder\plugins\mcufinder//mcu/
2023-11-22 15:15:53,785 [INFO] CrossReferenceDbSqlite:203 - Set database path to: C:\Users\PC\.stmcufinder\plugins\mcufinder//mcu/cs/
2023-11-22 15:15:53,888 [INFO] RulesReader:64 - Compatibility file has been processed (293 Rules)
2023-11-22 15:15:53,959 [INFO] DbMcusXml:78 - Set database path to: D:\DH\STM32\STM32CubeIDE_1.13.2\STM32CubeIDE\plugins\com.st.stm32cube.common.mx_6.9.2.202309101412\\db\/mcu/
2023-11-22 15:15:53,959 [INFO] ApiDb:274 - Set plugin database path to: D:\DH\STM32\STM32CubeIDE_1.13.2\STM32CubeIDE\plugins\com.st.stm32cube.common.mx_6.9.2.202309101412\\db\/plugins/boardmanager/
2023-11-22 15:15:53,960 [INFO] ApiDb:261 - Set plugin images path to: D:\DH\STM32\STM32CubeIDE_1.13.2\STM32CubeIDE\plugins\com.st.stm32cube.common.mx_6.9.2.202309101412\\db\/plugins/mcufinder/images/
2023-11-22 15:15:53,960 [WARN] DbFile:41 - Overriding database path with different value: C:\Users\PC\.stmcufinder\plugins\mcufinder/ => C:\Users\PC\.stmcufinder\plugins\mcufinder
2023-11-22 15:15:53,960 [INFO] ApiDb:250 - Set database path to: C:\Users\PC\.stmcufinder\plugins\mcufinder//mcu/
2023-11-22 15:15:53,960 [WARN] DbFile:41 - Overriding database path with different value: C:\Users\PC\.stmcufinder\plugins\mcufinder/ => C:\Users\PC\.stmcufinder\plugins\mcufinder
2023-11-22 15:15:53,960 [INFO] DbMcusAds:125 - Set database path to: C:\Users\PC\.stmcufinder\plugins\mcufinder//mcu/
2023-11-22 15:15:53,961 [WARN] DbFile:41 - Overriding database path with different value: C:\Users\PC\.stmcufinder\plugins\mcufinder/ => C:\Users\PC\.stmcufinder\plugins\mcufinder
2023-11-22 15:15:53,961 [WARN] DbFile:41 - Overriding database path with different value: C:\Users\PC\.stmcufinder\plugins\mcufinder/ => C:\Users\PC\.stmcufinder\plugins\mcufinder
2023-11-22 15:15:53,961 [INFO] CrossReferenceDbSqlite:203 - Set database path to: C:\Users\PC\.stmcufinder\plugins\mcufinder//mcu/cs/
2023-11-22 15:15:54,032 [INFO] MainPanel:262 - HeapMemory: 268435456
2023-11-22 15:15:54,114 [INFO] DbMcusXml:78 - Set database path to: D:\DH\STM32\STM32CubeIDE_1.13.2\STM32CubeIDE\plugins\com.st.stm32cube.common.mx_6.9.2.202309101412\\db\/mcu/
2023-11-22 15:15:54,114 [INFO] ApiDb:274 - Set plugin database path to: D:\DH\STM32\STM32CubeIDE_1.13.2\STM32CubeIDE\plugins\com.st.stm32cube.common.mx_6.9.2.202309101412\\db\/plugins/boardmanager/
2023-11-22 15:15:54,114 [INFO] ApiDb:261 - Set plugin images path to: D:\DH\STM32\STM32CubeIDE_1.13.2\STM32CubeIDE\plugins\com.st.stm32cube.common.mx_6.9.2.202309101412\\db\/plugins/mcufinder/images/
2023-11-22 15:15:54,115 [WARN] DbFile:41 - Overriding database path with different value: C:\Users\PC\.stmcufinder\plugins\mcufinder/ => C:\Users\PC\.stmcufinder\plugins\mcufinder
2023-11-22 15:15:54,115 [INFO] ApiDb:250 - Set database path to: C:\Users\PC\.stmcufinder\plugins\mcufinder//mcu/
2023-11-22 15:15:54,115 [WARN] DbFile:41 - Overriding database path with different value: C:\Users\PC\.stmcufinder\plugins\mcufinder/ => C:\Users\PC\.stmcufinder\plugins\mcufinder
2023-11-22 15:15:54,115 [INFO] DbMcusAds:125 - Set database path to: C:\Users\PC\.stmcufinder\plugins\mcufinder//mcu/
2023-11-22 15:15:54,115 [WARN] DbFile:41 - Overriding database path with different value: C:\Users\PC\.stmcufinder\plugins\mcufinder/ => C:\Users\PC\.stmcufinder\plugins\mcufinder
2023-11-22 15:15:54,115 [WARN] DbFile:41 - Overriding database path with different value: C:\Users\PC\.stmcufinder\plugins\mcufinder/ => C:\Users\PC\.stmcufinder\plugins\mcufinder
2023-11-22 15:15:54,115 [INFO] CrossReferenceDbSqlite:203 - Set database path to: C:\Users\PC\.stmcufinder\plugins\mcufinder//mcu/cs/
2023-11-22 15:15:54,131 [INFO] ApplicationProperties:184 - Using Application install path: D:\DH\STM32\STM32CubeIDE_1.13.2\STM32CubeIDE\plugins\com.st.stm32cube.common.mx_6.9.2.202309101412
2023-11-22 15:15:54,132 [INFO] PluginManage:196 - Search for loadable plugins [exclusion list=, ]
2023-11-22 15:15:54,133 [INFO] PluginManage:310 - Check plugin analytics
2023-11-22 15:15:58,828 [INFO] AnalyticsPlugin:253 - Accepted Software Licenses: STM32CubeMX.6.9.2
2023-11-22 15:15:58,828 [INFO] AnalyticsPlugin:255 - Accepted CMSIS Pack Licenses: 
2023-11-22 15:15:58,828 [INFO] AnalyticsPlugin:257 - Accepted Firmware Licenses: 
2023-11-22 15:15:58,831 [INFO] PluginManage:359 - Loaded plugin analytics (category:tool,tabindex:-1)
2023-11-22 15:15:58,831 [INFO] PluginManage:310 - Check plugin cadmodel
2023-11-22 15:15:58,844 [INFO] CADModel:105 - Init CAD model plugin
2023-11-22 15:15:58,844 [INFO] PluginManage:359 - Loaded plugin cadmodel (category:power,tabindex:5)
2023-11-22 15:15:58,844 [INFO] PluginManage:310 - Check plugin clock
2023-11-22 15:15:58,856 [INFO] PluginManage:359 - Loaded plugin clock (category:base,tabindex:2)
2023-11-22 15:15:58,856 [INFO] PluginManage:310 - Check plugin ddr
2023-11-22 15:15:58,857 [INFO] PluginManage:359 - Loaded plugin ddr (category:tool,tabindex:6)
2023-11-22 15:15:58,857 [INFO] PluginManage:310 - Check plugin filemanager
2023-11-22 15:15:58,949 [INFO] PluginManage:359 - Loaded plugin filemanager (category:base,tabindex:10)
2023-11-22 15:15:58,949 [INFO] PluginManage:310 - Check plugin ipmanager
2023-11-22 15:15:58,954 [INFO] PluginManage:359 - Loaded plugin ipmanager (category:base,tabindex:5)
2023-11-22 15:15:58,954 [INFO] PluginManage:310 - Check plugin lpbam
2023-11-22 15:15:58,966 [INFO] PluginManage:359 - Loaded plugin lpbam (category:base,tabindex:0)
2023-11-22 15:15:58,967 [INFO] PluginManage:310 - Check plugin memorymap
2023-11-22 15:15:58,986 [INFO] PluginManage:359 - Loaded plugin memorymap (category:base,tabindex:4)
2023-11-22 15:15:58,986 [INFO] PluginManage:310 - Check plugin pinoutandconfiguration
2023-11-22 15:15:58,995 [INFO] PluginManage:359 - Loaded plugin pinoutandconfiguration (category:base,tabindex:1)
2023-11-22 15:15:58,995 [INFO] PluginManage:310 - Check plugin pinoutconfig
2023-11-22 15:15:59,059 [WARN] SupportedApi:132 - Cannot load RTOS API schema: s4s-elt-must-match.1: The content of 'definitions' must match (annotation?, (simpleType | complexType)?, (unique | key | keyref)*)). A problem was found starting at: attribute.
2023-11-22 15:15:59,155 [INFO] PluginManage:359 - Loaded plugin pinoutconfig (category:base,tabindex:0)
2023-11-22 15:15:59,155 [INFO] PluginManage:310 - Check plugin power
2023-11-22 15:15:59,171 [INFO] PluginManage:359 - Loaded plugin power (category:power,tabindex:4)
2023-11-22 15:15:59,171 [INFO] PluginManage:310 - Check plugin projectmanager
2023-11-22 15:15:59,184 [INFO] PluginManage:359 - Loaded plugin projectmanager (category:projectmanager,tabindex:3)
2023-11-22 15:15:59,184 [INFO] PluginManage:310 - Check plugin thirdparty
2023-11-22 15:15:59,328 [INFO] PluginManage:359 - Loaded plugin thirdparty (category:base,tabindex:-1)
2023-11-22 15:15:59,328 [WARN] IntegrityCheckThread:84 - waiting for thirdparty lock release [integrity check]
2023-11-22 15:15:59,328 [INFO] PluginManage:310 - Check plugin tools
2023-11-22 15:15:59,328 [INFO] IntegrityCheckThread:86 - entering critical section [integrity check]
2023-11-22 15:15:59,329 [INFO] ThirdPartyUpdaterWithRetryManager:70 - Updater plugin not ready yet. [1/15]
2023-11-22 15:15:59,358 [INFO] PluginManage:359 - Loaded plugin tools (category:base,tabindex:7)
2023-11-22 15:15:59,358 [INFO] PluginManage:310 - Check plugin tutovideos
2023-11-22 15:15:59,518 [INFO] PluginManage:359 - Loaded plugin tutovideos (category:base,tabindex:-1)
2023-11-22 15:15:59,518 [INFO] PluginManage:310 - Check plugin updater
2023-11-22 15:15:59,526 [INFO] PluginManage:359 - Loaded plugin updater (category:base,tabindex:12)
2023-11-22 15:15:59,526 [INFO] PluginManage:310 - Check plugin userauth
2023-11-22 15:15:59,531 [INFO] UserAuth:113 - Init User Auth plugin
2023-11-22 15:15:59,531 [INFO] PluginManage:359 - Loaded plugin userauth (category:base,tabindex:14)
2023-11-22 15:15:59,531 [INFO] PluginManage:283 - PluginManage : Loaded plugins [17]
2023-11-22 15:15:59,695 [INFO] PinOutPanel:1499 - setPackage(No Configuration,No Configuration)
2023-11-22 15:15:59,777 [INFO] CADModel:165 - CPN selected for project level
2023-11-22 15:15:59,778 [INFO] CADModel:114 - Register for checkConnection events
2023-11-22 15:15:59,797 [INFO] IPUIPlugin:80 - create IPUIPlugin
2023-11-22 15:15:59,798 [INFO] PluginManager:220 - loadIPPluginJar : add adc
2023-11-22 15:15:59,819 [INFO] IPUIPlugin:80 - create IPUIPlugin
2023-11-22 15:15:59,819 [INFO] PluginManager:220 - loadIPPluginJar : add aes
2023-11-22 15:15:59,844 [INFO] IPUIPlugin:80 - create IPUIPlugin
2023-11-22 15:15:59,844 [INFO] PluginManager:220 - loadIPPluginJar : add can
2023-11-22 15:15:59,857 [INFO] IPUIPlugin:80 - create IPUIPlugin
2023-11-22 15:15:59,857 [INFO] PluginManager:220 - loadIPPluginJar : add comp
2023-11-22 15:15:59,878 [INFO] IPUIPlugin:80 - create IPUIPlugin
2023-11-22 15:15:59,878 [INFO] PluginManager:220 - loadIPPluginJar : add cryp
2023-11-22 15:15:59,896 [INFO] IPUIPlugin:80 - create IPUIPlugin
2023-11-22 15:15:59,896 [INFO] PluginManager:220 - loadIPPluginJar : add dfsdm
2023-11-22 15:15:59,906 [INFO] IPUIPlugin:80 - create IPUIPlugin
2023-11-22 15:15:59,907 [INFO] PluginManager:220 - loadIPPluginJar : add dma
2023-11-22 15:15:59,932 [INFO] IPUIPlugin:80 - create IPUIPlugin
2023-11-22 15:15:59,932 [INFO] PluginManager:220 - loadIPPluginJar : add dma3
2023-11-22 15:15:59,943 [INFO] IPUIPlugin:80 - create IPUIPlugin
2023-11-22 15:15:59,943 [INFO] PluginManager:220 - loadIPPluginJar : add fatfs
2023-11-22 15:15:59,976 [INFO] IPUIPlugin:80 - create IPUIPlugin
2023-11-22 15:15:59,976 [INFO] PluginManager:220 - loadIPPluginJar : add fmc
2023-11-22 15:15:59,988 [INFO] IPUIPlugin:80 - create IPUIPlugin
2023-11-22 15:15:59,988 [INFO] PluginManager:220 - loadIPPluginJar : add freertos
2023-11-22 15:15:59,990 [INFO] IPUIPlugin:80 - create IPUIPlugin
2023-11-22 15:15:59,990 [INFO] PluginManager:220 - loadIPPluginJar : add genericplugin
2023-11-22 15:16:00,075 [INFO] IPUIPlugin:80 - create IPUIPlugin
2023-11-22 15:16:00,075 [INFO] PluginManager:220 - loadIPPluginJar : add gfxmmu
2023-11-22 15:16:00,168 [INFO] IPUIPlugin:80 - create IPUIPlugin
2023-11-22 15:16:00,168 [INFO] PluginManager:220 - loadIPPluginJar : add gic
2023-11-22 15:16:00,177 [INFO] IPUIPlugin:80 - create IPUIPlugin
2023-11-22 15:16:00,177 [INFO] PluginManager:220 - loadIPPluginJar : add gpio
2023-11-22 15:16:00,240 [INFO] IPUIPlugin:80 - create IPUIPlugin
2023-11-22 15:16:00,240 [INFO] PluginManager:220 - loadIPPluginJar : add gtzc
2023-11-22 15:16:00,243 [INFO] IPUIPlugin:80 - create IPUIPlugin
2023-11-22 15:16:00,243 [INFO] PluginManager:220 - loadIPPluginJar : add hash
2023-11-22 15:16:00,277 [INFO] IPUIPlugin:80 - create IPUIPlugin
2023-11-22 15:16:00,277 [INFO] PluginManager:220 - loadIPPluginJar : add i2c
2023-11-22 15:16:00,303 [INFO] IPUIPlugin:80 - create IPUIPlugin
2023-11-22 15:16:00,303 [INFO] PluginManager:220 - loadIPPluginJar : add i2s
2023-11-22 15:16:00,329 [INFO] IPUIPlugin:80 - create IPUIPlugin
2023-11-22 15:16:00,329 [INFO] PluginManager:220 - loadIPPluginJar : add i3c
2023-11-22 15:16:00,397 [INFO] IPUIPlugin:80 - create IPUIPlugin
2023-11-22 15:16:00,397 [INFO] PluginManager:220 - loadIPPluginJar : add ipddr
2023-11-22 15:16:00,460 [INFO] IPUIPlugin:80 - create IPUIPlugin
2023-11-22 15:16:00,460 [INFO] PluginManager:220 - loadIPPluginJar : add linkedlist
2023-11-22 15:16:00,462 [INFO] IPUIPlugin:80 - create IPUIPlugin
2023-11-22 15:16:00,462 [INFO] PluginManager:220 - loadIPPluginJar : add lorawan
2023-11-22 15:16:00,485 [INFO] IPUIPlugin:80 - create IPUIPlugin
2023-11-22 15:16:00,485 [INFO] PluginManager:220 - loadIPPluginJar : add ltdc
2023-11-22 15:16:00,494 [INFO] IPUIPlugin:80 - create IPUIPlugin
2023-11-22 15:16:00,495 [INFO] PluginManager:220 - loadIPPluginJar : add mdma
2023-11-22 15:16:00,503 [INFO] IPUIPlugin:80 - create IPUIPlugin
2023-11-22 15:16:00,503 [INFO] PluginManager:220 - loadIPPluginJar : add nvic
2023-11-22 15:16:00,525 [INFO] IPUIPlugin:80 - create IPUIPlugin
2023-11-22 15:16:00,526 [INFO] PluginManager:220 - loadIPPluginJar : add opamp
2023-11-22 15:16:00,564 [INFO] IPUIPlugin:80 - create IPUIPlugin
2023-11-22 15:16:00,564 [INFO] PluginManager:220 - loadIPPluginJar : add openamp
2023-11-22 15:16:00,594 [INFO] IPUIPlugin:80 - create IPUIPlugin
2023-11-22 15:16:00,594 [INFO] PluginManager:220 - loadIPPluginJar : add pdm2pcm
2023-11-22 15:16:00,603 [INFO] IPUIPlugin:80 - create IPUIPlugin
2023-11-22 15:16:00,605 [INFO] PluginManager:220 - loadIPPluginJar : add plateformsettings
2023-11-22 15:16:00,606 [INFO] IPUIPlugin:80 - create IPUIPlugin
2023-11-22 15:16:00,606 [INFO] PluginManager:220 - loadIPPluginJar : add quadspi
2023-11-22 15:16:00,613 [INFO] IPUIPlugin:80 - create IPUIPlugin
2023-11-22 15:16:00,613 [INFO] PluginManager:220 - loadIPPluginJar : add resmgrutility
2023-11-22 15:16:00,644 [INFO] IPUIPlugin:80 - create IPUIPlugin
2023-11-22 15:16:00,645 [INFO] PluginManager:220 - loadIPPluginJar : add sai
2023-11-22 15:16:00,667 [INFO] IPUIPlugin:80 - create IPUIPlugin
2023-11-22 15:16:00,667 [INFO] PluginManager:220 - loadIPPluginJar : add spi
2023-11-22 15:16:00,705 [INFO] IPUIPlugin:80 - create IPUIPlugin
2023-11-22 15:16:00,705 [INFO] PluginManager:220 - loadIPPluginJar : add stm32_wpan
2023-11-22 15:16:00,723 [INFO] IPUIPlugin:80 - create IPUIPlugin
2023-11-22 15:16:00,723 [INFO] PluginManager:220 - loadIPPluginJar : add tim
2023-11-22 15:16:00,769 [INFO] IPUIPlugin:80 - create IPUIPlugin
2023-11-22 15:16:00,769 [INFO] PluginManager:220 - loadIPPluginJar : add touchsensing
2023-11-22 15:16:00,771 [INFO] IPUIPlugin:80 - create IPUIPlugin
2023-11-22 15:16:00,771 [INFO] PluginManager:220 - loadIPPluginJar : add tracer_emb
2023-11-22 15:16:00,791 [INFO] IPUIPlugin:80 - create IPUIPlugin
2023-11-22 15:16:00,791 [INFO] PluginManager:220 - loadIPPluginJar : add ts
2023-11-22 15:16:00,792 [INFO] IPUIPlugin:80 - create IPUIPlugin
2023-11-22 15:16:00,792 [INFO] PluginManager:220 - loadIPPluginJar : add tsc
2023-11-22 15:16:00,806 [INFO] IPUIPlugin:80 - create IPUIPlugin
2023-11-22 15:16:00,806 [INFO] PluginManager:220 - loadIPPluginJar : add ucpd
2023-11-22 15:16:00,834 [INFO] IPUIPlugin:80 - create IPUIPlugin
2023-11-22 15:16:00,834 [INFO] PluginManager:220 - loadIPPluginJar : add usart
2023-11-22 15:16:00,861 [INFO] IPUIPlugin:80 - create IPUIPlugin
2023-11-22 15:16:00,862 [INFO] PluginManager:220 - loadIPPluginJar : add usbx
2023-11-22 15:16:00,966 [INFO] CADModel:165 - CPN selected for project level
2023-11-22 15:16:00,966 [INFO] CADModel:114 - Register for checkConnection events
2023-11-22 15:16:00,966 [FATAL] Updater:308 - Updater called before beeing initialized
2023-11-22 15:16:00,966 [ERROR] CADModel:125 - Updater not yet initialized, retry later 
2023-11-22 15:16:01,062 [INFO] CADModel:165 - CPN selected for project level
2023-11-22 15:16:01,062 [INFO] CADModel:114 - Register for checkConnection events
2023-11-22 15:16:01,062 [FATAL] Updater:308 - Updater called before beeing initialized
2023-11-22 15:16:01,062 [ERROR] CADModel:125 - Updater not yet initialized, retry later 
2023-11-22 15:16:01,065 [FATAL] Updater:308 - Updater called before beeing initialized
2023-11-22 15:16:01,178 [FATAL] Updater:308 - Updater called before beeing initialized
2023-11-22 15:16:01,183 [INFO] DbMcusAds:53 - JSON generation date=Tue Mar 07 15:50:55 ICT 2023 (1678179055335)
2023-11-22 15:16:01,184 [FATAL] Updater:308 - Updater called before beeing initialized
2023-11-22 15:16:01,242 [WARN] DetailPanel:346 - Failed to get advertising image, set to default
2023-11-22 15:16:01,308 [FATAL] Updater:308 - Updater called before beeing initialized
2023-11-22 15:16:01,310 [FATAL] Updater:308 - Updater called before beeing initialized
2023-11-22 15:16:01,311 [FATAL] Updater:308 - Updater called before beeing initialized
2023-11-22 15:16:01,311 [WARN] DetailPanel:346 - Failed to get advertising image, set to default
2023-11-22 15:16:01,311 [FATAL] Updater:308 - Updater called before beeing initialized
2023-11-22 15:16:01,357 [ERROR] Updater:1120 - MainUpdater not yet initialized. External WinMGr cannot be set.
2023-11-22 15:16:01,366 [INFO] Updater:1056 - Updater Version found : 6.9.2
2023-11-22 15:16:01,383 [INFO] ApplicationProperties:184 - Using Application install path: D:\DH\STM32\STM32CubeIDE_1.13.2\STM32CubeIDE\plugins\com.st.stm32cube.common.mx_6.9.2.202309101412
2023-11-22 15:16:01,529 [INFO] MainUpdater:2868 - connection check result : 10
2023-11-22 15:16:01,530 [INFO] MainUpdater:285 - Updater Check For Update Now.
2023-11-22 15:16:01,530 [INFO] MicroXplorer:498 - Change Database Version : DB.6.0.92
2023-11-22 15:16:01,550 [INFO] McuFinderGlobals:63 - Set McuFinder mode to 2 (CubeIDE integrated)
2023-11-22 15:16:01,550 [INFO] UserAuth:179 - activating auth plugin
2023-11-22 15:16:01,555 [INFO] UserAuth:393 - Internet connection configuration mode: 1
2023-11-22 15:16:01,590 [INFO] JxBrowserEngine:151 - Initiate JxBrowser Engine with user profile folder
2023-11-22 15:16:01,732 [INFO] CheckServerUpdateThread:120 - End of CheckServer Thread
2023-11-22 15:16:02,459 [WARN] PackLoader:240 - Cannot read IP mode file for STMicroelectronics.X-CUBE-SMBUS.2.1.0
2023-11-22 15:16:02,497 [WARN] PackLoader:240 - Cannot read IP mode file for STMicroelectronics.X-CUBE-AZRTOS-F7.1.1.0
2023-11-22 15:16:02,520 [WARN] PackLoader:240 - Cannot read IP mode file for STMicroelectronics.FP-SNS-MOTENV1.4.3.2
2023-11-22 15:16:02,531 [WARN] PackLoader:240 - Cannot read IP mode file for STMicroelectronics.FP-SNS-FLIGHT1.5.0.2
2023-11-22 15:16:02,545 [WARN] PackLoader:240 - Cannot read IP mode file for STMicroelectronics.X-CUBE-DISPLAY.3.0.0
2023-11-22 15:16:02,583 [WARN] PackLoader:240 - Cannot read IP mode file for STMicroelectronics.X-CUBE-BLE1.7.0.0
2023-11-22 15:16:02,593 [WARN] PackLoader:240 - Cannot read IP mode file for emotas.I-CUBE-CANOPEN.1.3.0
2023-11-22 15:16:02,601 [WARN] PackLoader:240 - Cannot read IP mode file for STMicroelectronics.X-CUBE-TOUCHGFX.4.22.0
2023-11-22 15:16:02,615 [WARN] PackLoader:240 - Cannot read IP mode file for STMicroelectronics.X-CUBE-TOUCHGFX.4.22.1
2023-11-22 15:16:02,620 [WARN] PackLoader:240 - Cannot read IP mode file for STMicroelectronics.FP-SNS-SMARTAG2.1.2.0
2023-11-22 15:16:02,630 [INFO] LogOutputStream:77 - [STDOUT_REDIRECT] 1 : Invalid condition id : UX_CORESTACK_Condition cause : null
2023-11-22 15:16:02,630 [INFO] LogOutputStream:77 - [STDOUT_REDIRECT] 1 : Invalid condition id : UX_CORESTACK_Condition cause : null
2023-11-22 15:16:02,631 [INFO] LogOutputStream:77 - [STDOUT_REDIRECT] 1 : Invalid condition id : UX_CORESTACK_Condition cause : null
2023-11-22 15:16:02,633 [INFO] LogOutputStream:77 - [STDOUT_REDIRECT] 1 : Invalid condition id : UX_CORESTACK_Condition cause : null
2023-11-22 15:16:02,634 [INFO] LogOutputStream:77 - [STDOUT_REDIRECT] 1 : Invalid condition id : UX_CORESTACK_Condition cause : null
2023-11-22 15:16:02,637 [WARN] PackLoader:240 - Cannot read IP mode file for STMicroelectronics.X-CUBE-AZRTOS-WL.2.0.0
2023-11-22 15:16:02,646 [WARN] PackLoader:240 - Cannot read IP mode file for WES.I-CUBE-Cesium.1.3.0
2023-11-22 15:16:02,652 [WARN] PackLoader:240 - Cannot read IP mode file for STMicroelectronics.X-CUBE-BLE2.3.3.0
2023-11-22 15:16:02,658 [WARN] PackLoader:240 - Cannot read IP mode file for STMicroelectronics.X-CUBE-ALGOBUILD.1.3.0
2023-11-22 15:16:02,676 [WARN] PackLoader:240 - Cannot read IP mode file for STMicroelectronics.X-CUBE-AZRTOS-G0.1.1.0
2023-11-22 15:16:02,688 [WARN] PackLoader:240 - Cannot read IP mode file for STMicroelectronics.X-CUBE-NFC4.3.0.0
2023-11-22 15:16:02,698 [WARN] PackLoader:240 - Cannot read IP mode file for STMicroelectronics.X-CUBE-BLEMGR.3.0.0
2023-11-22 15:16:02,706 [WARN] PackLoader:240 - Cannot read IP mode file for STMicroelectronics.FP-ATR-SIGFOX1.3.2.0
2023-11-22 15:16:02,742 [WARN] PackLoader:240 - Cannot read IP mode file for SEGGER.I-CUBE-embOS.1.3.1
2023-11-22 15:16:02,790 [WARN] PackLoader:240 - Cannot read IP mode file for STMicroelectronics.X-CUBE-GNSS1.6.0.0
2023-11-22 15:16:02,808 [WARN] PackLoader:240 - Cannot read IP mode file for STMicroelectronics.X-CUBE-AZRTOS-F4.1.1.0
2023-11-22 15:16:02,816 [WARN] PackLoader:240 - Cannot read IP mode file for wolfSSL.I-CUBE-wolfSSL.5.6.3
2023-11-22 15:16:02,833 [WARN] PackLoader:240 - Cannot read IP mode file for STMicroelectronics.X-CUBE-AZRTOS-L5.2.0.0
2023-11-22 15:16:02,885 [WARN] PackLoader:240 - Cannot read IP mode file for STMicroelectronics.X-CUBE-MEMS1.9.6.0
2023-11-22 15:16:03,084 [WARN] PackLoader:240 - Cannot read IP mode file for STMicroelectronics.X-CUBE-EEPRMA1.4.2.0
2023-11-22 15:16:03,092 [WARN] PackLoader:240 - Cannot read IP mode file for ITTIA_DB.I-CUBE-ITTIADB.8.8.0
2023-11-22 15:16:03,101 [WARN] PackLoader:240 - Cannot read IP mode file for STMicroelectronics.X-CUBE-BLEMGR.2.0.0
2023-11-22 15:16:03,125 [WARN] ConditionMgr:438 - getConditionDescription Invalid condition id : UX DEVICE CLASS RTOS Condition cause : null
2023-11-22 15:16:03,125 [WARN] ConditionMgr:438 - getConditionDescription Invalid condition id : UX DEVICE CLASS RTOS Condition cause : null
2023-11-22 15:16:03,130 [WARN] PackLoader:240 - Cannot read IP mode file for STMicroelectronics.X-CUBE-AZRTOS-H7.3.1.0
2023-11-22 15:16:03,131 [WARN] ConditionMgr:1039 - genDependencies : Invalid condition id : UX DEVICE CLASS RTOS Condition cause : null
2023-11-22 15:16:03,131 [WARN] ConditionMgr:1039 - genDependencies : Invalid condition id : UX DEVICE CLASS RTOS Condition cause : null
2023-11-22 15:16:03,132 [WARN] ConditionMgr:1039 - genDependencies : Invalid condition id : UX DEVICE CLASS RTOS Condition cause : null
2023-11-22 15:16:03,132 [WARN] ConditionMgr:1039 - genDependencies : Invalid condition id : UX DEVICE CLASS RTOS Condition cause : null
2023-11-22 15:16:03,132 [WARN] ConditionMgr:1039 - genDependencies : Invalid condition id : UX DEVICE CLASS RTOS Condition cause : null
2023-11-22 15:16:03,142 [WARN] PackLoader:240 - Cannot read IP mode file for STMicroelectronics.X-CUBE-NFC7.1.0.1
2023-11-22 15:16:03,152 [WARN] PackLoader:240 - Cannot read IP mode file for STMicroelectronics.X-CUBE-NFC6.3.0.0
2023-11-22 15:16:03,159 [WARN] PackLoader:240 - Cannot read IP mode file for STMicroelectronics.X-CUBE-EEPRMA1.4.1.0
2023-11-22 15:16:03,166 [WARN] PackLoader:240 - Cannot read IP mode file for STMicroelectronics.X-CUBE-AI.8.1.0
2023-11-22 15:16:03,186 [WARN] ConditionMgr:438 - getConditionDescription Invalid condition id : LAN8742 Phy interface Condition cause : null
2023-11-22 15:16:03,188 [WARN] PackLoader:240 - Cannot read IP mode file for STMicroelectronics.X-CUBE-AZRTOS-L4.2.0.0
2023-11-22 15:16:03,189 [WARN] ConditionMgr:1039 - genDependencies : Invalid condition id : LAN8742 Phy interface Condition cause : null
2023-11-22 15:16:03,190 [WARN] ConditionMgr:1039 - genDependencies : Invalid condition id : LAN8742 Phy interface Condition cause : null
2023-11-22 15:16:03,190 [WARN] ConditionMgr:1039 - genDependencies : Invalid condition id : LAN8742 Phy interface Condition cause : null
2023-11-22 15:16:03,198 [WARN] PackLoader:240 - Cannot read IP mode file for STMicroelectronics.X-CUBE-SFXS2LP1.4.0.0
2023-11-22 15:16:03,204 [WARN] PackLoader:240 - Cannot read IP mode file for STMicroelectronics.X-CUBE-ISPU.1.1.0
2023-11-22 15:16:03,223 [WARN] ConditionMgr:438 - getConditionDescription Invalid condition id : UX DEVICE CLASS RTOS Condition cause : null
2023-11-22 15:16:03,224 [WARN] ConditionMgr:438 - getConditionDescription Invalid condition id : UX DEVICE CLASS RTOS Condition cause : null
2023-11-22 15:16:03,227 [WARN] PackLoader:240 - Cannot read IP mode file for STMicroelectronics.X-CUBE-AZRTOS-WB.2.0.0
2023-11-22 15:16:03,228 [WARN] ConditionMgr:1039 - genDependencies : Invalid condition id : UX DEVICE CLASS RTOS Condition cause : null
2023-11-22 15:16:03,229 [WARN] ConditionMgr:1039 - genDependencies : Invalid condition id : UX DEVICE CLASS RTOS Condition cause : null
2023-11-22 15:16:03,229 [WARN] ConditionMgr:1039 - genDependencies : Invalid condition id : UX DEVICE CLASS RTOS Condition cause : null
2023-11-22 15:16:03,230 [WARN] ConditionMgr:1039 - genDependencies : Invalid condition id : UX DEVICE CLASS RTOS Condition cause : null
2023-11-22 15:16:03,230 [WARN] ConditionMgr:1039 - genDependencies : Invalid condition id : UX DEVICE CLASS RTOS Condition cause : null
2023-11-22 15:16:03,246 [WARN] PackLoader:240 - Cannot read IP mode file for STMicroelectronics.X-CUBE-SUBG2.5.0.0
2023-11-22 15:16:03,278 [WARN] PackLoader:240 - Cannot read IP mode file for STMicroelectronics.X-CUBE-TOF1.3.3.1
2023-11-22 15:16:03,310 [WARN] PackLoader:240 - Cannot read IP mode file for STMicroelectronics.X-CUBE-AZRTOS-G4.2.0.0
2023-11-22 15:16:03,336 [WARN] PackLoader:240 - Cannot read IP mode file for Infineon.AIROC-Wi-Fi-Bluetooth-STM32.1.5.1
2023-11-22 15:16:03,351 [WARN] PackLoader:240 - Cannot read IP mode file for STMicroelectronics.FP-SNS-MOTENVWB1.1.3.0
2023-11-22 15:16:03,412 [WARN] PackLoader:240 - Cannot read IP mode file for STMicroelectronics.X-CUBE-MEMS1.10.0.0
2023-11-22 15:16:03,566 [WARN] PackLoader:240 - Cannot read IP mode file for STMicroelectronics.X-CUBE-FREERTOS.1.1.0
2023-11-22 15:16:03,583 [WARN] PackLoader:240 - Cannot read IP mode file for portGmbH.I-Cube-SoM-uGOAL.1.1.0
2023-11-22 15:16:03,588 [WARN] PackLoader:240 - Cannot read IP mode file for STMicroelectronics.X-CUBE-ALS.1.0.1
2023-11-22 15:16:03,593 [WARN] PackLoader:240 - Cannot read IP mode file for STMicroelectronics.FP-ATR-ASTRA1.2.0.0
2023-11-22 15:16:03,603 [WARN] PackLoader:240 - Cannot read IP mode file for STMicroelectronics.X-CUBE-TOF1.3.4.0
2023-11-22 15:16:03,614 [INFO] ThirdParty:978 - Integrity check success = true
2023-11-22 15:16:03,615 [INFO] IntegrityCheckThread:100 - exiting critical section [integrity check]
2023-11-22 15:16:03,615 [INFO] IntegrityCheckThread:103 - End integrity checks thread
2023-11-22 15:16:04,236 [INFO] WebApp:157 - Instantiating new browser for Auth
2023-11-22 15:16:04,827 [INFO] WebApp:753 - Register for checkConnection events
2023-11-22 15:16:04,828 [INFO] WebApp:390 - Apply proxy settings
2023-11-22 15:16:04,828 [INFO] WebApp:475 - Chromium requires no authentication
2023-11-22 15:16:04,834 [INFO] WebApp:418 - Direct internet connection detected
2023-11-22 15:16:04,939 [INFO] WebApp:188 - Starting web application
2023-11-22 15:16:04,939 [INFO] WebApp:520 - Web application path used D:\DH\STM32\STM32CubeIDE_1.13.2\STM32CubeIDE\plugins\com.st.stm32cube.common.mx_6.9.2.202309101412\db\plugins\mcufinder\reactClient1\index.html
2023-11-22 15:16:25,971 [ERROR] LogOutputStream:75 - [STDERR_REDIRECT] SLF4J: Failed to load class "org.slf4j.impl.StaticLoggerBinder".
2023-11-22 15:16:25,972 [ERROR] LogOutputStream:75 - [STDERR_REDIRECT] SLF4J: Defaulting to no-operation (NOP) logger implementation
2023-11-22 15:16:25,977 [ERROR] LogOutputStream:75 - [STDERR_REDIRECT] SLF4J: See http://www.slf4j.org/codes.html#StaticLoggerBinder for further details.
2023-11-22 15:46:25,017 [ERROR] AdobePublisher:162 - Exception while opening the connection: java.net.SocketTimeoutException: Read timed out
2023-11-22 16:18:21,184 [ERROR] ConfigurationRetriever:142 - IOException on connection: Connect timed out
2023-11-22 16:22:43,915 [ERROR] ConfigurationRetriever:142 - IOException on connection: Read timed out
2023-11-22 17:44:17,809 [ERROR] ConfigurationRetriever:142 - IOException on connection: Read timed out
2023-11-22 17:44:21,248 [ERROR] LogOutputStream:75 - [STDERR_REDIRECT] 
2023-11-22 21:15:33,312 [INFO] Activator:176 - 


2023-11-22 21:15:33,314 [INFO] Activator:177 - !SESSION log4j initialized
2023-11-22 21:15:40,330 [INFO] LogOutputStream:77 - [STDOUT_REDIRECT] 
2023-11-22 21:15:47,940 [INFO] ApplicationProperties:184 - Using Application install path: D:\DH\STM32\STM32CubeIDE_1.13.2\STM32CubeIDE\plugins\com.st.stm32cube.common.mx_6.9.2.202309101412
2023-11-22 21:15:47,960 [INFO] DbMcusXml:78 - Set database path to: D:\DH\STM32\STM32CubeIDE_1.13.2\STM32CubeIDE\plugins\com.st.stm32cube.common.mx_6.9.2.202309101412\\db\/mcu/
2023-11-22 21:15:47,960 [INFO] ApiDb:274 - Set plugin database path to: D:\DH\STM32\STM32CubeIDE_1.13.2\STM32CubeIDE\plugins\com.st.stm32cube.common.mx_6.9.2.202309101412\\db\/plugins/boardmanager/
2023-11-22 21:15:47,960 [WARN] ApiDb:259 - Overriding images path with different value:  => D:\DH\STM32\STM32CubeIDE_1.13.2\STM32CubeIDE\plugins\com.st.stm32cube.common.mx_6.9.2.202309101412\\db\/plugins/mcufinder/images/
2023-11-22 21:15:47,978 [INFO] ApiDb:250 - Set database path to: C:\Users\PC\.stmcufinder\plugins\mcufinder//mcu/
2023-11-22 21:15:47,979 [INFO] DbMcusAds:125 - Set database path to: C:\Users\PC\.stmcufinder\plugins\mcufinder//mcu/
2023-11-22 21:15:47,981 [INFO] CrossReferenceDbSqlite:203 - Set database path to: C:\Users\PC\.stmcufinder\plugins\mcufinder//mcu/cs/
2023-11-22 21:15:48,107 [INFO] RulesReader:64 - Compatibility file has been processed (293 Rules)
2023-11-22 21:15:48,205 [INFO] DbMcusXml:78 - Set database path to: D:\DH\STM32\STM32CubeIDE_1.13.2\STM32CubeIDE\plugins\com.st.stm32cube.common.mx_6.9.2.202309101412\\db\/mcu/
2023-11-22 21:15:48,206 [INFO] ApiDb:274 - Set plugin database path to: D:\DH\STM32\STM32CubeIDE_1.13.2\STM32CubeIDE\plugins\com.st.stm32cube.common.mx_6.9.2.202309101412\\db\/plugins/boardmanager/
2023-11-22 21:15:48,206 [INFO] ApiDb:261 - Set plugin images path to: D:\DH\STM32\STM32CubeIDE_1.13.2\STM32CubeIDE\plugins\com.st.stm32cube.common.mx_6.9.2.202309101412\\db\/plugins/mcufinder/images/
2023-11-22 21:15:48,206 [WARN] DbFile:41 - Overriding database path with different value: C:\Users\PC\.stmcufinder\plugins\mcufinder/ => C:\Users\PC\.stmcufinder\plugins\mcufinder
2023-11-22 21:15:48,207 [INFO] ApiDb:250 - Set database path to: C:\Users\PC\.stmcufinder\plugins\mcufinder//mcu/
2023-11-22 21:15:48,207 [WARN] DbFile:41 - Overriding database path with different value: C:\Users\PC\.stmcufinder\plugins\mcufinder/ => C:\Users\PC\.stmcufinder\plugins\mcufinder
2023-11-22 21:15:48,207 [INFO] DbMcusAds:125 - Set database path to: C:\Users\PC\.stmcufinder\plugins\mcufinder//mcu/
2023-11-22 21:15:48,207 [WARN] DbFile:41 - Overriding database path with different value: C:\Users\PC\.stmcufinder\plugins\mcufinder/ => C:\Users\PC\.stmcufinder\plugins\mcufinder
2023-11-22 21:15:48,207 [WARN] DbFile:41 - Overriding database path with different value: C:\Users\PC\.stmcufinder\plugins\mcufinder/ => C:\Users\PC\.stmcufinder\plugins\mcufinder
2023-11-22 21:15:48,207 [INFO] CrossReferenceDbSqlite:203 - Set database path to: C:\Users\PC\.stmcufinder\plugins\mcufinder//mcu/cs/
2023-11-22 21:15:48,321 [INFO] MainPanel:262 - HeapMemory: 268435456
2023-11-22 21:15:48,452 [INFO] DbMcusXml:78 - Set database path to: D:\DH\STM32\STM32CubeIDE_1.13.2\STM32CubeIDE\plugins\com.st.stm32cube.common.mx_6.9.2.202309101412\\db\/mcu/
2023-11-22 21:15:48,452 [INFO] ApiDb:274 - Set plugin database path to: D:\DH\STM32\STM32CubeIDE_1.13.2\STM32CubeIDE\plugins\com.st.stm32cube.common.mx_6.9.2.202309101412\\db\/plugins/boardmanager/
2023-11-22 21:15:48,452 [INFO] ApiDb:261 - Set plugin images path to: D:\DH\STM32\STM32CubeIDE_1.13.2\STM32CubeIDE\plugins\com.st.stm32cube.common.mx_6.9.2.202309101412\\db\/plugins/mcufinder/images/
2023-11-22 21:15:48,453 [WARN] DbFile:41 - Overriding database path with different value: C:\Users\PC\.stmcufinder\plugins\mcufinder/ => C:\Users\PC\.stmcufinder\plugins\mcufinder
2023-11-22 21:15:48,453 [INFO] ApiDb:250 - Set database path to: C:\Users\PC\.stmcufinder\plugins\mcufinder//mcu/
2023-11-22 21:15:48,453 [WARN] DbFile:41 - Overriding database path with different value: C:\Users\PC\.stmcufinder\plugins\mcufinder/ => C:\Users\PC\.stmcufinder\plugins\mcufinder
2023-11-22 21:15:48,453 [INFO] DbMcusAds:125 - Set database path to: C:\Users\PC\.stmcufinder\plugins\mcufinder//mcu/
2023-11-22 21:15:48,453 [WARN] DbFile:41 - Overriding database path with different value: C:\Users\PC\.stmcufinder\plugins\mcufinder/ => C:\Users\PC\.stmcufinder\plugins\mcufinder
2023-11-22 21:15:48,453 [WARN] DbFile:41 - Overriding database path with different value: C:\Users\PC\.stmcufinder\plugins\mcufinder/ => C:\Users\PC\.stmcufinder\plugins\mcufinder
2023-11-22 21:15:48,453 [INFO] CrossReferenceDbSqlite:203 - Set database path to: C:\Users\PC\.stmcufinder\plugins\mcufinder//mcu/cs/
2023-11-22 21:15:48,471 [INFO] ApplicationProperties:184 - Using Application install path: D:\DH\STM32\STM32CubeIDE_1.13.2\STM32CubeIDE\plugins\com.st.stm32cube.common.mx_6.9.2.202309101412
2023-11-22 21:15:48,472 [INFO] PluginManage:196 - Search for loadable plugins [exclusion list=, ]
2023-11-22 21:15:48,473 [INFO] PluginManage:310 - Check plugin analytics
2023-11-22 21:15:53,431 [INFO] AnalyticsPlugin:253 - Accepted Software Licenses: STM32CubeMX.6.9.2
2023-11-22 21:15:53,431 [INFO] AnalyticsPlugin:255 - Accepted CMSIS Pack Licenses: 
2023-11-22 21:15:53,432 [INFO] AnalyticsPlugin:257 - Accepted Firmware Licenses: 
2023-11-22 21:15:53,437 [INFO] PluginManage:359 - Loaded plugin analytics (category:tool,tabindex:-1)
2023-11-22 21:15:53,437 [INFO] PluginManage:310 - Check plugin cadmodel
2023-11-22 21:15:53,456 [INFO] CADModel:105 - Init CAD model plugin
2023-11-22 21:15:53,456 [INFO] PluginManage:359 - Loaded plugin cadmodel (category:power,tabindex:5)
2023-11-22 21:15:53,456 [INFO] PluginManage:310 - Check plugin clock
2023-11-22 21:15:53,481 [INFO] PluginManage:359 - Loaded plugin clock (category:base,tabindex:2)
2023-11-22 21:15:53,481 [INFO] PluginManage:310 - Check plugin ddr
2023-11-22 21:15:53,485 [INFO] PluginManage:359 - Loaded plugin ddr (category:tool,tabindex:6)
2023-11-22 21:15:53,485 [INFO] PluginManage:310 - Check plugin filemanager
2023-11-22 21:15:53,666 [INFO] PluginManage:359 - Loaded plugin filemanager (category:base,tabindex:10)
2023-11-22 21:15:53,666 [INFO] PluginManage:310 - Check plugin ipmanager
2023-11-22 21:15:53,675 [INFO] PluginManage:359 - Loaded plugin ipmanager (category:base,tabindex:5)
2023-11-22 21:15:53,675 [INFO] PluginManage:310 - Check plugin lpbam
2023-11-22 21:15:53,700 [INFO] PluginManage:359 - Loaded plugin lpbam (category:base,tabindex:0)
2023-11-22 21:15:53,701 [INFO] PluginManage:310 - Check plugin memorymap
2023-11-22 21:15:53,730 [INFO] PluginManage:359 - Loaded plugin memorymap (category:base,tabindex:4)
2023-11-22 21:15:53,730 [INFO] PluginManage:310 - Check plugin pinoutandconfiguration
2023-11-22 21:15:53,748 [INFO] PluginManage:359 - Loaded plugin pinoutandconfiguration (category:base,tabindex:1)
2023-11-22 21:15:53,748 [INFO] PluginManage:310 - Check plugin pinoutconfig
2023-11-22 21:15:53,869 [WARN] SupportedApi:132 - Cannot load RTOS API schema: s4s-elt-must-match.1: The content of 'definitions' must match (annotation?, (simpleType | complexType)?, (unique | key | keyref)*)). A problem was found starting at: attribute.
2023-11-22 21:15:54,030 [INFO] PluginManage:359 - Loaded plugin pinoutconfig (category:base,tabindex:0)
2023-11-22 21:15:54,030 [INFO] PluginManage:310 - Check plugin power
2023-11-22 21:15:54,052 [INFO] PluginManage:359 - Loaded plugin power (category:power,tabindex:4)
2023-11-22 21:15:54,052 [INFO] PluginManage:310 - Check plugin projectmanager
2023-11-22 21:15:54,075 [INFO] PluginManage:359 - Loaded plugin projectmanager (category:projectmanager,tabindex:3)
2023-11-22 21:15:54,076 [INFO] PluginManage:310 - Check plugin thirdparty
2023-11-22 21:15:54,374 [INFO] PluginManage:359 - Loaded plugin thirdparty (category:base,tabindex:-1)
2023-11-22 21:15:54,374 [WARN] IntegrityCheckThread:84 - waiting for thirdparty lock release [integrity check]
2023-11-22 21:15:54,374 [INFO] PluginManage:310 - Check plugin tools
2023-11-22 21:15:54,374 [INFO] IntegrityCheckThread:86 - entering critical section [integrity check]
2023-11-22 21:15:54,375 [INFO] ThirdPartyUpdaterWithRetryManager:70 - Updater plugin not ready yet. [1/15]
2023-11-22 21:15:54,406 [INFO] PluginManage:359 - Loaded plugin tools (category:base,tabindex:7)
2023-11-22 21:15:54,407 [INFO] PluginManage:310 - Check plugin tutovideos
2023-11-22 21:15:54,721 [INFO] PluginManage:359 - Loaded plugin tutovideos (category:base,tabindex:-1)
2023-11-22 21:15:54,722 [INFO] PluginManage:310 - Check plugin updater
2023-11-22 21:15:54,734 [INFO] PluginManage:359 - Loaded plugin updater (category:base,tabindex:12)
2023-11-22 21:15:54,734 [INFO] PluginManage:310 - Check plugin userauth
2023-11-22 21:15:54,738 [INFO] UserAuth:113 - Init User Auth plugin
2023-11-22 21:15:54,738 [INFO] PluginManage:359 - Loaded plugin userauth (category:base,tabindex:14)
2023-11-22 21:15:54,739 [INFO] PluginManage:283 - PluginManage : Loaded plugins [17]
2023-11-22 21:15:55,004 [INFO] PinOutPanel:1499 - setPackage(No Configuration,No Configuration)
2023-11-22 21:15:55,122 [INFO] CADModel:165 - CPN selected for project level
2023-11-22 21:15:55,123 [INFO] CADModel:114 - Register for checkConnection events
2023-11-22 21:15:55,148 [INFO] IPUIPlugin:80 - create IPUIPlugin
2023-11-22 21:15:55,148 [INFO] PluginManager:220 - loadIPPluginJar : add adc
2023-11-22 21:15:55,172 [INFO] IPUIPlugin:80 - create IPUIPlugin
2023-11-22 21:15:55,172 [INFO] PluginManager:220 - loadIPPluginJar : add aes
2023-11-22 21:15:55,205 [INFO] IPUIPlugin:80 - create IPUIPlugin
2023-11-22 21:15:55,205 [INFO] PluginManager:220 - loadIPPluginJar : add can
2023-11-22 21:15:55,237 [INFO] IPUIPlugin:80 - create IPUIPlugin
2023-11-22 21:15:55,237 [INFO] PluginManager:220 - loadIPPluginJar : add comp
2023-11-22 21:15:55,262 [INFO] IPUIPlugin:80 - create IPUIPlugin
2023-11-22 21:15:55,262 [INFO] PluginManager:220 - loadIPPluginJar : add cryp
2023-11-22 21:15:55,296 [INFO] IPUIPlugin:80 - create IPUIPlugin
2023-11-22 21:15:55,296 [INFO] PluginManager:220 - loadIPPluginJar : add dfsdm
2023-11-22 21:15:55,310 [INFO] IPUIPlugin:80 - create IPUIPlugin
2023-11-22 21:15:55,310 [INFO] PluginManager:220 - loadIPPluginJar : add dma
2023-11-22 21:15:55,347 [INFO] IPUIPlugin:80 - create IPUIPlugin
2023-11-22 21:15:55,347 [INFO] PluginManager:220 - loadIPPluginJar : add dma3
2023-11-22 21:15:55,372 [INFO] IPUIPlugin:80 - create IPUIPlugin
2023-11-22 21:15:55,373 [INFO] PluginManager:220 - loadIPPluginJar : add fatfs
2023-11-22 21:15:55,448 [INFO] IPUIPlugin:80 - create IPUIPlugin
2023-11-22 21:15:55,449 [INFO] PluginManager:220 - loadIPPluginJar : add fmc
2023-11-22 21:15:55,470 [INFO] IPUIPlugin:80 - create IPUIPlugin
2023-11-22 21:15:55,470 [INFO] PluginManager:220 - loadIPPluginJar : add freertos
2023-11-22 21:15:55,492 [INFO] IPUIPlugin:80 - create IPUIPlugin
2023-11-22 21:15:55,492 [INFO] PluginManager:220 - loadIPPluginJar : add genericplugin
2023-11-22 21:15:55,592 [INFO] IPUIPlugin:80 - create IPUIPlugin
2023-11-22 21:15:55,592 [INFO] PluginManager:220 - loadIPPluginJar : add gfxmmu
2023-11-22 21:15:55,764 [INFO] IPUIPlugin:80 - create IPUIPlugin
2023-11-22 21:15:55,764 [INFO] PluginManager:220 - loadIPPluginJar : add gic
2023-11-22 21:15:55,778 [INFO] IPUIPlugin:80 - create IPUIPlugin
2023-11-22 21:15:55,778 [INFO] PluginManager:220 - loadIPPluginJar : add gpio
2023-11-22 21:15:55,900 [INFO] IPUIPlugin:80 - create IPUIPlugin
2023-11-22 21:15:55,901 [INFO] PluginManager:220 - loadIPPluginJar : add gtzc
2023-11-22 21:15:55,941 [INFO] IPUIPlugin:80 - create IPUIPlugin
2023-11-22 21:15:55,941 [INFO] PluginManager:220 - loadIPPluginJar : add hash
2023-11-22 21:15:55,985 [INFO] IPUIPlugin:80 - create IPUIPlugin
2023-11-22 21:15:55,986 [INFO] PluginManager:220 - loadIPPluginJar : add i2c
2023-11-22 21:15:56,022 [INFO] IPUIPlugin:80 - create IPUIPlugin
2023-11-22 21:15:56,022 [INFO] PluginManager:220 - loadIPPluginJar : add i2s
2023-11-22 21:15:56,090 [INFO] IPUIPlugin:80 - create IPUIPlugin
2023-11-22 21:15:56,091 [INFO] PluginManager:220 - loadIPPluginJar : add i3c
2023-11-22 21:15:56,257 [INFO] IPUIPlugin:80 - create IPUIPlugin
2023-11-22 21:15:56,257 [INFO] PluginManager:220 - loadIPPluginJar : add ipddr
2023-11-22 21:15:56,432 [INFO] IPUIPlugin:80 - create IPUIPlugin
2023-11-22 21:15:56,432 [INFO] PluginManager:220 - loadIPPluginJar : add linkedlist
2023-11-22 21:15:56,469 [INFO] IPUIPlugin:80 - create IPUIPlugin
2023-11-22 21:15:56,469 [INFO] PluginManager:220 - loadIPPluginJar : add lorawan
2023-11-22 21:15:56,506 [INFO] IPUIPlugin:80 - create IPUIPlugin
2023-11-22 21:15:56,506 [INFO] PluginManager:220 - loadIPPluginJar : add ltdc
2023-11-22 21:15:56,535 [INFO] IPUIPlugin:80 - create IPUIPlugin
2023-11-22 21:15:56,536 [INFO] PluginManager:220 - loadIPPluginJar : add mdma
2023-11-22 21:15:56,549 [INFO] IPUIPlugin:80 - create IPUIPlugin
2023-11-22 21:15:56,549 [INFO] PluginManager:220 - loadIPPluginJar : add nvic
2023-11-22 21:15:56,576 [INFO] IPUIPlugin:80 - create IPUIPlugin
2023-11-22 21:15:56,576 [INFO] PluginManager:220 - loadIPPluginJar : add opamp
2023-11-22 21:15:56,661 [INFO] IPUIPlugin:80 - create IPUIPlugin
2023-11-22 21:15:56,662 [INFO] PluginManager:220 - loadIPPluginJar : add openamp
2023-11-22 21:15:56,707 [INFO] IPUIPlugin:80 - create IPUIPlugin
2023-11-22 21:15:56,707 [INFO] PluginManager:220 - loadIPPluginJar : add pdm2pcm
2023-11-22 21:15:56,723 [INFO] IPUIPlugin:80 - create IPUIPlugin
2023-11-22 21:15:56,725 [INFO] PluginManager:220 - loadIPPluginJar : add plateformsettings
2023-11-22 21:15:56,744 [INFO] IPUIPlugin:80 - create IPUIPlugin
2023-11-22 21:15:56,744 [INFO] PluginManager:220 - loadIPPluginJar : add quadspi
2023-11-22 21:15:56,764 [INFO] IPUIPlugin:80 - create IPUIPlugin
2023-11-22 21:15:56,765 [INFO] PluginManager:220 - loadIPPluginJar : add resmgrutility
2023-11-22 21:15:56,846 [INFO] IPUIPlugin:80 - create IPUIPlugin
2023-11-22 21:15:56,846 [INFO] PluginManager:220 - loadIPPluginJar : add sai
2023-11-22 21:15:56,892 [INFO] IPUIPlugin:80 - create IPUIPlugin
2023-11-22 21:15:56,892 [INFO] PluginManager:220 - loadIPPluginJar : add spi
2023-11-22 21:15:56,948 [INFO] IPUIPlugin:80 - create IPUIPlugin
2023-11-22 21:15:56,948 [INFO] PluginManager:220 - loadIPPluginJar : add stm32_wpan
2023-11-22 21:15:56,971 [INFO] IPUIPlugin:80 - create IPUIPlugin
2023-11-22 21:15:56,971 [INFO] PluginManager:220 - loadIPPluginJar : add tim
2023-11-22 21:15:57,038 [INFO] IPUIPlugin:80 - create IPUIPlugin
2023-11-22 21:15:57,038 [INFO] PluginManager:220 - loadIPPluginJar : add touchsensing
2023-11-22 21:15:57,055 [INFO] IPUIPlugin:80 - create IPUIPlugin
2023-11-22 21:15:57,055 [INFO] PluginManager:220 - loadIPPluginJar : add tracer_emb
2023-11-22 21:15:57,070 [INFO] IPUIPlugin:80 - create IPUIPlugin
2023-11-22 21:15:57,070 [INFO] PluginManager:220 - loadIPPluginJar : add ts
2023-11-22 21:15:57,099 [INFO] IPUIPlugin:80 - create IPUIPlugin
2023-11-22 21:15:57,099 [INFO] PluginManager:220 - loadIPPluginJar : add tsc
2023-11-22 21:15:57,115 [INFO] IPUIPlugin:80 - create IPUIPlugin
2023-11-22 21:15:57,115 [INFO] PluginManager:220 - loadIPPluginJar : add ucpd
2023-11-22 21:15:57,153 [INFO] IPUIPlugin:80 - create IPUIPlugin
2023-11-22 21:15:57,153 [INFO] PluginManager:220 - loadIPPluginJar : add usart
2023-11-22 21:15:57,183 [INFO] IPUIPlugin:80 - create IPUIPlugin
2023-11-22 21:15:57,183 [INFO] PluginManager:220 - loadIPPluginJar : add usbx
2023-11-22 21:15:57,307 [INFO] CADModel:165 - CPN selected for project level
2023-11-22 21:15:57,308 [INFO] CADModel:114 - Register for checkConnection events
2023-11-22 21:15:57,308 [FATAL] Updater:308 - Updater called before beeing initialized
2023-11-22 21:15:57,309 [ERROR] CADModel:125 - Updater not yet initialized, retry later 
2023-11-22 21:15:57,376 [INFO] ThirdPartyUpdaterWithRetryManager:70 - Updater plugin not ready yet. [2/15]
2023-11-22 21:15:57,474 [INFO] CADModel:165 - CPN selected for project level
2023-11-22 21:15:57,475 [INFO] CADModel:114 - Register for checkConnection events
2023-11-22 21:15:57,475 [FATAL] Updater:308 - Updater called before beeing initialized
2023-11-22 21:15:57,475 [ERROR] CADModel:125 - Updater not yet initialized, retry later 
2023-11-22 21:15:57,480 [FATAL] Updater:308 - Updater called before beeing initialized
2023-11-22 21:15:57,643 [FATAL] Updater:308 - Updater called before beeing initialized
2023-11-22 21:15:57,667 [INFO] DbMcusAds:53 - JSON generation date=Tue Mar 07 15:50:55 ICT 2023 (1678179055335)
2023-11-22 21:15:57,668 [FATAL] Updater:308 - Updater called before beeing initialized
2023-11-22 21:15:57,775 [WARN] DetailPanel:346 - Failed to get advertising image, set to default
2023-11-22 21:15:57,892 [FATAL] Updater:308 - Updater called before beeing initialized
2023-11-22 21:15:57,895 [FATAL] Updater:308 - Updater called before beeing initialized
2023-11-22 21:15:57,895 [FATAL] Updater:308 - Updater called before beeing initialized
2023-11-22 21:15:57,895 [WARN] DetailPanel:346 - Failed to get advertising image, set to default
2023-11-22 21:15:57,896 [FATAL] Updater:308 - Updater called before beeing initialized
2023-11-22 21:15:57,967 [ERROR] Updater:1120 - MainUpdater not yet initialized. External WinMGr cannot be set.
2023-11-22 21:15:57,976 [INFO] Updater:1056 - Updater Version found : 6.9.2
2023-11-22 21:15:58,002 [INFO] ApplicationProperties:184 - Using Application install path: D:\DH\STM32\STM32CubeIDE_1.13.2\STM32CubeIDE\plugins\com.st.stm32cube.common.mx_6.9.2.202309101412
2023-11-22 21:15:58,291 [INFO] MainUpdater:2868 - connection check result : 10
2023-11-22 21:15:58,292 [INFO] MainUpdater:285 - Updater Check For Update Now.
2023-11-22 21:15:58,292 [INFO] MicroXplorer:498 - Change Database Version : DB.6.0.92
2023-11-22 21:15:58,312 [INFO] McuFinderGlobals:63 - Set McuFinder mode to 2 (CubeIDE integrated)
2023-11-22 21:15:58,313 [INFO] UserAuth:179 - activating auth plugin
2023-11-22 21:15:58,316 [INFO] UserAuth:393 - Internet connection configuration mode: 1
2023-11-22 21:15:58,357 [INFO] JxBrowserEngine:151 - Initiate JxBrowser Engine with user profile folder
2023-11-22 21:15:58,539 [INFO] CheckServerUpdateThread:120 - End of CheckServer Thread
2023-11-22 21:16:00,829 [WARN] PackLoader:240 - Cannot read IP mode file for STMicroelectronics.X-CUBE-SMBUS.2.1.0
2023-11-22 21:16:00,932 [WARN] PackLoader:240 - Cannot read IP mode file for STMicroelectronics.X-CUBE-AZRTOS-F7.1.1.0
2023-11-22 21:16:00,969 [WARN] PackLoader:240 - Cannot read IP mode file for STMicroelectronics.FP-SNS-MOTENV1.4.3.2
2023-11-22 21:16:00,996 [WARN] PackLoader:240 - Cannot read IP mode file for STMicroelectronics.FP-SNS-FLIGHT1.5.0.2
2023-11-22 21:16:01,034 [WARN] PackLoader:240 - Cannot read IP mode file for STMicroelectronics.X-CUBE-DISPLAY.3.0.0
2023-11-22 21:16:01,079 [WARN] PackLoader:240 - Cannot read IP mode file for STMicroelectronics.X-CUBE-BLE1.7.0.0
2023-11-22 21:16:01,106 [WARN] PackLoader:240 - Cannot read IP mode file for emotas.I-CUBE-CANOPEN.1.3.0
2023-11-22 21:16:01,129 [WARN] PackLoader:240 - Cannot read IP mode file for STMicroelectronics.X-CUBE-TOUCHGFX.4.22.0
2023-11-22 21:16:01,143 [WARN] PackLoader:240 - Cannot read IP mode file for STMicroelectronics.X-CUBE-TOUCHGFX.4.22.1
2023-11-22 21:16:01,156 [INFO] WebApp:157 - Instantiating new browser for Auth
2023-11-22 21:16:01,161 [WARN] PackLoader:240 - Cannot read IP mode file for STMicroelectronics.FP-SNS-SMARTAG2.1.2.0
2023-11-22 21:16:01,204 [INFO] LogOutputStream:77 - [STDOUT_REDIRECT] 1 : Invalid condition id : UX_CORESTACK_Condition cause : null
2023-11-22 21:16:01,206 [INFO] LogOutputStream:77 - [STDOUT_REDIRECT] 1 : Invalid condition id : UX_CORESTACK_Condition cause : null
2023-11-22 21:16:01,207 [INFO] LogOutputStream:77 - [STDOUT_REDIRECT] 1 : Invalid condition id : UX_CORESTACK_Condition cause : null
2023-11-22 21:16:01,209 [INFO] LogOutputStream:77 - [STDOUT_REDIRECT] 1 : Invalid condition id : UX_CORESTACK_Condition cause : null
2023-11-22 21:16:01,210 [INFO] LogOutputStream:77 - [STDOUT_REDIRECT] 1 : Invalid condition id : UX_CORESTACK_Condition cause : null
2023-11-22 21:16:01,216 [WARN] PackLoader:240 - Cannot read IP mode file for STMicroelectronics.X-CUBE-AZRTOS-WL.2.0.0
2023-11-22 21:16:01,241 [WARN] PackLoader:240 - Cannot read IP mode file for WES.I-CUBE-Cesium.1.3.0
2023-11-22 21:16:01,261 [WARN] PackLoader:240 - Cannot read IP mode file for STMicroelectronics.X-CUBE-BLE2.3.3.0
2023-11-22 21:16:01,292 [WARN] PackLoader:240 - Cannot read IP mode file for STMicroelectronics.X-CUBE-ALGOBUILD.1.3.0
2023-11-22 21:16:01,347 [WARN] PackLoader:240 - Cannot read IP mode file for STMicroelectronics.X-CUBE-AZRTOS-G0.1.1.0
2023-11-22 21:16:01,374 [WARN] PackLoader:240 - Cannot read IP mode file for STMicroelectronics.X-CUBE-NFC4.3.0.0
2023-11-22 21:16:01,404 [WARN] PackLoader:240 - Cannot read IP mode file for STMicroelectronics.X-CUBE-BLEMGR.3.0.0
2023-11-22 21:16:01,427 [WARN] PackLoader:240 - Cannot read IP mode file for STMicroelectronics.FP-ATR-SIGFOX1.3.2.0
2023-11-22 21:16:01,507 [WARN] PackLoader:240 - Cannot read IP mode file for SEGGER.I-CUBE-embOS.1.3.1
2023-11-22 21:16:01,620 [WARN] PackLoader:240 - Cannot read IP mode file for STMicroelectronics.X-CUBE-GNSS1.6.0.0
2023-11-22 21:16:01,666 [WARN] PackLoader:240 - Cannot read IP mode file for STMicroelectronics.X-CUBE-AZRTOS-F4.1.1.0
2023-11-22 21:16:01,691 [WARN] PackLoader:240 - Cannot read IP mode file for wolfSSL.I-CUBE-wolfSSL.5.6.3
2023-11-22 21:16:01,742 [WARN] PackLoader:240 - Cannot read IP mode file for STMicroelectronics.X-CUBE-AZRTOS-L5.2.0.0
2023-11-22 21:16:01,823 [WARN] PackLoader:240 - Cannot read IP mode file for STMicroelectronics.X-CUBE-MEMS1.9.6.0
2023-11-22 21:16:02,158 [WARN] PackLoader:240 - Cannot read IP mode file for STMicroelectronics.X-CUBE-EEPRMA1.4.2.0
2023-11-22 21:16:02,186 [WARN] PackLoader:240 - Cannot read IP mode file for ITTIA_DB.I-CUBE-ITTIADB.8.8.0
2023-11-22 21:16:02,215 [WARN] PackLoader:240 - Cannot read IP mode file for STMicroelectronics.X-CUBE-BLEMGR.2.0.0
2023-11-22 21:16:02,265 [INFO] WebApp:753 - Register for checkConnection events
2023-11-22 21:16:02,265 [INFO] WebApp:390 - Apply proxy settings
2023-11-22 21:16:02,266 [INFO] WebApp:475 - Chromium requires no authentication
2023-11-22 21:16:02,330 [INFO] WebApp:418 - Direct internet connection detected
2023-11-22 21:16:02,341 [WARN] ConditionMgr:438 - getConditionDescription Invalid condition id : UX DEVICE CLASS RTOS Condition cause : null
2023-11-22 21:16:02,343 [WARN] ConditionMgr:438 - getConditionDescription Invalid condition id : UX DEVICE CLASS RTOS Condition cause : null
2023-11-22 21:16:02,354 [WARN] PackLoader:240 - Cannot read IP mode file for STMicroelectronics.X-CUBE-AZRTOS-H7.3.1.0
2023-11-22 21:16:02,359 [WARN] ConditionMgr:1039 - genDependencies : Invalid condition id : UX DEVICE CLASS RTOS Condition cause : null
2023-11-22 21:16:02,359 [WARN] ConditionMgr:1039 - genDependencies : Invalid condition id : UX DEVICE CLASS RTOS Condition cause : null
2023-11-22 21:16:02,366 [WARN] ConditionMgr:1039 - genDependencies : Invalid condition id : UX DEVICE CLASS RTOS Condition cause : null
2023-11-22 21:16:02,367 [WARN] ConditionMgr:1039 - genDependencies : Invalid condition id : UX DEVICE CLASS RTOS Condition cause : null
2023-11-22 21:16:02,368 [WARN] ConditionMgr:1039 - genDependencies : Invalid condition id : UX DEVICE CLASS RTOS Condition cause : null
2023-11-22 21:16:02,409 [WARN] PackLoader:240 - Cannot read IP mode file for STMicroelectronics.X-CUBE-NFC7.1.0.1
2023-11-22 21:16:02,430 [WARN] PackLoader:240 - Cannot read IP mode file for STMicroelectronics.X-CUBE-NFC6.3.0.0
2023-11-22 21:16:02,458 [WARN] PackLoader:240 - Cannot read IP mode file for STMicroelectronics.X-CUBE-EEPRMA1.4.1.0
2023-11-22 21:16:02,481 [WARN] PackLoader:240 - Cannot read IP mode file for STMicroelectronics.X-CUBE-AI.8.1.0
2023-11-22 21:16:02,544 [WARN] ConditionMgr:438 - getConditionDescription Invalid condition id : LAN8742 Phy interface Condition cause : null
2023-11-22 21:16:02,546 [WARN] PackLoader:240 - Cannot read IP mode file for STMicroelectronics.X-CUBE-AZRTOS-L4.2.0.0
2023-11-22 21:16:02,549 [WARN] ConditionMgr:1039 - genDependencies : Invalid condition id : LAN8742 Phy interface Condition cause : null
2023-11-22 21:16:02,549 [WARN] ConditionMgr:1039 - genDependencies : Invalid condition id : LAN8742 Phy interface Condition cause : null
2023-11-22 21:16:02,550 [WARN] ConditionMgr:1039 - genDependencies : Invalid condition id : LAN8742 Phy interface Condition cause : null
2023-11-22 21:16:02,582 [WARN] PackLoader:240 - Cannot read IP mode file for STMicroelectronics.X-CUBE-SFXS2LP1.4.0.0
2023-11-22 21:16:02,603 [WARN] PackLoader:240 - Cannot read IP mode file for STMicroelectronics.X-CUBE-ISPU.1.1.0
2023-11-22 21:16:02,648 [WARN] ConditionMgr:438 - getConditionDescription Invalid condition id : UX DEVICE CLASS RTOS Condition cause : null
2023-11-22 21:16:02,648 [WARN] ConditionMgr:438 - getConditionDescription Invalid condition id : UX DEVICE CLASS RTOS Condition cause : null
2023-11-22 21:16:02,649 [WARN] PackLoader:240 - Cannot read IP mode file for STMicroelectronics.X-CUBE-AZRTOS-WB.2.0.0
2023-11-22 21:16:02,651 [WARN] ConditionMgr:1039 - genDependencies : Invalid condition id : UX DEVICE CLASS RTOS Condition cause : null
2023-11-22 21:16:02,652 [WARN] ConditionMgr:1039 - genDependencies : Invalid condition id : UX DEVICE CLASS RTOS Condition cause : null
2023-11-22 21:16:02,652 [WARN] ConditionMgr:1039 - genDependencies : Invalid condition id : UX DEVICE CLASS RTOS Condition cause : null
2023-11-22 21:16:02,653 [WARN] ConditionMgr:1039 - genDependencies : Invalid condition id : UX DEVICE CLASS RTOS Condition cause : null
2023-11-22 21:16:02,653 [WARN] ConditionMgr:1039 - genDependencies : Invalid condition id : UX DEVICE CLASS RTOS Condition cause : null
2023-11-22 21:16:02,692 [WARN] PackLoader:240 - Cannot read IP mode file for STMicroelectronics.X-CUBE-SUBG2.5.0.0
2023-11-22 21:16:02,731 [WARN] PackLoader:240 - Cannot read IP mode file for STMicroelectronics.X-CUBE-TOF1.3.3.1
2023-11-22 21:16:02,794 [WARN] PackLoader:240 - Cannot read IP mode file for STMicroelectronics.X-CUBE-AZRTOS-G4.2.0.0
2023-11-22 21:16:02,821 [INFO] WebApp:188 - Starting web application
2023-11-22 21:16:02,821 [INFO] WebApp:520 - Web application path used D:\DH\STM32\STM32CubeIDE_1.13.2\STM32CubeIDE\plugins\com.st.stm32cube.common.mx_6.9.2.202309101412\db\plugins\mcufinder\reactClient1\index.html
2023-11-22 21:16:02,841 [WARN] PackLoader:240 - Cannot read IP mode file for Infineon.AIROC-Wi-Fi-Bluetooth-STM32.1.5.1
2023-11-22 21:16:02,863 [WARN] PackLoader:240 - Cannot read IP mode file for STMicroelectronics.FP-SNS-MOTENVWB1.1.3.0
2023-11-22 21:16:02,943 [WARN] PackLoader:240 - Cannot read IP mode file for STMicroelectronics.X-CUBE-MEMS1.10.0.0
2023-11-22 21:16:03,180 [WARN] PackLoader:240 - Cannot read IP mode file for STMicroelectronics.X-CUBE-FREERTOS.1.1.0
2023-11-22 21:16:03,198 [WARN] PackLoader:240 - Cannot read IP mode file for portGmbH.I-Cube-SoM-uGOAL.1.1.0
2023-11-22 21:16:03,220 [WARN] PackLoader:240 - Cannot read IP mode file for STMicroelectronics.X-CUBE-ALS.1.0.1
2023-11-22 21:16:03,239 [WARN] PackLoader:240 - Cannot read IP mode file for STMicroelectronics.FP-ATR-ASTRA1.2.0.0
2023-11-22 21:16:03,268 [WARN] PackLoader:240 - Cannot read IP mode file for STMicroelectronics.X-CUBE-TOF1.3.4.0
2023-11-22 21:16:03,293 [INFO] ThirdParty:978 - Integrity check success = true
2023-11-22 21:16:03,293 [INFO] IntegrityCheckThread:100 - exiting critical section [integrity check]
2023-11-22 21:16:03,293 [INFO] IntegrityCheckThread:103 - End integrity checks thread
2023-11-22 21:16:24,327 [ERROR] LogOutputStream:75 - [STDERR_REDIRECT] SLF4J: Failed to load class "org.slf4j.impl.StaticLoggerBinder".
2023-11-22 21:16:24,328 [ERROR] LogOutputStream:75 - [STDERR_REDIRECT] SLF4J: Defaulting to no-operation (NOP) logger implementation
2023-11-22 21:16:24,331 [ERROR] LogOutputStream:75 - [STDERR_REDIRECT] SLF4J: See http://www.slf4j.org/codes.html#StaticLoggerBinder for further details.
2023-11-22 22:33:12,075 [ERROR] ConfigurationRetriever:142 - IOException on connection: Connect timed out
2023-11-22 22:33:41,088 [ERROR] LogOutputStream:75 - [STDERR_REDIRECT] 
