2023-11-19 01:35:37,976 [ERROR] LogOutputStream:75 - [STDERR_REDIRECT] 
2023-11-19 14:26:34,530 [INFO] Activator:176 - 


2023-11-19 14:26:34,532 [INFO] Activator:177 - !SESSION log4j initialized
2023-11-19 14:26:41,874 [INFO] LogOutputStream:77 - [STDOUT_REDIRECT] 
2023-11-19 14:26:47,929 [INFO] ApplicationProperties:184 - Using Application install path: D:\DH\STM32\STM32CubeIDE_1.13.2\STM32CubeIDE\plugins\com.st.stm32cube.common.mx_6.9.2.202309101412
2023-11-19 14:26:47,949 [INFO] DbMcusXml:78 - Set database path to: D:\DH\STM32\STM32CubeIDE_1.13.2\STM32CubeIDE\plugins\com.st.stm32cube.common.mx_6.9.2.202309101412\\db\/mcu/
2023-11-19 14:26:47,949 [INFO] ApiDb:274 - Set plugin database path to: D:\DH\STM32\STM32CubeIDE_1.13.2\STM32CubeIDE\plugins\com.st.stm32cube.common.mx_6.9.2.202309101412\\db\/plugins/boardmanager/
2023-11-19 14:26:47,949 [WARN] ApiDb:259 - Overriding images path with different value:  => D:\DH\STM32\STM32CubeIDE_1.13.2\STM32CubeIDE\plugins\com.st.stm32cube.common.mx_6.9.2.202309101412\\db\/plugins/mcufinder/images/
2023-11-19 14:26:47,968 [INFO] ApiDb:250 - Set database path to: C:\Users\PC\.stmcufinder\plugins\mcufinder//mcu/
2023-11-19 14:26:47,969 [INFO] DbMcusAds:125 - Set database path to: C:\Users\PC\.stmcufinder\plugins\mcufinder//mcu/
2023-11-19 14:26:47,972 [INFO] CrossReferenceDbSqlite:203 - Set database path to: C:\Users\PC\.stmcufinder\plugins\mcufinder//mcu/cs/
2023-11-19 14:26:48,069 [INFO] RulesReader:64 - Compatibility file has been processed (293 Rules)
2023-11-19 14:26:48,142 [INFO] DbMcusXml:78 - Set database path to: D:\DH\STM32\STM32CubeIDE_1.13.2\STM32CubeIDE\plugins\com.st.stm32cube.common.mx_6.9.2.202309101412\\db\/mcu/
2023-11-19 14:26:48,142 [INFO] ApiDb:274 - Set plugin database path to: D:\DH\STM32\STM32CubeIDE_1.13.2\STM32CubeIDE\plugins\com.st.stm32cube.common.mx_6.9.2.202309101412\\db\/plugins/boardmanager/
2023-11-19 14:26:48,143 [INFO] ApiDb:261 - Set plugin images path to: D:\DH\STM32\STM32CubeIDE_1.13.2\STM32CubeIDE\plugins\com.st.stm32cube.common.mx_6.9.2.202309101412\\db\/plugins/mcufinder/images/
2023-11-19 14:26:48,143 [WARN] DbFile:41 - Overriding database path with different value: C:\Users\PC\.stmcufinder\plugins\mcufinder/ => C:\Users\PC\.stmcufinder\plugins\mcufinder
2023-11-19 14:26:48,143 [INFO] ApiDb:250 - Set database path to: C:\Users\PC\.stmcufinder\plugins\mcufinder//mcu/
2023-11-19 14:26:48,143 [WARN] DbFile:41 - Overriding database path with different value: C:\Users\PC\.stmcufinder\plugins\mcufinder/ => C:\Users\PC\.stmcufinder\plugins\mcufinder
2023-11-19 14:26:48,143 [INFO] DbMcusAds:125 - Set database path to: C:\Users\PC\.stmcufinder\plugins\mcufinder//mcu/
2023-11-19 14:26:48,143 [WARN] DbFile:41 - Overriding database path with different value: C:\Users\PC\.stmcufinder\plugins\mcufinder/ => C:\Users\PC\.stmcufinder\plugins\mcufinder
2023-11-19 14:26:48,143 [WARN] DbFile:41 - Overriding database path with different value: C:\Users\PC\.stmcufinder\plugins\mcufinder/ => C:\Users\PC\.stmcufinder\plugins\mcufinder
2023-11-19 14:26:48,143 [INFO] CrossReferenceDbSqlite:203 - Set database path to: C:\Users\PC\.stmcufinder\plugins\mcufinder//mcu/cs/
2023-11-19 14:26:48,217 [INFO] MainPanel:262 - HeapMemory: 268435456
2023-11-19 14:26:48,329 [INFO] DbMcusXml:78 - Set database path to: D:\DH\STM32\STM32CubeIDE_1.13.2\STM32CubeIDE\plugins\com.st.stm32cube.common.mx_6.9.2.202309101412\\db\/mcu/
2023-11-19 14:26:48,330 [INFO] ApiDb:274 - Set plugin database path to: D:\DH\STM32\STM32CubeIDE_1.13.2\STM32CubeIDE\plugins\com.st.stm32cube.common.mx_6.9.2.202309101412\\db\/plugins/boardmanager/
2023-11-19 14:26:48,330 [INFO] ApiDb:261 - Set plugin images path to: D:\DH\STM32\STM32CubeIDE_1.13.2\STM32CubeIDE\plugins\com.st.stm32cube.common.mx_6.9.2.202309101412\\db\/plugins/mcufinder/images/
2023-11-19 14:26:48,331 [WARN] DbFile:41 - Overriding database path with different value: C:\Users\PC\.stmcufinder\plugins\mcufinder/ => C:\Users\PC\.stmcufinder\plugins\mcufinder
2023-11-19 14:26:48,331 [INFO] ApiDb:250 - Set database path to: C:\Users\PC\.stmcufinder\plugins\mcufinder//mcu/
2023-11-19 14:26:48,332 [WARN] DbFile:41 - Overriding database path with different value: C:\Users\PC\.stmcufinder\plugins\mcufinder/ => C:\Users\PC\.stmcufinder\plugins\mcufinder
2023-11-19 14:26:48,332 [INFO] DbMcusAds:125 - Set database path to: C:\Users\PC\.stmcufinder\plugins\mcufinder//mcu/
2023-11-19 14:26:48,332 [WARN] DbFile:41 - Overriding database path with different value: C:\Users\PC\.stmcufinder\plugins\mcufinder/ => C:\Users\PC\.stmcufinder\plugins\mcufinder
2023-11-19 14:26:48,332 [WARN] DbFile:41 - Overriding database path with different value: C:\Users\PC\.stmcufinder\plugins\mcufinder/ => C:\Users\PC\.stmcufinder\plugins\mcufinder
2023-11-19 14:26:48,332 [INFO] CrossReferenceDbSqlite:203 - Set database path to: C:\Users\PC\.stmcufinder\plugins\mcufinder//mcu/cs/
2023-11-19 14:26:48,359 [INFO] ApplicationProperties:184 - Using Application install path: D:\DH\STM32\STM32CubeIDE_1.13.2\STM32CubeIDE\plugins\com.st.stm32cube.common.mx_6.9.2.202309101412
2023-11-19 14:26:48,362 [INFO] PluginManage:196 - Search for loadable plugins [exclusion list=, ]
2023-11-19 14:26:48,365 [INFO] PluginManage:310 - Check plugin analytics
2023-11-19 14:26:53,178 [INFO] AnalyticsPlugin:253 - Accepted Software Licenses: STM32CubeMX.6.9.2
2023-11-19 14:26:53,179 [INFO] AnalyticsPlugin:255 - Accepted CMSIS Pack Licenses: 
2023-11-19 14:26:53,179 [INFO] AnalyticsPlugin:257 - Accepted Firmware Licenses: 
2023-11-19 14:26:53,183 [INFO] PluginManage:359 - Loaded plugin analytics (category:tool,tabindex:-1)
2023-11-19 14:26:53,183 [INFO] PluginManage:310 - Check plugin cadmodel
2023-11-19 14:26:53,202 [INFO] CADModel:105 - Init CAD model plugin
2023-11-19 14:26:53,202 [INFO] PluginManage:359 - Loaded plugin cadmodel (category:power,tabindex:5)
2023-11-19 14:26:53,202 [INFO] PluginManage:310 - Check plugin clock
2023-11-19 14:26:53,219 [INFO] PluginManage:359 - Loaded plugin clock (category:base,tabindex:2)
2023-11-19 14:26:53,219 [INFO] PluginManage:310 - Check plugin ddr
2023-11-19 14:26:53,221 [INFO] PluginManage:359 - Loaded plugin ddr (category:tool,tabindex:6)
2023-11-19 14:26:53,221 [INFO] PluginManage:310 - Check plugin filemanager
2023-11-19 14:26:53,353 [INFO] PluginManage:359 - Loaded plugin filemanager (category:base,tabindex:10)
2023-11-19 14:26:53,353 [INFO] PluginManage:310 - Check plugin ipmanager
2023-11-19 14:26:53,361 [INFO] PluginManage:359 - Loaded plugin ipmanager (category:base,tabindex:5)
2023-11-19 14:26:53,361 [INFO] PluginManage:310 - Check plugin lpbam
2023-11-19 14:26:53,377 [INFO] PluginManage:359 - Loaded plugin lpbam (category:base,tabindex:0)
2023-11-19 14:26:53,377 [INFO] PluginManage:310 - Check plugin memorymap
2023-11-19 14:26:53,406 [INFO] PluginManage:359 - Loaded plugin memorymap (category:base,tabindex:4)
2023-11-19 14:26:53,406 [INFO] PluginManage:310 - Check plugin pinoutandconfiguration
2023-11-19 14:26:53,424 [INFO] PluginManage:359 - Loaded plugin pinoutandconfiguration (category:base,tabindex:1)
2023-11-19 14:26:53,424 [INFO] PluginManage:310 - Check plugin pinoutconfig
2023-11-19 14:26:53,532 [WARN] SupportedApi:132 - Cannot load RTOS API schema: s4s-elt-must-match.1: The content of 'definitions' must match (annotation?, (simpleType | complexType)?, (unique | key | keyref)*)). A problem was found starting at: attribute.
2023-11-19 14:26:53,713 [INFO] PluginManage:359 - Loaded plugin pinoutconfig (category:base,tabindex:0)
2023-11-19 14:26:53,714 [INFO] PluginManage:310 - Check plugin power
2023-11-19 14:26:53,739 [INFO] PluginManage:359 - Loaded plugin power (category:power,tabindex:4)
2023-11-19 14:26:53,739 [INFO] PluginManage:310 - Check plugin projectmanager
2023-11-19 14:26:53,760 [INFO] PluginManage:359 - Loaded plugin projectmanager (category:projectmanager,tabindex:3)
2023-11-19 14:26:53,760 [INFO] PluginManage:310 - Check plugin thirdparty
2023-11-19 14:26:54,030 [INFO] PluginManage:359 - Loaded plugin thirdparty (category:base,tabindex:-1)
2023-11-19 14:26:54,030 [WARN] IntegrityCheckThread:84 - waiting for thirdparty lock release [integrity check]
2023-11-19 14:26:54,030 [INFO] PluginManage:310 - Check plugin tools
2023-11-19 14:26:54,030 [INFO] IntegrityCheckThread:86 - entering critical section [integrity check]
2023-11-19 14:26:54,030 [INFO] ThirdPartyUpdaterWithRetryManager:70 - Updater plugin not ready yet. [1/15]
2023-11-19 14:26:54,063 [INFO] PluginManage:359 - Loaded plugin tools (category:base,tabindex:7)
2023-11-19 14:26:54,063 [INFO] PluginManage:310 - Check plugin tutovideos
2023-11-19 14:26:54,252 [INFO] PluginManage:359 - Loaded plugin tutovideos (category:base,tabindex:-1)
2023-11-19 14:26:54,252 [INFO] PluginManage:310 - Check plugin updater
2023-11-19 14:26:54,265 [INFO] PluginManage:359 - Loaded plugin updater (category:base,tabindex:12)
2023-11-19 14:26:54,265 [INFO] PluginManage:310 - Check plugin userauth
2023-11-19 14:26:54,271 [INFO] UserAuth:113 - Init User Auth plugin
2023-11-19 14:26:54,272 [INFO] PluginManage:359 - Loaded plugin userauth (category:base,tabindex:14)
2023-11-19 14:26:54,272 [INFO] PluginManage:283 - PluginManage : Loaded plugins [17]
2023-11-19 14:26:54,489 [INFO] PinOutPanel:1499 - setPackage(No Configuration,No Configuration)
2023-11-19 14:26:54,590 [INFO] CADModel:165 - CPN selected for project level
2023-11-19 14:26:54,591 [INFO] CADModel:114 - Register for checkConnection events
2023-11-19 14:26:54,616 [INFO] IPUIPlugin:80 - create IPUIPlugin
2023-11-19 14:26:54,616 [INFO] PluginManager:220 - loadIPPluginJar : add adc
2023-11-19 14:26:54,650 [INFO] IPUIPlugin:80 - create IPUIPlugin
2023-11-19 14:26:54,650 [INFO] PluginManager:220 - loadIPPluginJar : add aes
2023-11-19 14:26:54,687 [INFO] IPUIPlugin:80 - create IPUIPlugin
2023-11-19 14:26:54,687 [INFO] PluginManager:220 - loadIPPluginJar : add can
2023-11-19 14:26:54,707 [INFO] IPUIPlugin:80 - create IPUIPlugin
2023-11-19 14:26:54,707 [INFO] PluginManager:220 - loadIPPluginJar : add comp
2023-11-19 14:26:54,738 [INFO] IPUIPlugin:80 - create IPUIPlugin
2023-11-19 14:26:54,738 [INFO] PluginManager:220 - loadIPPluginJar : add cryp
2023-11-19 14:26:54,767 [INFO] IPUIPlugin:80 - create IPUIPlugin
2023-11-19 14:26:54,768 [INFO] PluginManager:220 - loadIPPluginJar : add dfsdm
2023-11-19 14:26:54,780 [INFO] IPUIPlugin:80 - create IPUIPlugin
2023-11-19 14:26:54,781 [INFO] PluginManager:220 - loadIPPluginJar : add dma
2023-11-19 14:26:54,819 [INFO] IPUIPlugin:80 - create IPUIPlugin
2023-11-19 14:26:54,819 [INFO] PluginManager:220 - loadIPPluginJar : add dma3
2023-11-19 14:26:54,837 [INFO] IPUIPlugin:80 - create IPUIPlugin
2023-11-19 14:26:54,838 [INFO] PluginManager:220 - loadIPPluginJar : add fatfs
2023-11-19 14:26:54,876 [INFO] IPUIPlugin:80 - create IPUIPlugin
2023-11-19 14:26:54,876 [INFO] PluginManager:220 - loadIPPluginJar : add fmc
2023-11-19 14:26:54,891 [INFO] IPUIPlugin:80 - create IPUIPlugin
2023-11-19 14:26:54,891 [INFO] PluginManager:220 - loadIPPluginJar : add freertos
2023-11-19 14:26:54,908 [INFO] IPUIPlugin:80 - create IPUIPlugin
2023-11-19 14:26:54,908 [INFO] PluginManager:220 - loadIPPluginJar : add genericplugin
2023-11-19 14:26:54,984 [INFO] IPUIPlugin:80 - create IPUIPlugin
2023-11-19 14:26:54,984 [INFO] PluginManager:220 - loadIPPluginJar : add gfxmmu
2023-11-19 14:26:55,098 [INFO] IPUIPlugin:80 - create IPUIPlugin
2023-11-19 14:26:55,098 [INFO] PluginManager:220 - loadIPPluginJar : add gic
2023-11-19 14:26:55,110 [INFO] IPUIPlugin:80 - create IPUIPlugin
2023-11-19 14:26:55,110 [INFO] PluginManager:220 - loadIPPluginJar : add gpio
2023-11-19 14:26:55,188 [INFO] IPUIPlugin:80 - create IPUIPlugin
2023-11-19 14:26:55,188 [INFO] PluginManager:220 - loadIPPluginJar : add gtzc
2023-11-19 14:26:55,217 [INFO] IPUIPlugin:80 - create IPUIPlugin
2023-11-19 14:26:55,217 [INFO] PluginManager:220 - loadIPPluginJar : add hash
2023-11-19 14:26:55,270 [INFO] IPUIPlugin:80 - create IPUIPlugin
2023-11-19 14:26:55,271 [INFO] PluginManager:220 - loadIPPluginJar : add i2c
2023-11-19 14:26:55,307 [INFO] IPUIPlugin:80 - create IPUIPlugin
2023-11-19 14:26:55,307 [INFO] PluginManager:220 - loadIPPluginJar : add i2s
2023-11-19 14:26:55,344 [INFO] IPUIPlugin:80 - create IPUIPlugin
2023-11-19 14:26:55,344 [INFO] PluginManager:220 - loadIPPluginJar : add i3c
2023-11-19 14:26:55,457 [INFO] IPUIPlugin:80 - create IPUIPlugin
2023-11-19 14:26:55,457 [INFO] PluginManager:220 - loadIPPluginJar : add ipddr
2023-11-19 14:26:55,567 [INFO] IPUIPlugin:80 - create IPUIPlugin
2023-11-19 14:26:55,567 [INFO] PluginManager:220 - loadIPPluginJar : add linkedlist
2023-11-19 14:26:55,571 [INFO] IPUIPlugin:80 - create IPUIPlugin
2023-11-19 14:26:55,571 [INFO] PluginManager:220 - loadIPPluginJar : add lorawan
2023-11-19 14:26:55,602 [INFO] IPUIPlugin:80 - create IPUIPlugin
2023-11-19 14:26:55,602 [INFO] PluginManager:220 - loadIPPluginJar : add ltdc
2023-11-19 14:26:55,616 [INFO] IPUIPlugin:80 - create IPUIPlugin
2023-11-19 14:26:55,617 [INFO] PluginManager:220 - loadIPPluginJar : add mdma
2023-11-19 14:26:55,629 [INFO] IPUIPlugin:80 - create IPUIPlugin
2023-11-19 14:26:55,629 [INFO] PluginManager:220 - loadIPPluginJar : add nvic
2023-11-19 14:26:55,661 [INFO] IPUIPlugin:80 - create IPUIPlugin
2023-11-19 14:26:55,661 [INFO] PluginManager:220 - loadIPPluginJar : add opamp
2023-11-19 14:26:55,712 [INFO] IPUIPlugin:80 - create IPUIPlugin
2023-11-19 14:26:55,713 [INFO] PluginManager:220 - loadIPPluginJar : add openamp
2023-11-19 14:26:55,751 [INFO] IPUIPlugin:80 - create IPUIPlugin
2023-11-19 14:26:55,751 [INFO] PluginManager:220 - loadIPPluginJar : add pdm2pcm
2023-11-19 14:26:55,764 [INFO] IPUIPlugin:80 - create IPUIPlugin
2023-11-19 14:26:55,766 [INFO] PluginManager:220 - loadIPPluginJar : add plateformsettings
2023-11-19 14:26:55,789 [INFO] IPUIPlugin:80 - create IPUIPlugin
2023-11-19 14:26:55,789 [INFO] PluginManager:220 - loadIPPluginJar : add quadspi
2023-11-19 14:26:55,800 [INFO] IPUIPlugin:80 - create IPUIPlugin
2023-11-19 14:26:55,800 [INFO] PluginManager:220 - loadIPPluginJar : add resmgrutility
2023-11-19 14:26:55,845 [INFO] IPUIPlugin:80 - create IPUIPlugin
2023-11-19 14:26:55,845 [INFO] PluginManager:220 - loadIPPluginJar : add sai
2023-11-19 14:26:55,879 [INFO] IPUIPlugin:80 - create IPUIPlugin
2023-11-19 14:26:55,880 [INFO] PluginManager:220 - loadIPPluginJar : add spi
2023-11-19 14:26:55,934 [INFO] IPUIPlugin:80 - create IPUIPlugin
2023-11-19 14:26:55,934 [INFO] PluginManager:220 - loadIPPluginJar : add stm32_wpan
2023-11-19 14:26:55,957 [INFO] IPUIPlugin:80 - create IPUIPlugin
2023-11-19 14:26:55,957 [INFO] PluginManager:220 - loadIPPluginJar : add tim
2023-11-19 14:26:56,009 [INFO] IPUIPlugin:80 - create IPUIPlugin
2023-11-19 14:26:56,010 [INFO] PluginManager:220 - loadIPPluginJar : add touchsensing
2023-11-19 14:26:56,031 [INFO] IPUIPlugin:80 - create IPUIPlugin
2023-11-19 14:26:56,031 [INFO] PluginManager:220 - loadIPPluginJar : add tracer_emb
2023-11-19 14:26:56,050 [INFO] IPUIPlugin:80 - create IPUIPlugin
2023-11-19 14:26:56,050 [INFO] PluginManager:220 - loadIPPluginJar : add ts
2023-11-19 14:26:56,068 [INFO] IPUIPlugin:80 - create IPUIPlugin
2023-11-19 14:26:56,069 [INFO] PluginManager:220 - loadIPPluginJar : add tsc
2023-11-19 14:26:56,088 [INFO] IPUIPlugin:80 - create IPUIPlugin
2023-11-19 14:26:56,089 [INFO] PluginManager:220 - loadIPPluginJar : add ucpd
2023-11-19 14:26:56,129 [INFO] IPUIPlugin:80 - create IPUIPlugin
2023-11-19 14:26:56,129 [INFO] PluginManager:220 - loadIPPluginJar : add usart
2023-11-19 14:26:56,164 [INFO] IPUIPlugin:80 - create IPUIPlugin
2023-11-19 14:26:56,164 [INFO] PluginManager:220 - loadIPPluginJar : add usbx
2023-11-19 14:26:56,285 [INFO] CADModel:165 - CPN selected for project level
2023-11-19 14:26:56,285 [INFO] CADModel:114 - Register for checkConnection events
2023-11-19 14:26:56,285 [FATAL] Updater:308 - Updater called before beeing initialized
2023-11-19 14:26:56,285 [ERROR] CADModel:125 - Updater not yet initialized, retry later 
2023-11-19 14:26:56,421 [INFO] CADModel:165 - CPN selected for project level
2023-11-19 14:26:56,421 [INFO] CADModel:114 - Register for checkConnection events
2023-11-19 14:26:56,422 [FATAL] Updater:308 - Updater called before beeing initialized
2023-11-19 14:26:56,422 [ERROR] CADModel:125 - Updater not yet initialized, retry later 
2023-11-19 14:26:56,426 [FATAL] Updater:308 - Updater called before beeing initialized
2023-11-19 14:26:56,540 [FATAL] Updater:308 - Updater called before beeing initialized
2023-11-19 14:26:56,553 [INFO] DbMcusAds:53 - JSON generation date=Tue Mar 07 15:50:55 ICT 2023 (1678179055335)
2023-11-19 14:26:56,554 [FATAL] Updater:308 - Updater called before beeing initialized
2023-11-19 14:26:56,634 [WARN] DetailPanel:346 - Failed to get advertising image, set to default
2023-11-19 14:26:56,752 [FATAL] Updater:308 - Updater called before beeing initialized
2023-11-19 14:26:56,754 [FATAL] Updater:308 - Updater called before beeing initialized
2023-11-19 14:26:56,754 [FATAL] Updater:308 - Updater called before beeing initialized
2023-11-19 14:26:56,754 [WARN] DetailPanel:346 - Failed to get advertising image, set to default
2023-11-19 14:26:56,756 [FATAL] Updater:308 - Updater called before beeing initialized
2023-11-19 14:26:56,841 [ERROR] Updater:1120 - MainUpdater not yet initialized. External WinMGr cannot be set.
2023-11-19 14:26:56,856 [INFO] Updater:1056 - Updater Version found : 6.9.2
2023-11-19 14:26:56,882 [INFO] ApplicationProperties:184 - Using Application install path: D:\DH\STM32\STM32CubeIDE_1.13.2\STM32CubeIDE\plugins\com.st.stm32cube.common.mx_6.9.2.202309101412
2023-11-19 14:26:57,032 [INFO] ThirdPartyUpdaterWithRetryManager:70 - Updater plugin not ready yet. [2/15]
2023-11-19 14:26:57,141 [INFO] MainUpdater:2868 - connection check result : 10
2023-11-19 14:26:57,143 [INFO] MainUpdater:285 - Updater Check For Update Now.
2023-11-19 14:26:57,144 [INFO] MicroXplorer:498 - Change Database Version : DB.6.0.92
2023-11-19 14:26:57,173 [INFO] McuFinderGlobals:63 - Set McuFinder mode to 2 (CubeIDE integrated)
2023-11-19 14:26:57,174 [INFO] UserAuth:179 - activating auth plugin
2023-11-19 14:26:57,180 [INFO] UserAuth:393 - Internet connection configuration mode: 1
2023-11-19 14:26:57,231 [INFO] JxBrowserEngine:151 - Initiate JxBrowser Engine with user profile folder
2023-11-19 14:26:57,445 [INFO] CheckServerUpdateThread:120 - End of CheckServer Thread
2023-11-19 14:26:59,799 [INFO] WebApp:157 - Instantiating new browser for Auth
2023-11-19 14:27:00,246 [WARN] PackLoader:240 - Cannot read IP mode file for STMicroelectronics.X-CUBE-SMBUS.2.1.0
2023-11-19 14:27:00,314 [WARN] PackLoader:240 - Cannot read IP mode file for STMicroelectronics.X-CUBE-AZRTOS-F7.1.1.0
2023-11-19 14:27:00,354 [WARN] PackLoader:240 - Cannot read IP mode file for STMicroelectronics.FP-SNS-MOTENV1.4.3.2
2023-11-19 14:27:00,390 [WARN] PackLoader:240 - Cannot read IP mode file for STMicroelectronics.FP-SNS-FLIGHT1.5.0.2
2023-11-19 14:27:00,431 [WARN] PackLoader:240 - Cannot read IP mode file for STMicroelectronics.X-CUBE-DISPLAY.3.0.0
2023-11-19 14:27:00,468 [WARN] PackLoader:240 - Cannot read IP mode file for STMicroelectronics.X-CUBE-BLE1.7.0.0
2023-11-19 14:27:00,492 [WARN] PackLoader:240 - Cannot read IP mode file for emotas.I-CUBE-CANOPEN.1.3.0
2023-11-19 14:27:00,515 [WARN] PackLoader:240 - Cannot read IP mode file for STMicroelectronics.X-CUBE-TOUCHGFX.4.22.0
2023-11-19 14:27:00,528 [WARN] PackLoader:240 - Cannot read IP mode file for STMicroelectronics.X-CUBE-TOUCHGFX.4.22.1
2023-11-19 14:27:00,542 [WARN] PackLoader:240 - Cannot read IP mode file for STMicroelectronics.FP-SNS-SMARTAG2.1.2.0
2023-11-19 14:27:00,567 [INFO] LogOutputStream:77 - [STDOUT_REDIRECT] 1 : Invalid condition id : UX_CORESTACK_Condition cause : null
2023-11-19 14:27:00,568 [INFO] LogOutputStream:77 - [STDOUT_REDIRECT] 1 : Invalid condition id : UX_CORESTACK_Condition cause : null
2023-11-19 14:27:00,569 [INFO] LogOutputStream:77 - [STDOUT_REDIRECT] 1 : Invalid condition id : UX_CORESTACK_Condition cause : null
2023-11-19 14:27:00,571 [INFO] LogOutputStream:77 - [STDOUT_REDIRECT] 1 : Invalid condition id : UX_CORESTACK_Condition cause : null
2023-11-19 14:27:00,573 [INFO] LogOutputStream:77 - [STDOUT_REDIRECT] 1 : Invalid condition id : UX_CORESTACK_Condition cause : null
2023-11-19 14:27:00,578 [WARN] PackLoader:240 - Cannot read IP mode file for STMicroelectronics.X-CUBE-AZRTOS-WL.2.0.0
2023-11-19 14:27:00,596 [WARN] PackLoader:240 - Cannot read IP mode file for WES.I-CUBE-Cesium.1.3.0
2023-11-19 14:27:00,615 [WARN] PackLoader:240 - Cannot read IP mode file for STMicroelectronics.X-CUBE-BLE2.3.3.0
2023-11-19 14:27:00,632 [WARN] PackLoader:240 - Cannot read IP mode file for STMicroelectronics.X-CUBE-ALGOBUILD.1.3.0
2023-11-19 14:27:00,659 [INFO] WebApp:753 - Register for checkConnection events
2023-11-19 14:27:00,659 [INFO] WebApp:390 - Apply proxy settings
2023-11-19 14:27:00,660 [INFO] WebApp:475 - Chromium requires no authentication
2023-11-19 14:27:00,666 [WARN] PackLoader:240 - Cannot read IP mode file for STMicroelectronics.X-CUBE-AZRTOS-G0.1.1.0
2023-11-19 14:27:00,673 [INFO] WebApp:418 - Direct internet connection detected
2023-11-19 14:27:00,688 [WARN] PackLoader:240 - Cannot read IP mode file for STMicroelectronics.X-CUBE-NFC4.3.0.0
2023-11-19 14:27:00,728 [WARN] PackLoader:240 - Cannot read IP mode file for STMicroelectronics.X-CUBE-BLEMGR.3.0.0
2023-11-19 14:27:00,753 [WARN] PackLoader:240 - Cannot read IP mode file for STMicroelectronics.FP-ATR-SIGFOX1.3.2.0
2023-11-19 14:27:00,838 [WARN] PackLoader:240 - Cannot read IP mode file for SEGGER.I-CUBE-embOS.1.3.1
2023-11-19 14:27:00,934 [WARN] PackLoader:240 - Cannot read IP mode file for STMicroelectronics.X-CUBE-GNSS1.6.0.0
2023-11-19 14:27:00,978 [WARN] PackLoader:240 - Cannot read IP mode file for STMicroelectronics.X-CUBE-AZRTOS-F4.1.1.0
2023-11-19 14:27:01,001 [WARN] PackLoader:240 - Cannot read IP mode file for wolfSSL.I-CUBE-wolfSSL.5.6.3
2023-11-19 14:27:01,040 [WARN] PackLoader:240 - Cannot read IP mode file for STMicroelectronics.X-CUBE-AZRTOS-L5.2.0.0
2023-11-19 14:27:01,113 [INFO] WebApp:188 - Starting web application
2023-11-19 14:27:01,113 [INFO] WebApp:520 - Web application path used D:\DH\STM32\STM32CubeIDE_1.13.2\STM32CubeIDE\plugins\com.st.stm32cube.common.mx_6.9.2.202309101412\db\plugins\mcufinder\reactClient1\index.html
2023-11-19 14:27:01,115 [WARN] PackLoader:240 - Cannot read IP mode file for STMicroelectronics.X-CUBE-MEMS1.9.6.0
2023-11-19 14:27:01,406 [WARN] PackLoader:240 - Cannot read IP mode file for STMicroelectronics.X-CUBE-EEPRMA1.4.2.0
2023-11-19 14:27:01,431 [WARN] PackLoader:240 - Cannot read IP mode file for ITTIA_DB.I-CUBE-ITTIADB.8.8.0
2023-11-19 14:27:01,451 [WARN] PackLoader:240 - Cannot read IP mode file for STMicroelectronics.X-CUBE-BLEMGR.2.0.0
2023-11-19 14:27:01,496 [WARN] ConditionMgr:438 - getConditionDescription Invalid condition id : UX DEVICE CLASS RTOS Condition cause : null
2023-11-19 14:27:01,497 [WARN] ConditionMgr:438 - getConditionDescription Invalid condition id : UX DEVICE CLASS RTOS Condition cause : null
2023-11-19 14:27:01,503 [WARN] PackLoader:240 - Cannot read IP mode file for STMicroelectronics.X-CUBE-AZRTOS-H7.3.1.0
2023-11-19 14:27:01,506 [WARN] ConditionMgr:1039 - genDependencies : Invalid condition id : UX DEVICE CLASS RTOS Condition cause : null
2023-11-19 14:27:01,507 [WARN] ConditionMgr:1039 - genDependencies : Invalid condition id : UX DEVICE CLASS RTOS Condition cause : null
2023-11-19 14:27:01,507 [WARN] ConditionMgr:1039 - genDependencies : Invalid condition id : UX DEVICE CLASS RTOS Condition cause : null
2023-11-19 14:27:01,508 [WARN] ConditionMgr:1039 - genDependencies : Invalid condition id : UX DEVICE CLASS RTOS Condition cause : null
2023-11-19 14:27:01,509 [WARN] ConditionMgr:1039 - genDependencies : Invalid condition id : UX DEVICE CLASS RTOS Condition cause : null
2023-11-19 14:27:01,536 [WARN] PackLoader:240 - Cannot read IP mode file for STMicroelectronics.X-CUBE-NFC7.1.0.1
2023-11-19 14:27:01,564 [WARN] PackLoader:240 - Cannot read IP mode file for STMicroelectronics.X-CUBE-NFC6.3.0.0
2023-11-19 14:27:01,596 [WARN] PackLoader:240 - Cannot read IP mode file for STMicroelectronics.X-CUBE-EEPRMA1.4.1.0
2023-11-19 14:27:01,620 [WARN] PackLoader:240 - Cannot read IP mode file for STMicroelectronics.X-CUBE-AI.8.1.0
2023-11-19 14:27:01,676 [WARN] ConditionMgr:438 - getConditionDescription Invalid condition id : LAN8742 Phy interface Condition cause : null
2023-11-19 14:27:01,677 [WARN] PackLoader:240 - Cannot read IP mode file for STMicroelectronics.X-CUBE-AZRTOS-L4.2.0.0
2023-11-19 14:27:01,680 [WARN] ConditionMgr:1039 - genDependencies : Invalid condition id : LAN8742 Phy interface Condition cause : null
2023-11-19 14:27:01,680 [WARN] ConditionMgr:1039 - genDependencies : Invalid condition id : LAN8742 Phy interface Condition cause : null
2023-11-19 14:27:01,681 [WARN] ConditionMgr:1039 - genDependencies : Invalid condition id : LAN8742 Phy interface Condition cause : null
2023-11-19 14:27:01,708 [WARN] PackLoader:240 - Cannot read IP mode file for STMicroelectronics.X-CUBE-SFXS2LP1.4.0.0
2023-11-19 14:27:01,730 [WARN] PackLoader:240 - Cannot read IP mode file for STMicroelectronics.X-CUBE-ISPU.1.1.0
2023-11-19 14:27:01,784 [WARN] ConditionMgr:438 - getConditionDescription Invalid condition id : UX DEVICE CLASS RTOS Condition cause : null
2023-11-19 14:27:01,785 [WARN] ConditionMgr:438 - getConditionDescription Invalid condition id : UX DEVICE CLASS RTOS Condition cause : null
2023-11-19 14:27:01,789 [WARN] PackLoader:240 - Cannot read IP mode file for STMicroelectronics.X-CUBE-AZRTOS-WB.2.0.0
2023-11-19 14:27:01,791 [WARN] ConditionMgr:1039 - genDependencies : Invalid condition id : UX DEVICE CLASS RTOS Condition cause : null
2023-11-19 14:27:01,791 [WARN] ConditionMgr:1039 - genDependencies : Invalid condition id : UX DEVICE CLASS RTOS Condition cause : null
2023-11-19 14:27:01,792 [WARN] ConditionMgr:1039 - genDependencies : Invalid condition id : UX DEVICE CLASS RTOS Condition cause : null
2023-11-19 14:27:01,793 [WARN] ConditionMgr:1039 - genDependencies : Invalid condition id : UX DEVICE CLASS RTOS Condition cause : null
2023-11-19 14:27:01,793 [WARN] ConditionMgr:1039 - genDependencies : Invalid condition id : UX DEVICE CLASS RTOS Condition cause : null
2023-11-19 14:27:01,839 [WARN] PackLoader:240 - Cannot read IP mode file for STMicroelectronics.X-CUBE-SUBG2.5.0.0
2023-11-19 14:27:01,896 [WARN] PackLoader:240 - Cannot read IP mode file for STMicroelectronics.X-CUBE-TOF1.3.3.1
2023-11-19 14:27:01,969 [WARN] PackLoader:240 - Cannot read IP mode file for STMicroelectronics.X-CUBE-AZRTOS-G4.2.0.0
2023-11-19 14:27:02,010 [WARN] PackLoader:240 - Cannot read IP mode file for Infineon.AIROC-Wi-Fi-Bluetooth-STM32.1.5.1
2023-11-19 14:27:02,033 [WARN] PackLoader:240 - Cannot read IP mode file for STMicroelectronics.FP-SNS-MOTENVWB1.1.3.0
2023-11-19 14:27:02,114 [WARN] PackLoader:240 - Cannot read IP mode file for STMicroelectronics.X-CUBE-MEMS1.10.0.0
2023-11-19 14:27:02,310 [WARN] PackLoader:240 - Cannot read IP mode file for STMicroelectronics.X-CUBE-FREERTOS.1.1.0
2023-11-19 14:27:02,329 [WARN] PackLoader:240 - Cannot read IP mode file for portGmbH.I-Cube-SoM-uGOAL.1.1.0
2023-11-19 14:27:02,345 [WARN] PackLoader:240 - Cannot read IP mode file for STMicroelectronics.X-CUBE-ALS.1.0.1
2023-11-19 14:27:02,360 [WARN] PackLoader:240 - Cannot read IP mode file for STMicroelectronics.FP-ATR-ASTRA1.2.0.0
2023-11-19 14:27:02,361 [INFO] ThirdParty:978 - Integrity check success = true
2023-11-19 14:27:02,362 [INFO] IntegrityCheckThread:100 - exiting critical section [integrity check]
2023-11-19 14:27:02,362 [INFO] IntegrityCheckThread:103 - End integrity checks thread
2023-11-19 14:27:22,575 [ERROR] LogOutputStream:75 - [STDERR_REDIRECT] SLF4J: Failed to load class "org.slf4j.impl.StaticLoggerBinder".
2023-11-19 14:27:22,576 [ERROR] LogOutputStream:75 - [STDERR_REDIRECT] SLF4J: Defaulting to no-operation (NOP) logger implementation
2023-11-19 14:27:22,577 [ERROR] LogOutputStream:75 - [STDERR_REDIRECT] SLF4J: See http://www.slf4j.org/codes.html#StaticLoggerBinder for further details.
2023-11-19 15:46:26,858 [ERROR] ConfigurationRetriever:142 - IOException on connection: Connect timed out
2023-11-19 15:46:28,859 [ERROR] ConfigurationRetriever:142 - IOException on connection: Connect timed out
2023-11-19 15:46:30,860 [ERROR] ConfigurationRetriever:142 - IOException on connection: Connect timed out
2023-11-19 15:46:49,440 [ERROR] ConfigurationRetriever:142 - IOException on connection: Connect timed out
2023-11-19 15:46:51,441 [ERROR] ConfigurationRetriever:142 - IOException on connection: Connect timed out
2023-11-19 15:46:53,442 [ERROR] ConfigurationRetriever:142 - IOException on connection: Connect timed out
2023-11-19 16:44:01,880 [INFO] McuFinderGlobals:63 - Set McuFinder mode to 2 (CubeIDE integrated)
2023-11-19 16:44:01,894 [INFO] MainUpdater:2868 - connection check result : 10
2023-11-19 16:44:01,907 [INFO] McuFinderGlobals:76 - Set McuFinderConnectedMode to true
2023-11-19 16:44:02,266 [INFO] ServerAccessManage:473 - Download File mcusAds.json._tmp_
2023-11-19 16:44:02,370 [INFO] LoadUrlFilesThread:156 - End of LoadUrlFiles Thread
2023-11-19 16:44:02,540 [INFO] ServerAccessManage:473 - Download File cube-finder-db.zip
2023-11-19 16:44:06,197 [INFO] FileExtend:240 - Unzip File : cube-finder-db.zip
2023-11-19 16:44:06,197 [INFO] FileExtend:255 - Standard Zip Deflate
2023-11-19 16:44:06,768 [INFO] LoadUrlFilesThread:156 - End of LoadUrlFiles Thread
2023-11-19 16:44:08,047 [INFO] ServerAccessManage:473 - Download File crdb.zip
2023-11-19 16:44:09,516 [INFO] FileExtend:240 - Unzip File : crdb.zip
2023-11-19 16:44:09,516 [INFO] FileExtend:255 - Standard Zip Deflate
2023-11-19 16:44:09,652 [INFO] LoadUrlFilesThread:156 - End of LoadUrlFiles Thread
2023-11-19 16:44:09,755 [INFO] ServerAccessManage:473 - Download File tutoVideoDB.zip
2023-11-19 16:44:09,794 [INFO] FileExtend:240 - Unzip File : tutoVideoDB.zip
2023-11-19 16:44:09,794 [INFO] FileExtend:255 - Standard Zip Deflate
2023-11-19 16:44:09,912 [INFO] LoadUrlFilesThread:156 - End of LoadUrlFiles Thread
2023-11-19 16:44:09,914 [WARN] DbFile:41 - Overriding database path with different value: C:\Users\PC\.stmcufinder\plugins\mcufinder/ => C:\Users\PC\.stmcufinder\plugins\mcufinder
2023-11-19 16:44:10,049 [INFO] ServerAccessManage:473 - Download File api_config.json
2023-11-19 16:44:10,156 [INFO] LoadUrlFilesThread:156 - End of LoadUrlFiles Thread
2023-11-19 16:44:10,156 [INFO] DbMcusAds:53 - JSON generation date=Tue Mar 07 15:50:55 ICT 2023 (1678179055335)
2023-11-19 16:44:10,172 [INFO] LoadUrlFilesThread:185 - End of LoadServerUrlFiles without Thread
2023-11-19 16:44:10,173 [INFO] TargetSelectorAdapter:259 - Refresh data is successful
2023-11-19 16:44:10,307 [INFO] ApiDb:581 - Connected to CubeFinder SQLite database (C:\Users\PC\.stmcufinder\plugins\mcufinder\mcu\cube-finder-db.db)
2023-11-19 16:44:10,347 [INFO] ApiDb:668 - CubeFinder database Data Model version=2.1
2023-11-19 16:44:10,347 [INFO] ApiDb:669 - CubeFinder database Configuration version=3.0.37
2023-11-19 16:44:10,348 [INFO] ApiDb:670 - CubeFinder database generation date=2023-10-13 (1697197505)
2023-11-19 16:44:10,348 [INFO] ApiDb:671 - CubeFinder database FW Pack versions=[FP-ATR-ASTRA1_V2.0.0, FP-SNS-FLIGHT1_V5.0.1, FP-SNS-FLIGHT1_V5.0.2, FP-SNS-MOTENV1_V4.3.1, FP-SNS-MOTENV1_V4.3.2, FP-SNS-SMARTAG2_V1.2.0, I-CUBE-ITTIADB_V8.6.3-1, STM32Cube_FW_C0_V1.1.0, STM32Cube_FW_F4_V1.27.1, STM32Cube_FW_F7_V1.17.0, STM32Cube_FW_G0_V1.6.1, STM32Cube_FW_G4_V1.5.1, STM32Cube_FW_H5_V0.5.1, STM32Cube_FW_H5_V1.1.1, STM32Cube_FW_H7_V1.11.0, STM32Cube_FW_L0_V1.12.2, STM32Cube_FW_L5_V1.5.0, STM32Cube_FW_U5_V1.3.0, STM32Cube_FW_U5_V1.3.0RC4, STM32Cube_FW_WBA_V1.0.0RC1, STM32Cube_FW_WBA_V1.1.0RC1, STM32Cube_FW_WBA_V1.1.1, STM32Cube_FW_WB_V1.15.0RC1, STM32Cube_FW_WB_V1.16.0, STM32Cube_FW_WB_V1.16.0RC2, STM32Cube_FW_WB_V1.17.3, STM32Cube_FW_WL_V1.3.0, X-CUBE-ALGOBUILD_V1.3.0, X-CUBE-ALS_V1.0.1, X-CUBE-AZRTOS-F4_V1.1.0, X-CUBE-AZRTOS-F7_V1.1.0, X-CUBE-AZRTOS-G0_V1.1.0, X-CUBE-AZRTOS-G4_V2.0.0, X-CUBE-AZRTOS-H7_V3.1.0, X-CUBE-AZRTOS-L4_V1.0.0, X-CUBE-AZRTOS-L4_V2.0.0, X-CUBE-AZRTOS-L5_V1.1.0, X-CUBE-AZRTOS-WB_V2.0.0, X-CUBE-AZRTOS-WL_V2.0.0, X-CUBE-BLE1_V7.0.0, X-CUBE-BLE2_V3.3.0, X-CUBE-BLEMGR_V2.0.0, X-CUBE-EEPRMA1_V4.1.0, X-CUBE-FREERTOS_V1.1.0, X-CUBE-GNSS1_V6.0.0, X-CUBE-MEMS1_V10.0.0, X-CUBE-MEMS1_V9.1.0, X-CUBE-MEMS1_V9.4.0, X-CUBE-MEMS1_V9.6.0, X-CUBE-NFC4_V3.0.0, X-CUBE-NFC7_V1.0.1, X-CUBE-SFXS2LP1_V4.0.0, X-CUBE-SUBG2_V5.0.0, X-CUBE-TOF1_V3.3.1]
2023-11-19 16:44:11,466 [INFO] ApiDb:240 - Found 323 in-development CPN: [B-G473E-ZEST1S, B-WB1M-WPAN1, B-WL5M-SUBG1, NUCLEO-C031C6, NUCLEO-H503RB, NUCLEO-H563ZI, NUCLEO-U545RE-Q, NUCLEO-U5A5ZJ-Q, NUCLEO-WBA52CG, STEVAL-PROTEUS1, STEVAL-SMARTAG2, STEVAL-STWINBX1, STM320518-EVAL, STM32C0116-DK, STM32C011D6Y3TR, STM32C011D6Y6TR, STM32C011F4P3, STM32C011F4P6, STM32C011F4U3, STM32C011F4U6TR, STM32C011F6P3, STM32C011F6P6, STM32C011F6U3, STM32C011F6U6TR, STM32C011J4M3, STM32C011J4M6, STM32C011J6M3, STM32C011J6M6, STM32C0316-DK, STM32C031C4T3, STM32C031C4T6, STM32C031C4U3, STM32C031C4U6, STM32C031C6T3, STM32C031C6T6, STM32C031C6U3, STM32C031C6U6, STM32C031F4P3, STM32C031F4P6, STM32C031F6P3, STM32C031F6P6, STM32C031G4U3, STM32C031G4U6, STM32C031G6U3, STM32C031G6U6, STM32C031K4T3, STM32C031K4T6, STM32C031K4U3, STM32C031K4U6, STM32C031K6T3, STM32C031K6T6, STM32C031K6U3, STM32C031K6U6, STM32G071K8TXN, STM32G071K8UXN, STM32G081GBU6N, STM32G081KBT6N, STM32G081KBUXN, STM32G0B1CCT6N, STM32G0B1KCT6, STM32G0B1NEY6TR, STM32G0B1RCT6N, STM32G0C1CCT6, STM32G0C1CCT6N, STM32G0C1CCU6N, STM32G0C1CET6N, STM32G0C1CEU6N, STM32G0C1KCT6, STM32G0C1NEY6TR, STM32G0C1RCI6N, STM32G0C1RCT6N, STM32G0C1REI6N, STM32G0C1RET6N, STM32G0C1VCI6, STM32G0C1VEI6, STM32G471CCT6, STM32G471CCU6, STM32G471CET3, STM32G471CET6, STM32G471CEU3, STM32G471CEU6, STM32G471MCT6, STM32G471MET3, STM32G471MET6, STM32G471MEY6TR, STM32G471QCT6, STM32G471QET3, STM32G471RCT6, STM32G471RET3, STM32G471RET6, STM32G471VCH6, STM32G471VCI6, STM32G471VCT6, STM32G471VEH3, STM32G471VEH6, STM32G471VEI3, STM32G471VEI6, STM32G471VET3, STM32G471VET6, STM32G474CCT6, STM32H503CBT6, STM32H503CBU6, STM32H503EBY6TR, STM32H503KBU6, STM32H503RBT6, STM32H562AGI6, STM32H562AII6, STM32H562IGK6, STM32H562IGT6, STM32H562IIK6, STM32H562IIT6, STM32H562RGT6, STM32H562RGV6, STM32H562RIT6, STM32H562RIV6, STM32H562VGT6, STM32H562VIT6, STM32H562ZGT6, STM32H562ZIT6, STM32H563AGI6, STM32H563AII3Q, STM32H563AII6, STM32H563IGK6, STM32H563IGT6, STM32H563IIK3Q, STM32H563IIK6, STM32H563IIT3Q, STM32H563IIT6, STM32H563MIY3QTR, STM32H563RGT6, STM32H563RGV6, STM32H563RIT6, STM32H563RIV6, STM32H563VGT6, STM32H563VIT3Q, STM32H563VIT6, STM32H563ZGT6, STM32H563ZIT3Q, STM32H563ZIT6, STM32H573AII3Q, STM32H573AII6, STM32H573I-DK, STM32H573IIK3Q, STM32H573IIK6, STM32H573IIT3Q, STM32H573IIT6, STM32H573MIY3QTR, STM32H573RIT6, STM32H573RIV6, STM32H573VIT3Q, STM32H573VIT6, STM32H573ZIT3Q, STM32H573ZIT6, STM32L4R5QGI6STR, STM32MP131AAE3, STM32MP131AAF3, STM32MP131AAG3, STM32MP131CAE3, STM32MP131CAF3, STM32MP131CAG3, STM32MP131DAE7, STM32MP131DAF7, STM32MP131DAG7, STM32MP131FAE7, STM32MP131FAF7, STM32MP131FAG7, STM32MP133AAE3, STM32MP133AAF3, STM32MP133AAG3, STM32MP133CAE3, STM32MP133CAF3, STM32MP133CAG3, STM32MP133DAE7, STM32MP133DAF7, STM32MP133DAG7, STM32MP133FAE7, STM32MP133FAF7, STM32MP133FAG7, STM32MP135AAE3, STM32MP135AAF3, STM32MP135AAG3, STM32MP135CAE3, STM32MP135CAF3, STM32MP135CAG3, STM32MP135DAE7, STM32MP135DAF7, STM32MP135DAG7, STM32MP135F-DK, STM32MP135FAE7, STM32MP135FAF7, STM32MP135FAF7T, STM32MP135FAF7U, STM32MP135FAG7, STM32U535CBT6, STM32U535CBT6Q, STM32U535CBU6, STM32U535CBU6Q, STM32U535CCT6, STM32U535CCT6Q, STM32U535CCU6, STM32U535CCU6Q, STM32U535CET6, STM32U535CET6Q, STM32U535CEU6, STM32U535CEU6Q, STM32U535JEY6QTR, STM32U535NCY6QTR, STM32U535NEY6QTR, STM32U535RBI6, STM32U535RBI6Q, STM32U535RBT6, STM32U535RBT6Q, STM32U535RCI6, STM32U535RCI6Q, STM32U535RCT6, STM32U535RCT6Q, STM32U535REI6, STM32U535REI6Q, STM32U535RET6, STM32U535RET6Q, STM32U535VCI6, STM32U535VCI6Q, STM32U535VCT6, STM32U535VCT6Q, STM32U535VEI6, STM32U535VEI6Q, STM32U535VET6, STM32U535VET6Q, STM32U545CET6, STM32U545CET6Q, STM32U545CEU6, STM32U545CEU6Q, STM32U545JEY6QTR, STM32U545NEY6QTR, STM32U545REI6, STM32U545REI6Q, STM32U545RET6, STM32U545RET6Q, STM32U545VEI6, STM32U545VEI6Q, STM32U545VET6, STM32U545VET6Q, STM32U595AIH6, STM32U595AIH6Q, STM32U595AJH6, STM32U595AJH6Q, STM32U595QII6, STM32U595QII6Q, STM32U595QJI6, STM32U595QJI6Q, STM32U595RIT6, STM32U595RIT6Q, STM32U595RJT6, STM32U595RJT6Q, STM32U595VIT6, STM32U595VIT6Q, STM32U595VJT6, STM32U595VJT6Q, STM32U595ZIT6, STM32U595ZIT6Q, STM32U595ZIY6QTR, STM32U595ZJT6, STM32U595ZJT6Q, STM32U595ZJY6QTR, STM32U599BJY6QTR, STM32U599NIH6Q, STM32U599NJH6Q, STM32U599VIT6Q, STM32U599VJT6, STM32U599VJT6Q, STM32U599ZIT6Q, STM32U599ZIY6QTR, STM32U599ZJT6Q, STM32U599ZJY6QTR, STM32U5A5AJH6, STM32U5A5AJH6Q, STM32U5A5QJI6, STM32U5A5QJI6Q, STM32U5A5RJT6, STM32U5A5RJT6Q, STM32U5A5VJT6, STM32U5A5VJT6Q, STM32U5A5ZJT6, STM32U5A5ZJT6Q, STM32U5A5ZJY6QTR, STM32U5A9BJY6QTR, STM32U5A9J-DK, STM32U5A9NJH6Q, STM32U5A9VJT6Q, STM32U5A9ZJT6Q, STM32U5A9ZJY6QTR, STM32U5F7VIT6, STM32U5F7VIT6Q, STM32U5F7VJT6, STM32U5F7VJT6Q, STM32U5F9BJY6QTR, STM32U5F9NJH6Q, STM32U5F9VIT6Q, STM32U5F9VJT6Q, STM32U5F9ZIJ6QTR, STM32U5F9ZIT6Q, STM32U5F9ZJJ6QTR, STM32U5F9ZJT6Q, STM32U5G7VJT6, STM32U5G7VJT6Q, STM32U5G9BJY6QTR, STM32U5G9J-DK1, STM32U5G9J-DK2, STM32U5G9NJH6Q, STM32U5G9VJT6Q, STM32U5G9ZJJ6QTR, STM32U5G9ZJT6Q, STM32WB1MMCH6, STM32WBA52CEU6, STM32WBA52CEU6T, STM32WBA52CGU6, STM32WBA52CGU6T, STM32WBA52KEU6, STM32WBA52KEU6T, STM32WBA52KGU6, STM32WBA52KGU6T, STM32WL5MOCH6, STM32WL5MOCH6TR]
2023-11-19 16:44:11,470 [INFO] DbMcus:217 - Found 3848 MCUs, 3848 are supported
2023-11-19 16:44:11,470 [INFO] ApiDb:423 - Load user favorites file C:\Users\PC/.stm32cubeide/favorites.mcus.txt: 0 item(s)
2023-11-19 16:44:11,471 [INFO] ApiDb:427 - User favorites MCUs=[]
2023-11-19 16:44:11,471 [INFO] DbMcus:223 - Set 0 / 0 favorites MCUs
2023-11-19 16:44:11,595 [INFO] ApiDb:668 - CubeFinder database Data Model version=2.1
2023-11-19 16:44:11,595 [INFO] ApiDb:669 - CubeFinder database Configuration version=3.0.37
2023-11-19 16:44:11,595 [INFO] ApiDb:670 - CubeFinder database generation date=2023-10-13 (1697197505)
2023-11-19 16:44:11,595 [INFO] ApiDb:671 - CubeFinder database FW Pack versions=[FP-ATR-ASTRA1_V2.0.0, FP-SNS-FLIGHT1_V5.0.1, FP-SNS-FLIGHT1_V5.0.2, FP-SNS-MOTENV1_V4.3.1, FP-SNS-MOTENV1_V4.3.2, FP-SNS-SMARTAG2_V1.2.0, I-CUBE-ITTIADB_V8.6.3-1, STM32Cube_FW_C0_V1.1.0, STM32Cube_FW_F4_V1.27.1, STM32Cube_FW_F7_V1.17.0, STM32Cube_FW_G0_V1.6.1, STM32Cube_FW_G4_V1.5.1, STM32Cube_FW_H5_V0.5.1, STM32Cube_FW_H5_V1.1.1, STM32Cube_FW_H7_V1.11.0, STM32Cube_FW_L0_V1.12.2, STM32Cube_FW_L5_V1.5.0, STM32Cube_FW_U5_V1.3.0, STM32Cube_FW_U5_V1.3.0RC4, STM32Cube_FW_WBA_V1.0.0RC1, STM32Cube_FW_WBA_V1.1.0RC1, STM32Cube_FW_WBA_V1.1.1, STM32Cube_FW_WB_V1.15.0RC1, STM32Cube_FW_WB_V1.16.0, STM32Cube_FW_WB_V1.16.0RC2, STM32Cube_FW_WB_V1.17.3, STM32Cube_FW_WL_V1.3.0, X-CUBE-ALGOBUILD_V1.3.0, X-CUBE-ALS_V1.0.1, X-CUBE-AZRTOS-F4_V1.1.0, X-CUBE-AZRTOS-F7_V1.1.0, X-CUBE-AZRTOS-G0_V1.1.0, X-CUBE-AZRTOS-G4_V2.0.0, X-CUBE-AZRTOS-H7_V3.1.0, X-CUBE-AZRTOS-L4_V1.0.0, X-CUBE-AZRTOS-L4_V2.0.0, X-CUBE-AZRTOS-L5_V1.1.0, X-CUBE-AZRTOS-WB_V2.0.0, X-CUBE-AZRTOS-WL_V2.0.0, X-CUBE-BLE1_V7.0.0, X-CUBE-BLE2_V3.3.0, X-CUBE-BLEMGR_V2.0.0, X-CUBE-EEPRMA1_V4.1.0, X-CUBE-FREERTOS_V1.1.0, X-CUBE-GNSS1_V6.0.0, X-CUBE-MEMS1_V10.0.0, X-CUBE-MEMS1_V9.1.0, X-CUBE-MEMS1_V9.4.0, X-CUBE-MEMS1_V9.6.0, X-CUBE-NFC4_V3.0.0, X-CUBE-NFC7_V1.0.1, X-CUBE-SFXS2LP1_V4.0.0, X-CUBE-SUBG2_V5.0.0, X-CUBE-TOF1_V3.3.1]
2023-11-19 16:44:11,632 [INFO] DbBoardsSqlite:226 - include board P-NUCLEO-WB55-NUCLEO as a kit item of type 'Nucleo-64'
2023-11-19 16:44:11,632 [INFO] DbBoardsSqlite:226 - include board P-NUCLEO-WB55-USBDONGLE as a kit item of type 'Nucleo USB Dongle'
2023-11-19 16:44:11,633 [INFO] DbBoardsSqlite:226 - include board STEVAL-IDP005V1 as a kit item of type 'Evaluation Board'
2023-11-19 16:44:11,633 [INFO] DbBoardsSqlite:226 - include board STEVAL-IDP005V2 as a kit item of type 'Evaluation Board'
2023-11-19 16:44:11,663 [INFO] ApiDb:240 - Found 323 in-development CPN: [B-G473E-ZEST1S, B-WB1M-WPAN1, B-WL5M-SUBG1, NUCLEO-C031C6, NUCLEO-H503RB, NUCLEO-H563ZI, NUCLEO-U545RE-Q, NUCLEO-U5A5ZJ-Q, NUCLEO-WBA52CG, STEVAL-PROTEUS1, STEVAL-SMARTAG2, STEVAL-STWINBX1, STM320518-EVAL, STM32C0116-DK, STM32C011D6Y3TR, STM32C011D6Y6TR, STM32C011F4P3, STM32C011F4P6, STM32C011F4U3, STM32C011F4U6TR, STM32C011F6P3, STM32C011F6P6, STM32C011F6U3, STM32C011F6U6TR, STM32C011J4M3, STM32C011J4M6, STM32C011J6M3, STM32C011J6M6, STM32C0316-DK, STM32C031C4T3, STM32C031C4T6, STM32C031C4U3, STM32C031C4U6, STM32C031C6T3, STM32C031C6T6, STM32C031C6U3, STM32C031C6U6, STM32C031F4P3, STM32C031F4P6, STM32C031F6P3, STM32C031F6P6, STM32C031G4U3, STM32C031G4U6, STM32C031G6U3, STM32C031G6U6, STM32C031K4T3, STM32C031K4T6, STM32C031K4U3, STM32C031K4U6, STM32C031K6T3, STM32C031K6T6, STM32C031K6U3, STM32C031K6U6, STM32G071K8TXN, STM32G071K8UXN, STM32G081GBU6N, STM32G081KBT6N, STM32G081KBUXN, STM32G0B1CCT6N, STM32G0B1KCT6, STM32G0B1NEY6TR, STM32G0B1RCT6N, STM32G0C1CCT6, STM32G0C1CCT6N, STM32G0C1CCU6N, STM32G0C1CET6N, STM32G0C1CEU6N, STM32G0C1KCT6, STM32G0C1NEY6TR, STM32G0C1RCI6N, STM32G0C1RCT6N, STM32G0C1REI6N, STM32G0C1RET6N, STM32G0C1VCI6, STM32G0C1VEI6, STM32G471CCT6, STM32G471CCU6, STM32G471CET3, STM32G471CET6, STM32G471CEU3, STM32G471CEU6, STM32G471MCT6, STM32G471MET3, STM32G471MET6, STM32G471MEY6TR, STM32G471QCT6, STM32G471QET3, STM32G471RCT6, STM32G471RET3, STM32G471RET6, STM32G471VCH6, STM32G471VCI6, STM32G471VCT6, STM32G471VEH3, STM32G471VEH6, STM32G471VEI3, STM32G471VEI6, STM32G471VET3, STM32G471VET6, STM32G474CCT6, STM32H503CBT6, STM32H503CBU6, STM32H503EBY6TR, STM32H503KBU6, STM32H503RBT6, STM32H562AGI6, STM32H562AII6, STM32H562IGK6, STM32H562IGT6, STM32H562IIK6, STM32H562IIT6, STM32H562RGT6, STM32H562RGV6, STM32H562RIT6, STM32H562RIV6, STM32H562VGT6, STM32H562VIT6, STM32H562ZGT6, STM32H562ZIT6, STM32H563AGI6, STM32H563AII3Q, STM32H563AII6, STM32H563IGK6, STM32H563IGT6, STM32H563IIK3Q, STM32H563IIK6, STM32H563IIT3Q, STM32H563IIT6, STM32H563MIY3QTR, STM32H563RGT6, STM32H563RGV6, STM32H563RIT6, STM32H563RIV6, STM32H563VGT6, STM32H563VIT3Q, STM32H563VIT6, STM32H563ZGT6, STM32H563ZIT3Q, STM32H563ZIT6, STM32H573AII3Q, STM32H573AII6, STM32H573I-DK, STM32H573IIK3Q, STM32H573IIK6, STM32H573IIT3Q, STM32H573IIT6, STM32H573MIY3QTR, STM32H573RIT6, STM32H573RIV6, STM32H573VIT3Q, STM32H573VIT6, STM32H573ZIT3Q, STM32H573ZIT6, STM32L4R5QGI6STR, STM32MP131AAE3, STM32MP131AAF3, STM32MP131AAG3, STM32MP131CAE3, STM32MP131CAF3, STM32MP131CAG3, STM32MP131DAE7, STM32MP131DAF7, STM32MP131DAG7, STM32MP131FAE7, STM32MP131FAF7, STM32MP131FAG7, STM32MP133AAE3, STM32MP133AAF3, STM32MP133AAG3, STM32MP133CAE3, STM32MP133CAF3, STM32MP133CAG3, STM32MP133DAE7, STM32MP133DAF7, STM32MP133DAG7, STM32MP133FAE7, STM32MP133FAF7, STM32MP133FAG7, STM32MP135AAE3, STM32MP135AAF3, STM32MP135AAG3, STM32MP135CAE3, STM32MP135CAF3, STM32MP135CAG3, STM32MP135DAE7, STM32MP135DAF7, STM32MP135DAG7, STM32MP135F-DK, STM32MP135FAE7, STM32MP135FAF7, STM32MP135FAF7T, STM32MP135FAF7U, STM32MP135FAG7, STM32U535CBT6, STM32U535CBT6Q, STM32U535CBU6, STM32U535CBU6Q, STM32U535CCT6, STM32U535CCT6Q, STM32U535CCU6, STM32U535CCU6Q, STM32U535CET6, STM32U535CET6Q, STM32U535CEU6, STM32U535CEU6Q, STM32U535JEY6QTR, STM32U535NCY6QTR, STM32U535NEY6QTR, STM32U535RBI6, STM32U535RBI6Q, STM32U535RBT6, STM32U535RBT6Q, STM32U535RCI6, STM32U535RCI6Q, STM32U535RCT6, STM32U535RCT6Q, STM32U535REI6, STM32U535REI6Q, STM32U535RET6, STM32U535RET6Q, STM32U535VCI6, STM32U535VCI6Q, STM32U535VCT6, STM32U535VCT6Q, STM32U535VEI6, STM32U535VEI6Q, STM32U535VET6, STM32U535VET6Q, STM32U545CET6, STM32U545CET6Q, STM32U545CEU6, STM32U545CEU6Q, STM32U545JEY6QTR, STM32U545NEY6QTR, STM32U545REI6, STM32U545REI6Q, STM32U545RET6, STM32U545RET6Q, STM32U545VEI6, STM32U545VEI6Q, STM32U545VET6, STM32U545VET6Q, STM32U595AIH6, STM32U595AIH6Q, STM32U595AJH6, STM32U595AJH6Q, STM32U595QII6, STM32U595QII6Q, STM32U595QJI6, STM32U595QJI6Q, STM32U595RIT6, STM32U595RIT6Q, STM32U595RJT6, STM32U595RJT6Q, STM32U595VIT6, STM32U595VIT6Q, STM32U595VJT6, STM32U595VJT6Q, STM32U595ZIT6, STM32U595ZIT6Q, STM32U595ZIY6QTR, STM32U595ZJT6, STM32U595ZJT6Q, STM32U595ZJY6QTR, STM32U599BJY6QTR, STM32U599NIH6Q, STM32U599NJH6Q, STM32U599VIT6Q, STM32U599VJT6, STM32U599VJT6Q, STM32U599ZIT6Q, STM32U599ZIY6QTR, STM32U599ZJT6Q, STM32U599ZJY6QTR, STM32U5A5AJH6, STM32U5A5AJH6Q, STM32U5A5QJI6, STM32U5A5QJI6Q, STM32U5A5RJT6, STM32U5A5RJT6Q, STM32U5A5VJT6, STM32U5A5VJT6Q, STM32U5A5ZJT6, STM32U5A5ZJT6Q, STM32U5A5ZJY6QTR, STM32U5A9BJY6QTR, STM32U5A9J-DK, STM32U5A9NJH6Q, STM32U5A9VJT6Q, STM32U5A9ZJT6Q, STM32U5A9ZJY6QTR, STM32U5F7VIT6, STM32U5F7VIT6Q, STM32U5F7VJT6, STM32U5F7VJT6Q, STM32U5F9BJY6QTR, STM32U5F9NJH6Q, STM32U5F9VIT6Q, STM32U5F9VJT6Q, STM32U5F9ZIJ6QTR, STM32U5F9ZIT6Q, STM32U5F9ZJJ6QTR, STM32U5F9ZJT6Q, STM32U5G7VJT6, STM32U5G7VJT6Q, STM32U5G9BJY6QTR, STM32U5G9J-DK1, STM32U5G9J-DK2, STM32U5G9NJH6Q, STM32U5G9VJT6Q, STM32U5G9ZJJ6QTR, STM32U5G9ZJT6Q, STM32WB1MMCH6, STM32WBA52CEU6, STM32WBA52CEU6T, STM32WBA52CGU6, STM32WBA52CGU6T, STM32WBA52KEU6, STM32WBA52KEU6T, STM32WBA52KGU6, STM32WBA52KGU6T, STM32WL5MOCH6, STM32WL5MOCH6TR]
2023-11-19 16:44:11,723 [INFO] BoardInfo:880 - No configuration file found for board P-NUCLEO-WB55
2023-11-19 16:44:11,723 [INFO] DbBoards:157 - Kit is not supported: P-NUCLEO-WB55
2023-11-19 16:44:11,726 [INFO] BoardInfo:880 - No configuration file found for board STEVAL-BFA001V1B
2023-11-19 16:44:11,726 [INFO] DbBoards:157 - Kit is not supported: STEVAL-BFA001V1B
2023-11-19 16:44:11,726 [INFO] BoardInfo:880 - No configuration file found for board STEVAL-BFA001V2B
2023-11-19 16:44:11,726 [INFO] DbBoards:157 - Kit is not supported: STEVAL-BFA001V2B
2023-11-19 16:44:11,784 [INFO] DbBoards:161 - Found 190 boards, 187 are supported
2023-11-19 16:44:11,786 [INFO] ApiDb:423 - Load user favorites file C:\Users\PC/.stm32cubeide/favorites.boards.txt: 0 item(s)
2023-11-19 16:44:11,786 [INFO] ApiDb:427 - User favorites Boards=[]
2023-11-19 16:44:11,786 [INFO] DbBoards:190 - Set 0 / 0 favorites Boards
2023-11-19 16:44:11,788 [INFO] ApiDb:668 - CubeFinder database Data Model version=2.1
2023-11-19 16:44:11,788 [INFO] ApiDb:669 - CubeFinder database Configuration version=3.0.37
2023-11-19 16:44:11,788 [INFO] ApiDb:670 - CubeFinder database generation date=2023-10-13 (1697197505)
2023-11-19 16:44:11,788 [INFO] ApiDb:671 - CubeFinder database FW Pack versions=[FP-ATR-ASTRA1_V2.0.0, FP-SNS-FLIGHT1_V5.0.1, FP-SNS-FLIGHT1_V5.0.2, FP-SNS-MOTENV1_V4.3.1, FP-SNS-MOTENV1_V4.3.2, FP-SNS-SMARTAG2_V1.2.0, I-CUBE-ITTIADB_V8.6.3-1, STM32Cube_FW_C0_V1.1.0, STM32Cube_FW_F4_V1.27.1, STM32Cube_FW_F7_V1.17.0, STM32Cube_FW_G0_V1.6.1, STM32Cube_FW_G4_V1.5.1, STM32Cube_FW_H5_V0.5.1, STM32Cube_FW_H5_V1.1.1, STM32Cube_FW_H7_V1.11.0, STM32Cube_FW_L0_V1.12.2, STM32Cube_FW_L5_V1.5.0, STM32Cube_FW_U5_V1.3.0, STM32Cube_FW_U5_V1.3.0RC4, STM32Cube_FW_WBA_V1.0.0RC1, STM32Cube_FW_WBA_V1.1.0RC1, STM32Cube_FW_WBA_V1.1.1, STM32Cube_FW_WB_V1.15.0RC1, STM32Cube_FW_WB_V1.16.0, STM32Cube_FW_WB_V1.16.0RC2, STM32Cube_FW_WB_V1.17.3, STM32Cube_FW_WL_V1.3.0, X-CUBE-ALGOBUILD_V1.3.0, X-CUBE-ALS_V1.0.1, X-CUBE-AZRTOS-F4_V1.1.0, X-CUBE-AZRTOS-F7_V1.1.0, X-CUBE-AZRTOS-G0_V1.1.0, X-CUBE-AZRTOS-G4_V2.0.0, X-CUBE-AZRTOS-H7_V3.1.0, X-CUBE-AZRTOS-L4_V1.0.0, X-CUBE-AZRTOS-L4_V2.0.0, X-CUBE-AZRTOS-L5_V1.1.0, X-CUBE-AZRTOS-WB_V2.0.0, X-CUBE-AZRTOS-WL_V2.0.0, X-CUBE-BLE1_V7.0.0, X-CUBE-BLE2_V3.3.0, X-CUBE-BLEMGR_V2.0.0, X-CUBE-EEPRMA1_V4.1.0, X-CUBE-FREERTOS_V1.1.0, X-CUBE-GNSS1_V6.0.0, X-CUBE-MEMS1_V10.0.0, X-CUBE-MEMS1_V9.1.0, X-CUBE-MEMS1_V9.4.0, X-CUBE-MEMS1_V9.6.0, X-CUBE-NFC4_V3.0.0, X-CUBE-NFC7_V1.0.1, X-CUBE-SFXS2LP1_V4.0.0, X-CUBE-SUBG2_V5.0.0, X-CUBE-TOF1_V3.3.1]
2023-11-19 16:44:12,404 [ERROR] DbExamplesSqlite:437 - Missing JSON key: board_cpn
2023-11-19 16:44:12,404 [ERROR] DbExamplesSqlite:437 - Missing JSON key: board_cpn
2023-11-19 16:44:12,404 [ERROR] DbExamplesSqlite:437 - Missing JSON key: board_cpn
2023-11-19 16:44:12,405 [ERROR] DbExamplesSqlite:437 - Missing JSON key: board_cpn
2023-11-19 16:44:12,412 [INFO] DbExamplesSqlite:395 - Ignored 27 examples not supported by CubeIDE
2023-11-19 16:44:12,412 [INFO] DbExamplesSqlite:396 - Found 7221 examples active
2023-11-19 16:44:12,412 [INFO] DbExamplesSqlite:397 - Found 777 examples obsolete
2023-11-19 16:44:12,412 [INFO] DbExamplesSqlite:398 - Found 0 examples under development
2023-11-19 16:44:12,412 [INFO] DbExamplesSqlite:399 - Found 74 examples not building
2023-11-19 16:44:12,414 [INFO] DbExamples:125 - Found 7268 examples
2023-11-19 16:44:12,425 [INFO] DbExamples:222 - Found 93 boards with related examples
2023-11-19 16:44:12,426 [INFO] DbExamples:235 - Found 79 MCUs with related examples
2023-11-19 16:44:12,458 [INFO] ApiDb:423 - Load user favorites file C:\Users\PC/.stm32cubeide/favorites.examples.txt: 0 item(s)
2023-11-19 16:44:12,458 [INFO] ApiDb:427 - User favorites Examples=[]
2023-11-19 16:44:12,458 [INFO] DbExamples:250 - Set 0 / 0 favorites Examples
2023-11-19 16:44:12,778 [INFO] McuFinderGlobals:76 - Set McuFinderConnectedMode to true
2023-11-19 16:44:12,788 [INFO] MultiScanPanel:200 - Auto-refresh data requested => check proxy status ongoing
2023-11-19 16:44:12,792 [INFO] FinderPluginLoader:95 - Searching for filters in installed packs
2023-11-19 16:44:13,959 [INFO] LoadUrlFilesThread:185 - End of LoadServerUrlFiles without Thread
2023-11-19 16:44:13,980 [INFO] DetailPanel:341 - Set advertising image to C:/Users/PC/STM32Cube/Repository/\en.prom-stm32h5-mcu-finder.jpg
2023-11-19 16:44:17,031 [INFO] MultiScanPanel:200 - Auto-refresh data requested => check proxy status ongoing
2023-11-19 16:44:17,123 [INFO] LoadUrlFilesThread:185 - End of LoadServerUrlFiles without Thread
2023-11-19 16:44:17,123 [INFO] DetailPanel:341 - Set advertising image to C:/Users/PC/STM32Cube/Repository/\en.prom-stm32h5-mcu-finder.jpg
2023-11-19 16:44:17,134 [INFO] DbBoards:634 - Loading board mini-images...
2023-11-19 16:44:18,558 [INFO] DbBoards:657 - Loaded 190 board mini-images
2023-11-19 16:44:20,322 [INFO] SearchesSaveLoad:70 - Load user search: Nucleo -F401RE
2023-11-19 16:44:34,178 [INFO] McuFinderGlobals:76 - Set McuFinderConnectedMode to true
2023-11-19 16:44:34,181 [INFO] ApiDb:448 - Save user favorites file C:\Users\PC/.stm32cubeide/favorites.mcus.txt: 0 item(s)
2023-11-19 16:44:34,181 [INFO] ApiDb:452 - User favorites MCUs=[]
2023-11-19 16:44:34,182 [INFO] ApiDb:448 - Save user favorites file C:\Users\PC/.stm32cubeide/favorites.boards.txt: 0 item(s)
2023-11-19 16:44:34,182 [INFO] ApiDb:452 - User favorites Boards=[]
2023-11-19 19:11:10,513 [INFO] MainUpdater:2868 - connection check result : 10
2023-11-19 19:11:10,549 [INFO] McuFinderGlobals:76 - Set McuFinderConnectedMode to true
2023-11-19 19:11:10,551 [INFO] MultiScanPanel:200 - Auto-refresh data requested => check proxy status ongoing
2023-11-19 19:11:10,551 [INFO] FinderPluginLoader:95 - Searching for filters in installed packs
2023-11-19 19:11:11,204 [INFO] LoadUrlFilesThread:185 - End of LoadServerUrlFiles without Thread
2023-11-19 19:11:11,204 [INFO] DetailPanel:341 - Set advertising image to C:/Users/PC/STM32Cube/Repository/\en.prom-stm32h5-mcu-finder.jpg
2023-11-19 19:11:33,407 [INFO] MultiScanPanel:200 - Auto-refresh data requested => check proxy status ongoing
2023-11-19 19:11:33,446 [INFO] LoadUrlFilesThread:185 - End of LoadServerUrlFiles without Thread
2023-11-19 19:11:33,447 [INFO] DetailPanel:341 - Set advertising image to C:/Users/PC/STM32Cube/Repository/\en.prom-stm32h5-mcu-finder.jpg
2023-11-19 19:11:35,522 [INFO] SearchesSaveLoad:70 - Load user search: Nucleo -F401RE
2023-11-19 19:11:36,643 [INFO] ApiDb:581 - Connected to CubeFinder SQLite database (C:\Users\PC\.stmcufinder\plugins\mcufinder\mcu\cube-finder-db.db)
2023-11-19 19:11:45,848 [INFO] McuFinderGlobals:76 - Set McuFinderConnectedMode to true
2023-11-19 19:11:45,850 [INFO] ApiDb:448 - Save user favorites file C:\Users\PC/.stm32cubeide/favorites.mcus.txt: 0 item(s)
2023-11-19 19:11:45,850 [INFO] ApiDb:452 - User favorites MCUs=[]
2023-11-19 19:11:45,851 [INFO] ApiDb:448 - Save user favorites file C:\Users\PC/.stm32cubeide/favorites.boards.txt: 0 item(s)
2023-11-19 19:11:45,851 [INFO] ApiDb:452 - User favorites Boards=[]
2023-11-19 21:02:54,041 [ERROR] LogOutputStream:75 - [STDERR_REDIRECT] 
2023-11-19 22:10:27,097 [INFO] Activator:176 - 


2023-11-19 22:10:27,098 [INFO] Activator:177 - !SESSION log4j initialized
2023-11-19 22:10:31,782 [INFO] LogOutputStream:77 - [STDOUT_REDIRECT] 
2023-11-19 22:10:38,936 [INFO] ApplicationProperties:184 - Using Application install path: D:\DH\STM32\STM32CubeIDE_1.13.2\STM32CubeIDE\plugins\com.st.stm32cube.common.mx_6.9.2.202309101412
2023-11-19 22:10:38,968 [INFO] DbMcusXml:78 - Set database path to: D:\DH\STM32\STM32CubeIDE_1.13.2\STM32CubeIDE\plugins\com.st.stm32cube.common.mx_6.9.2.202309101412\\db\/mcu/
2023-11-19 22:10:38,969 [INFO] ApiDb:274 - Set plugin database path to: D:\DH\STM32\STM32CubeIDE_1.13.2\STM32CubeIDE\plugins\com.st.stm32cube.common.mx_6.9.2.202309101412\\db\/plugins/boardmanager/
2023-11-19 22:10:38,969 [WARN] ApiDb:259 - Overriding images path with different value:  => D:\DH\STM32\STM32CubeIDE_1.13.2\STM32CubeIDE\plugins\com.st.stm32cube.common.mx_6.9.2.202309101412\\db\/plugins/mcufinder/images/
2023-11-19 22:10:38,987 [INFO] ApiDb:250 - Set database path to: C:\Users\PC\.stmcufinder\plugins\mcufinder//mcu/
2023-11-19 22:10:38,988 [INFO] DbMcusAds:125 - Set database path to: C:\Users\PC\.stmcufinder\plugins\mcufinder//mcu/
2023-11-19 22:10:38,990 [INFO] CrossReferenceDbSqlite:203 - Set database path to: C:\Users\PC\.stmcufinder\plugins\mcufinder//mcu/cs/
2023-11-19 22:10:39,140 [INFO] RulesReader:64 - Compatibility file has been processed (293 Rules)
2023-11-19 22:10:39,261 [INFO] DbMcusXml:78 - Set database path to: D:\DH\STM32\STM32CubeIDE_1.13.2\STM32CubeIDE\plugins\com.st.stm32cube.common.mx_6.9.2.202309101412\\db\/mcu/
2023-11-19 22:10:39,261 [INFO] ApiDb:274 - Set plugin database path to: D:\DH\STM32\STM32CubeIDE_1.13.2\STM32CubeIDE\plugins\com.st.stm32cube.common.mx_6.9.2.202309101412\\db\/plugins/boardmanager/
2023-11-19 22:10:39,261 [INFO] ApiDb:261 - Set plugin images path to: D:\DH\STM32\STM32CubeIDE_1.13.2\STM32CubeIDE\plugins\com.st.stm32cube.common.mx_6.9.2.202309101412\\db\/plugins/mcufinder/images/
2023-11-19 22:10:39,262 [WARN] DbFile:41 - Overriding database path with different value: C:\Users\PC\.stmcufinder\plugins\mcufinder/ => C:\Users\PC\.stmcufinder\plugins\mcufinder
2023-11-19 22:10:39,262 [INFO] ApiDb:250 - Set database path to: C:\Users\PC\.stmcufinder\plugins\mcufinder//mcu/
2023-11-19 22:10:39,262 [WARN] DbFile:41 - Overriding database path with different value: C:\Users\PC\.stmcufinder\plugins\mcufinder/ => C:\Users\PC\.stmcufinder\plugins\mcufinder
2023-11-19 22:10:39,262 [INFO] DbMcusAds:125 - Set database path to: C:\Users\PC\.stmcufinder\plugins\mcufinder//mcu/
2023-11-19 22:10:39,262 [WARN] DbFile:41 - Overriding database path with different value: C:\Users\PC\.stmcufinder\plugins\mcufinder/ => C:\Users\PC\.stmcufinder\plugins\mcufinder
2023-11-19 22:10:39,262 [WARN] DbFile:41 - Overriding database path with different value: C:\Users\PC\.stmcufinder\plugins\mcufinder/ => C:\Users\PC\.stmcufinder\plugins\mcufinder
2023-11-19 22:10:39,262 [INFO] CrossReferenceDbSqlite:203 - Set database path to: C:\Users\PC\.stmcufinder\plugins\mcufinder//mcu/cs/
2023-11-19 22:10:39,382 [INFO] MainPanel:262 - HeapMemory: 268435456
2023-11-19 22:10:39,465 [INFO] DbMcusXml:78 - Set database path to: D:\DH\STM32\STM32CubeIDE_1.13.2\STM32CubeIDE\plugins\com.st.stm32cube.common.mx_6.9.2.202309101412\\db\/mcu/
2023-11-19 22:10:39,465 [INFO] ApiDb:274 - Set plugin database path to: D:\DH\STM32\STM32CubeIDE_1.13.2\STM32CubeIDE\plugins\com.st.stm32cube.common.mx_6.9.2.202309101412\\db\/plugins/boardmanager/
2023-11-19 22:10:39,465 [INFO] ApiDb:261 - Set plugin images path to: D:\DH\STM32\STM32CubeIDE_1.13.2\STM32CubeIDE\plugins\com.st.stm32cube.common.mx_6.9.2.202309101412\\db\/plugins/mcufinder/images/
2023-11-19 22:10:39,466 [WARN] DbFile:41 - Overriding database path with different value: C:\Users\PC\.stmcufinder\plugins\mcufinder/ => C:\Users\PC\.stmcufinder\plugins\mcufinder
2023-11-19 22:10:39,466 [INFO] ApiDb:250 - Set database path to: C:\Users\PC\.stmcufinder\plugins\mcufinder//mcu/
2023-11-19 22:10:39,466 [WARN] DbFile:41 - Overriding database path with different value: C:\Users\PC\.stmcufinder\plugins\mcufinder/ => C:\Users\PC\.stmcufinder\plugins\mcufinder
2023-11-19 22:10:39,466 [INFO] DbMcusAds:125 - Set database path to: C:\Users\PC\.stmcufinder\plugins\mcufinder//mcu/
2023-11-19 22:10:39,466 [WARN] DbFile:41 - Overriding database path with different value: C:\Users\PC\.stmcufinder\plugins\mcufinder/ => C:\Users\PC\.stmcufinder\plugins\mcufinder
2023-11-19 22:10:39,466 [WARN] DbFile:41 - Overriding database path with different value: C:\Users\PC\.stmcufinder\plugins\mcufinder/ => C:\Users\PC\.stmcufinder\plugins\mcufinder
2023-11-19 22:10:39,466 [INFO] CrossReferenceDbSqlite:203 - Set database path to: C:\Users\PC\.stmcufinder\plugins\mcufinder//mcu/cs/
2023-11-19 22:10:39,482 [INFO] ApplicationProperties:184 - Using Application install path: D:\DH\STM32\STM32CubeIDE_1.13.2\STM32CubeIDE\plugins\com.st.stm32cube.common.mx_6.9.2.202309101412
2023-11-19 22:10:39,483 [INFO] PluginManage:196 - Search for loadable plugins [exclusion list=, ]
2023-11-19 22:10:39,484 [INFO] PluginManage:310 - Check plugin analytics
2023-11-19 22:10:44,407 [INFO] AnalyticsPlugin:253 - Accepted Software Licenses: STM32CubeMX.6.9.2
2023-11-19 22:10:44,408 [INFO] AnalyticsPlugin:255 - Accepted CMSIS Pack Licenses: 
2023-11-19 22:10:44,408 [INFO] AnalyticsPlugin:257 - Accepted Firmware Licenses: 
2023-11-19 22:10:44,411 [INFO] PluginManage:359 - Loaded plugin analytics (category:tool,tabindex:-1)
2023-11-19 22:10:44,411 [INFO] PluginManage:310 - Check plugin cadmodel
2023-11-19 22:10:44,424 [INFO] CADModel:105 - Init CAD model plugin
2023-11-19 22:10:44,424 [INFO] PluginManage:359 - Loaded plugin cadmodel (category:power,tabindex:5)
2023-11-19 22:10:44,424 [INFO] PluginManage:310 - Check plugin clock
2023-11-19 22:10:44,437 [INFO] PluginManage:359 - Loaded plugin clock (category:base,tabindex:2)
2023-11-19 22:10:44,437 [INFO] PluginManage:310 - Check plugin ddr
2023-11-19 22:10:44,439 [INFO] PluginManage:359 - Loaded plugin ddr (category:tool,tabindex:6)
2023-11-19 22:10:44,439 [INFO] PluginManage:310 - Check plugin filemanager
2023-11-19 22:10:44,541 [INFO] PluginManage:359 - Loaded plugin filemanager (category:base,tabindex:10)
2023-11-19 22:10:44,541 [INFO] PluginManage:310 - Check plugin ipmanager
2023-11-19 22:10:44,549 [INFO] PluginManage:359 - Loaded plugin ipmanager (category:base,tabindex:5)
2023-11-19 22:10:44,549 [INFO] PluginManage:310 - Check plugin lpbam
2023-11-19 22:10:44,564 [INFO] PluginManage:359 - Loaded plugin lpbam (category:base,tabindex:0)
2023-11-19 22:10:44,564 [INFO] PluginManage:310 - Check plugin memorymap
2023-11-19 22:10:44,587 [INFO] PluginManage:359 - Loaded plugin memorymap (category:base,tabindex:4)
2023-11-19 22:10:44,588 [INFO] PluginManage:310 - Check plugin pinoutandconfiguration
2023-11-19 22:10:44,603 [INFO] PluginManage:359 - Loaded plugin pinoutandconfiguration (category:base,tabindex:1)
2023-11-19 22:10:44,603 [INFO] PluginManage:310 - Check plugin pinoutconfig
2023-11-19 22:10:44,686 [WARN] SupportedApi:132 - Cannot load RTOS API schema: s4s-elt-must-match.1: The content of 'definitions' must match (annotation?, (simpleType | complexType)?, (unique | key | keyref)*)). A problem was found starting at: attribute.
2023-11-19 22:10:44,808 [INFO] PluginManage:359 - Loaded plugin pinoutconfig (category:base,tabindex:0)
2023-11-19 22:10:44,808 [INFO] PluginManage:310 - Check plugin power
2023-11-19 22:10:44,826 [INFO] PluginManage:359 - Loaded plugin power (category:power,tabindex:4)
2023-11-19 22:10:44,826 [INFO] PluginManage:310 - Check plugin projectmanager
2023-11-19 22:10:44,839 [INFO] PluginManage:359 - Loaded plugin projectmanager (category:projectmanager,tabindex:3)
2023-11-19 22:10:44,839 [INFO] PluginManage:310 - Check plugin thirdparty
2023-11-19 22:10:45,067 [INFO] PluginManage:359 - Loaded plugin thirdparty (category:base,tabindex:-1)
2023-11-19 22:10:45,067 [WARN] IntegrityCheckThread:84 - waiting for thirdparty lock release [integrity check]
2023-11-19 22:10:45,067 [INFO] PluginManage:310 - Check plugin tools
2023-11-19 22:10:45,067 [INFO] IntegrityCheckThread:86 - entering critical section [integrity check]
2023-11-19 22:10:45,067 [INFO] ThirdPartyUpdaterWithRetryManager:70 - Updater plugin not ready yet. [1/15]
2023-11-19 22:10:45,101 [INFO] PluginManage:359 - Loaded plugin tools (category:base,tabindex:7)
2023-11-19 22:10:45,102 [INFO] PluginManage:310 - Check plugin tutovideos
2023-11-19 22:10:45,247 [INFO] PluginManage:359 - Loaded plugin tutovideos (category:base,tabindex:-1)
2023-11-19 22:10:45,248 [INFO] PluginManage:310 - Check plugin updater
2023-11-19 22:10:45,255 [INFO] PluginManage:359 - Loaded plugin updater (category:base,tabindex:12)
2023-11-19 22:10:45,255 [INFO] PluginManage:310 - Check plugin userauth
2023-11-19 22:10:45,260 [INFO] UserAuth:113 - Init User Auth plugin
2023-11-19 22:10:45,261 [INFO] PluginManage:359 - Loaded plugin userauth (category:base,tabindex:14)
2023-11-19 22:10:45,261 [INFO] PluginManage:283 - PluginManage : Loaded plugins [17]
2023-11-19 22:10:45,547 [INFO] PinOutPanel:1499 - setPackage(No Configuration,No Configuration)
2023-11-19 22:10:45,677 [INFO] CADModel:165 - CPN selected for project level
2023-11-19 22:10:45,677 [INFO] CADModel:114 - Register for checkConnection events
2023-11-19 22:10:45,703 [INFO] IPUIPlugin:80 - create IPUIPlugin
2023-11-19 22:10:45,703 [INFO] PluginManager:220 - loadIPPluginJar : add adc
2023-11-19 22:10:45,735 [INFO] IPUIPlugin:80 - create IPUIPlugin
2023-11-19 22:10:45,736 [INFO] PluginManager:220 - loadIPPluginJar : add aes
2023-11-19 22:10:45,775 [INFO] IPUIPlugin:80 - create IPUIPlugin
2023-11-19 22:10:45,775 [INFO] PluginManager:220 - loadIPPluginJar : add can
2023-11-19 22:10:45,791 [INFO] IPUIPlugin:80 - create IPUIPlugin
2023-11-19 22:10:45,792 [INFO] PluginManager:220 - loadIPPluginJar : add comp
2023-11-19 22:10:45,816 [INFO] IPUIPlugin:80 - create IPUIPlugin
2023-11-19 22:10:45,816 [INFO] PluginManager:220 - loadIPPluginJar : add cryp
2023-11-19 22:10:45,837 [INFO] IPUIPlugin:80 - create IPUIPlugin
2023-11-19 22:10:45,837 [INFO] PluginManager:220 - loadIPPluginJar : add dfsdm
2023-11-19 22:10:45,847 [INFO] IPUIPlugin:80 - create IPUIPlugin
2023-11-19 22:10:45,847 [INFO] PluginManager:220 - loadIPPluginJar : add dma
2023-11-19 22:10:45,878 [INFO] IPUIPlugin:80 - create IPUIPlugin
2023-11-19 22:10:45,878 [INFO] PluginManager:220 - loadIPPluginJar : add dma3
2023-11-19 22:10:45,902 [INFO] IPUIPlugin:80 - create IPUIPlugin
2023-11-19 22:10:45,902 [INFO] PluginManager:220 - loadIPPluginJar : add fatfs
2023-11-19 22:10:45,939 [INFO] IPUIPlugin:80 - create IPUIPlugin
2023-11-19 22:10:45,939 [INFO] PluginManager:220 - loadIPPluginJar : add fmc
2023-11-19 22:10:45,950 [INFO] IPUIPlugin:80 - create IPUIPlugin
2023-11-19 22:10:45,950 [INFO] PluginManager:220 - loadIPPluginJar : add freertos
2023-11-19 22:10:45,964 [INFO] IPUIPlugin:80 - create IPUIPlugin
2023-11-19 22:10:45,964 [INFO] PluginManager:220 - loadIPPluginJar : add genericplugin
2023-11-19 22:10:46,021 [INFO] IPUIPlugin:80 - create IPUIPlugin
2023-11-19 22:10:46,021 [INFO] PluginManager:220 - loadIPPluginJar : add gfxmmu
2023-11-19 22:10:46,101 [INFO] IPUIPlugin:80 - create IPUIPlugin
2023-11-19 22:10:46,102 [INFO] PluginManager:220 - loadIPPluginJar : add gic
2023-11-19 22:10:46,111 [INFO] IPUIPlugin:80 - create IPUIPlugin
2023-11-19 22:10:46,111 [INFO] PluginManager:220 - loadIPPluginJar : add gpio
2023-11-19 22:10:46,170 [INFO] IPUIPlugin:80 - create IPUIPlugin
2023-11-19 22:10:46,170 [INFO] PluginManager:220 - loadIPPluginJar : add gtzc
2023-11-19 22:10:46,192 [INFO] IPUIPlugin:80 - create IPUIPlugin
2023-11-19 22:10:46,192 [INFO] PluginManager:220 - loadIPPluginJar : add hash
2023-11-19 22:10:46,227 [INFO] IPUIPlugin:80 - create IPUIPlugin
2023-11-19 22:10:46,227 [INFO] PluginManager:220 - loadIPPluginJar : add i2c
2023-11-19 22:10:46,251 [INFO] IPUIPlugin:80 - create IPUIPlugin
2023-11-19 22:10:46,251 [INFO] PluginManager:220 - loadIPPluginJar : add i2s
2023-11-19 22:10:46,284 [INFO] IPUIPlugin:80 - create IPUIPlugin
2023-11-19 22:10:46,285 [INFO] PluginManager:220 - loadIPPluginJar : add i3c
2023-11-19 22:10:46,358 [INFO] IPUIPlugin:80 - create IPUIPlugin
2023-11-19 22:10:46,358 [INFO] PluginManager:220 - loadIPPluginJar : add ipddr
2023-11-19 22:10:46,417 [INFO] IPUIPlugin:80 - create IPUIPlugin
2023-11-19 22:10:46,417 [INFO] PluginManager:220 - loadIPPluginJar : add linkedlist
2023-11-19 22:10:46,439 [INFO] IPUIPlugin:80 - create IPUIPlugin
2023-11-19 22:10:46,440 [INFO] PluginManager:220 - loadIPPluginJar : add lorawan
2023-11-19 22:10:46,461 [INFO] IPUIPlugin:80 - create IPUIPlugin
2023-11-19 22:10:46,461 [INFO] PluginManager:220 - loadIPPluginJar : add ltdc
2023-11-19 22:10:46,472 [INFO] IPUIPlugin:80 - create IPUIPlugin
2023-11-19 22:10:46,472 [INFO] PluginManager:220 - loadIPPluginJar : add mdma
2023-11-19 22:10:46,479 [INFO] IPUIPlugin:80 - create IPUIPlugin
2023-11-19 22:10:46,479 [INFO] PluginManager:220 - loadIPPluginJar : add nvic
2023-11-19 22:10:46,501 [INFO] IPUIPlugin:80 - create IPUIPlugin
2023-11-19 22:10:46,501 [INFO] PluginManager:220 - loadIPPluginJar : add opamp
2023-11-19 22:10:46,539 [INFO] IPUIPlugin:80 - create IPUIPlugin
2023-11-19 22:10:46,539 [INFO] PluginManager:220 - loadIPPluginJar : add openamp
2023-11-19 22:10:46,567 [INFO] IPUIPlugin:80 - create IPUIPlugin
2023-11-19 22:10:46,567 [INFO] PluginManager:220 - loadIPPluginJar : add pdm2pcm
2023-11-19 22:10:46,577 [INFO] IPUIPlugin:80 - create IPUIPlugin
2023-11-19 22:10:46,579 [INFO] PluginManager:220 - loadIPPluginJar : add plateformsettings
2023-11-19 22:10:46,593 [INFO] IPUIPlugin:80 - create IPUIPlugin
2023-11-19 22:10:46,593 [INFO] PluginManager:220 - loadIPPluginJar : add quadspi
2023-11-19 22:10:46,613 [INFO] IPUIPlugin:80 - create IPUIPlugin
2023-11-19 22:10:46,613 [INFO] PluginManager:220 - loadIPPluginJar : add resmgrutility
2023-11-19 22:10:46,645 [INFO] IPUIPlugin:80 - create IPUIPlugin
2023-11-19 22:10:46,645 [INFO] PluginManager:220 - loadIPPluginJar : add sai
2023-11-19 22:10:46,673 [INFO] IPUIPlugin:80 - create IPUIPlugin
2023-11-19 22:10:46,673 [INFO] PluginManager:220 - loadIPPluginJar : add spi
2023-11-19 22:10:46,714 [INFO] IPUIPlugin:80 - create IPUIPlugin
2023-11-19 22:10:46,714 [INFO] PluginManager:220 - loadIPPluginJar : add stm32_wpan
2023-11-19 22:10:46,738 [INFO] IPUIPlugin:80 - create IPUIPlugin
2023-11-19 22:10:46,738 [INFO] PluginManager:220 - loadIPPluginJar : add tim
2023-11-19 22:10:46,801 [INFO] IPUIPlugin:80 - create IPUIPlugin
2023-11-19 22:10:46,802 [INFO] PluginManager:220 - loadIPPluginJar : add touchsensing
2023-11-19 22:10:46,828 [INFO] IPUIPlugin:80 - create IPUIPlugin
2023-11-19 22:10:46,828 [INFO] PluginManager:220 - loadIPPluginJar : add tracer_emb
2023-11-19 22:10:46,846 [INFO] IPUIPlugin:80 - create IPUIPlugin
2023-11-19 22:10:46,846 [INFO] PluginManager:220 - loadIPPluginJar : add ts
2023-11-19 22:10:46,863 [INFO] IPUIPlugin:80 - create IPUIPlugin
2023-11-19 22:10:46,863 [INFO] PluginManager:220 - loadIPPluginJar : add tsc
2023-11-19 22:10:46,894 [INFO] IPUIPlugin:80 - create IPUIPlugin
2023-11-19 22:10:46,895 [INFO] PluginManager:220 - loadIPPluginJar : add ucpd
2023-11-19 22:10:46,957 [INFO] IPUIPlugin:80 - create IPUIPlugin
2023-11-19 22:10:46,957 [INFO] PluginManager:220 - loadIPPluginJar : add usart
2023-11-19 22:10:47,014 [INFO] IPUIPlugin:80 - create IPUIPlugin
2023-11-19 22:10:47,014 [INFO] PluginManager:220 - loadIPPluginJar : add usbx
2023-11-19 22:10:47,148 [INFO] CADModel:165 - CPN selected for project level
2023-11-19 22:10:47,148 [INFO] CADModel:114 - Register for checkConnection events
2023-11-19 22:10:47,149 [FATAL] Updater:308 - Updater called before beeing initialized
2023-11-19 22:10:47,149 [ERROR] CADModel:125 - Updater not yet initialized, retry later 
2023-11-19 22:10:47,272 [INFO] CADModel:165 - CPN selected for project level
2023-11-19 22:10:47,272 [INFO] CADModel:114 - Register for checkConnection events
2023-11-19 22:10:47,272 [FATAL] Updater:308 - Updater called before beeing initialized
2023-11-19 22:10:47,272 [ERROR] CADModel:125 - Updater not yet initialized, retry later 
2023-11-19 22:10:47,276 [FATAL] Updater:308 - Updater called before beeing initialized
2023-11-19 22:10:47,377 [FATAL] Updater:308 - Updater called before beeing initialized
2023-11-19 22:10:47,383 [INFO] DbMcusAds:53 - JSON generation date=Tue Mar 07 15:50:55 ICT 2023 (1678179055335)
2023-11-19 22:10:47,384 [FATAL] Updater:308 - Updater called before beeing initialized
2023-11-19 22:10:47,456 [WARN] DetailPanel:346 - Failed to get advertising image, set to default
2023-11-19 22:10:47,551 [FATAL] Updater:308 - Updater called before beeing initialized
2023-11-19 22:10:47,553 [FATAL] Updater:308 - Updater called before beeing initialized
2023-11-19 22:10:47,553 [FATAL] Updater:308 - Updater called before beeing initialized
2023-11-19 22:10:47,553 [WARN] DetailPanel:346 - Failed to get advertising image, set to default
2023-11-19 22:10:47,554 [FATAL] Updater:308 - Updater called before beeing initialized
2023-11-19 22:10:47,606 [ERROR] Updater:1120 - MainUpdater not yet initialized. External WinMGr cannot be set.
2023-11-19 22:10:47,615 [INFO] Updater:1056 - Updater Version found : 6.9.2
2023-11-19 22:10:47,634 [INFO] ApplicationProperties:184 - Using Application install path: D:\DH\STM32\STM32CubeIDE_1.13.2\STM32CubeIDE\plugins\com.st.stm32cube.common.mx_6.9.2.202309101412
2023-11-19 22:10:47,834 [INFO] MainUpdater:2868 - connection check result : 10
2023-11-19 22:10:47,835 [INFO] MainUpdater:285 - Updater Check For Update Now.
2023-11-19 22:10:47,835 [INFO] MicroXplorer:498 - Change Database Version : DB.6.0.92
2023-11-19 22:10:47,853 [INFO] McuFinderGlobals:63 - Set McuFinder mode to 2 (CubeIDE integrated)
2023-11-19 22:10:47,853 [INFO] UserAuth:179 - activating auth plugin
2023-11-19 22:10:47,857 [INFO] UserAuth:393 - Internet connection configuration mode: 1
2023-11-19 22:10:47,888 [INFO] JxBrowserEngine:151 - Initiate JxBrowser Engine with user profile folder
2023-11-19 22:10:48,051 [INFO] CheckServerUpdateThread:120 - End of CheckServer Thread
2023-11-19 22:10:48,252 [WARN] PackLoader:240 - Cannot read IP mode file for STMicroelectronics.X-CUBE-SMBUS.2.1.0
2023-11-19 22:10:48,309 [WARN] PackLoader:240 - Cannot read IP mode file for STMicroelectronics.X-CUBE-AZRTOS-F7.1.1.0
2023-11-19 22:10:48,339 [WARN] PackLoader:240 - Cannot read IP mode file for STMicroelectronics.FP-SNS-MOTENV1.4.3.2
2023-11-19 22:10:48,360 [WARN] PackLoader:240 - Cannot read IP mode file for STMicroelectronics.FP-SNS-FLIGHT1.5.0.2
2023-11-19 22:10:48,386 [WARN] PackLoader:240 - Cannot read IP mode file for STMicroelectronics.X-CUBE-DISPLAY.3.0.0
2023-11-19 22:10:48,414 [WARN] PackLoader:240 - Cannot read IP mode file for STMicroelectronics.X-CUBE-BLE1.7.0.0
2023-11-19 22:10:48,432 [WARN] PackLoader:240 - Cannot read IP mode file for emotas.I-CUBE-CANOPEN.1.3.0
2023-11-19 22:10:48,447 [WARN] PackLoader:240 - Cannot read IP mode file for STMicroelectronics.X-CUBE-TOUCHGFX.4.22.0
2023-11-19 22:10:48,457 [WARN] PackLoader:240 - Cannot read IP mode file for STMicroelectronics.X-CUBE-TOUCHGFX.4.22.1
2023-11-19 22:10:48,469 [WARN] PackLoader:240 - Cannot read IP mode file for STMicroelectronics.FP-SNS-SMARTAG2.1.2.0
2023-11-19 22:10:48,489 [INFO] LogOutputStream:77 - [STDOUT_REDIRECT] 1 : Invalid condition id : UX_CORESTACK_Condition cause : null
2023-11-19 22:10:48,489 [INFO] LogOutputStream:77 - [STDOUT_REDIRECT] 1 : Invalid condition id : UX_CORESTACK_Condition cause : null
2023-11-19 22:10:48,490 [INFO] LogOutputStream:77 - [STDOUT_REDIRECT] 1 : Invalid condition id : UX_CORESTACK_Condition cause : null
2023-11-19 22:10:48,490 [INFO] LogOutputStream:77 - [STDOUT_REDIRECT] 1 : Invalid condition id : UX_CORESTACK_Condition cause : null
2023-11-19 22:10:48,491 [INFO] LogOutputStream:77 - [STDOUT_REDIRECT] 1 : Invalid condition id : UX_CORESTACK_Condition cause : null
2023-11-19 22:10:48,494 [WARN] PackLoader:240 - Cannot read IP mode file for STMicroelectronics.X-CUBE-AZRTOS-WL.2.0.0
2023-11-19 22:10:48,506 [WARN] PackLoader:240 - Cannot read IP mode file for WES.I-CUBE-Cesium.1.3.0
2023-11-19 22:10:48,516 [WARN] PackLoader:240 - Cannot read IP mode file for STMicroelectronics.X-CUBE-BLE2.3.3.0
2023-11-19 22:10:48,529 [WARN] PackLoader:240 - Cannot read IP mode file for STMicroelectronics.X-CUBE-ALGOBUILD.1.3.0
2023-11-19 22:10:48,552 [WARN] PackLoader:240 - Cannot read IP mode file for STMicroelectronics.X-CUBE-AZRTOS-G0.1.1.0
2023-11-19 22:10:48,569 [WARN] PackLoader:240 - Cannot read IP mode file for STMicroelectronics.X-CUBE-NFC4.3.0.0
2023-11-19 22:10:48,588 [WARN] PackLoader:240 - Cannot read IP mode file for STMicroelectronics.X-CUBE-BLEMGR.3.0.0
2023-11-19 22:10:48,602 [WARN] PackLoader:240 - Cannot read IP mode file for STMicroelectronics.FP-ATR-SIGFOX1.3.2.0
2023-11-19 22:10:48,645 [WARN] PackLoader:240 - Cannot read IP mode file for SEGGER.I-CUBE-embOS.1.3.1
2023-11-19 22:10:48,702 [WARN] PackLoader:240 - Cannot read IP mode file for STMicroelectronics.X-CUBE-GNSS1.6.0.0
2023-11-19 22:10:48,741 [WARN] PackLoader:240 - Cannot read IP mode file for STMicroelectronics.X-CUBE-AZRTOS-F4.1.1.0
2023-11-19 22:10:48,759 [WARN] PackLoader:240 - Cannot read IP mode file for wolfSSL.I-CUBE-wolfSSL.5.6.3
2023-11-19 22:10:48,795 [WARN] PackLoader:240 - Cannot read IP mode file for STMicroelectronics.X-CUBE-AZRTOS-L5.2.0.0
2023-11-19 22:10:48,853 [WARN] PackLoader:240 - Cannot read IP mode file for STMicroelectronics.X-CUBE-MEMS1.9.6.0
2023-11-19 22:10:49,085 [WARN] PackLoader:240 - Cannot read IP mode file for STMicroelectronics.X-CUBE-EEPRMA1.4.2.0
2023-11-19 22:10:49,109 [WARN] PackLoader:240 - Cannot read IP mode file for ITTIA_DB.I-CUBE-ITTIADB.8.8.0
2023-11-19 22:10:49,132 [WARN] PackLoader:240 - Cannot read IP mode file for STMicroelectronics.X-CUBE-BLEMGR.2.0.0
2023-11-19 22:10:49,174 [WARN] ConditionMgr:438 - getConditionDescription Invalid condition id : UX DEVICE CLASS RTOS Condition cause : null
2023-11-19 22:10:49,175 [WARN] ConditionMgr:438 - getConditionDescription Invalid condition id : UX DEVICE CLASS RTOS Condition cause : null
2023-11-19 22:10:49,178 [WARN] PackLoader:240 - Cannot read IP mode file for STMicroelectronics.X-CUBE-AZRTOS-H7.3.1.0
2023-11-19 22:10:49,179 [WARN] ConditionMgr:1039 - genDependencies : Invalid condition id : UX DEVICE CLASS RTOS Condition cause : null
2023-11-19 22:10:49,179 [WARN] ConditionMgr:1039 - genDependencies : Invalid condition id : UX DEVICE CLASS RTOS Condition cause : null
2023-11-19 22:10:49,180 [WARN] ConditionMgr:1039 - genDependencies : Invalid condition id : UX DEVICE CLASS RTOS Condition cause : null
2023-11-19 22:10:49,180 [WARN] ConditionMgr:1039 - genDependencies : Invalid condition id : UX DEVICE CLASS RTOS Condition cause : null
2023-11-19 22:10:49,180 [WARN] ConditionMgr:1039 - genDependencies : Invalid condition id : UX DEVICE CLASS RTOS Condition cause : null
2023-11-19 22:10:49,200 [WARN] PackLoader:240 - Cannot read IP mode file for STMicroelectronics.X-CUBE-NFC7.1.0.1
2023-11-19 22:10:49,220 [WARN] PackLoader:240 - Cannot read IP mode file for STMicroelectronics.X-CUBE-NFC6.3.0.0
2023-11-19 22:10:49,240 [WARN] PackLoader:240 - Cannot read IP mode file for STMicroelectronics.X-CUBE-EEPRMA1.4.1.0
2023-11-19 22:10:49,258 [WARN] PackLoader:240 - Cannot read IP mode file for STMicroelectronics.X-CUBE-AI.8.1.0
2023-11-19 22:10:49,314 [WARN] ConditionMgr:438 - getConditionDescription Invalid condition id : LAN8742 Phy interface Condition cause : null
2023-11-19 22:10:49,315 [WARN] PackLoader:240 - Cannot read IP mode file for STMicroelectronics.X-CUBE-AZRTOS-L4.2.0.0
2023-11-19 22:10:49,318 [WARN] ConditionMgr:1039 - genDependencies : Invalid condition id : LAN8742 Phy interface Condition cause : null
2023-11-19 22:10:49,318 [WARN] ConditionMgr:1039 - genDependencies : Invalid condition id : LAN8742 Phy interface Condition cause : null
2023-11-19 22:10:49,319 [WARN] ConditionMgr:1039 - genDependencies : Invalid condition id : LAN8742 Phy interface Condition cause : null
2023-11-19 22:10:49,339 [WARN] PackLoader:240 - Cannot read IP mode file for STMicroelectronics.X-CUBE-SFXS2LP1.4.0.0
2023-11-19 22:10:49,359 [WARN] PackLoader:240 - Cannot read IP mode file for STMicroelectronics.X-CUBE-ISPU.1.1.0
2023-11-19 22:10:49,403 [WARN] ConditionMgr:438 - getConditionDescription Invalid condition id : UX DEVICE CLASS RTOS Condition cause : null
2023-11-19 22:10:49,403 [WARN] ConditionMgr:438 - getConditionDescription Invalid condition id : UX DEVICE CLASS RTOS Condition cause : null
2023-11-19 22:10:49,407 [WARN] PackLoader:240 - Cannot read IP mode file for STMicroelectronics.X-CUBE-AZRTOS-WB.2.0.0
2023-11-19 22:10:49,409 [WARN] ConditionMgr:1039 - genDependencies : Invalid condition id : UX DEVICE CLASS RTOS Condition cause : null
2023-11-19 22:10:49,409 [WARN] ConditionMgr:1039 - genDependencies : Invalid condition id : UX DEVICE CLASS RTOS Condition cause : null
2023-11-19 22:10:49,409 [WARN] ConditionMgr:1039 - genDependencies : Invalid condition id : UX DEVICE CLASS RTOS Condition cause : null
2023-11-19 22:10:49,410 [WARN] ConditionMgr:1039 - genDependencies : Invalid condition id : UX DEVICE CLASS RTOS Condition cause : null
2023-11-19 22:10:49,410 [WARN] ConditionMgr:1039 - genDependencies : Invalid condition id : UX DEVICE CLASS RTOS Condition cause : null
2023-11-19 22:10:49,447 [WARN] PackLoader:240 - Cannot read IP mode file for STMicroelectronics.X-CUBE-SUBG2.5.0.0
2023-11-19 22:10:49,498 [WARN] PackLoader:240 - Cannot read IP mode file for STMicroelectronics.X-CUBE-TOF1.3.3.1
2023-11-19 22:10:49,549 [WARN] PackLoader:240 - Cannot read IP mode file for STMicroelectronics.X-CUBE-AZRTOS-G4.2.0.0
2023-11-19 22:10:49,594 [WARN] PackLoader:240 - Cannot read IP mode file for Infineon.AIROC-Wi-Fi-Bluetooth-STM32.1.5.1
2023-11-19 22:10:49,617 [WARN] PackLoader:240 - Cannot read IP mode file for STMicroelectronics.FP-SNS-MOTENVWB1.1.3.0
2023-11-19 22:10:49,683 [WARN] PackLoader:240 - Cannot read IP mode file for STMicroelectronics.X-CUBE-MEMS1.10.0.0
2023-11-19 22:10:49,846 [WARN] PackLoader:240 - Cannot read IP mode file for STMicroelectronics.X-CUBE-FREERTOS.1.1.0
2023-11-19 22:10:49,868 [WARN] PackLoader:240 - Cannot read IP mode file for portGmbH.I-Cube-SoM-uGOAL.1.1.0
2023-11-19 22:10:49,885 [WARN] PackLoader:240 - Cannot read IP mode file for STMicroelectronics.X-CUBE-ALS.1.0.1
2023-11-19 22:10:49,899 [WARN] PackLoader:240 - Cannot read IP mode file for STMicroelectronics.FP-ATR-ASTRA1.2.0.0
2023-11-19 22:10:49,900 [INFO] ThirdParty:978 - Integrity check success = true
2023-11-19 22:10:49,900 [INFO] IntegrityCheckThread:100 - exiting critical section [integrity check]
2023-11-19 22:10:49,900 [INFO] IntegrityCheckThread:103 - End integrity checks thread
2023-11-19 22:10:50,838 [INFO] WebApp:157 - Instantiating new browser for Auth
2023-11-19 22:10:51,774 [INFO] WebApp:753 - Register for checkConnection events
2023-11-19 22:10:51,775 [INFO] WebApp:390 - Apply proxy settings
2023-11-19 22:10:51,775 [INFO] WebApp:475 - Chromium requires no authentication
2023-11-19 22:10:51,787 [INFO] WebApp:418 - Direct internet connection detected
2023-11-19 22:10:52,122 [INFO] WebApp:188 - Starting web application
2023-11-19 22:10:52,122 [INFO] WebApp:520 - Web application path used D:\DH\STM32\STM32CubeIDE_1.13.2\STM32CubeIDE\plugins\com.st.stm32cube.common.mx_6.9.2.202309101412\db\plugins\mcufinder\reactClient1\index.html
2023-11-19 22:11:13,298 [ERROR] LogOutputStream:75 - [STDERR_REDIRECT] SLF4J: Failed to load class "org.slf4j.impl.StaticLoggerBinder".
2023-11-19 22:11:13,299 [ERROR] LogOutputStream:75 - [STDERR_REDIRECT] SLF4J: Defaulting to no-operation (NOP) logger implementation
2023-11-19 22:11:13,303 [ERROR] LogOutputStream:75 - [STDERR_REDIRECT] SLF4J: See http://www.slf4j.org/codes.html#StaticLoggerBinder for further details.
